2023-12-27 10:58:40,058 [INFO] Activator:176 - 


2023-12-27 10:58:40,063 [INFO] Activator:177 - !SESSION log4j initialized
2023-12-27 10:58:43,667 [INFO] LogOutputStream:77 - [STDOUT_REDIRECT] 
2023-12-27 10:58:44,916 [INFO] ApplicationProperties:184 - Using Application install path: C:\ST\STM32CubeIDE_1.13.2\STM32CubeIDE\plugins\com.st.stm32cube.common.mx_6.9.2.202309101412
2023-12-27 10:58:44,930 [INFO] DbMcusXml:78 - Set database path to: C:\ST\STM32CubeIDE_1.13.2\STM32CubeIDE\plugins\com.st.stm32cube.common.mx_6.9.2.202309101412\\db\/mcu/
2023-12-27 10:58:44,931 [INFO] ApiDb:274 - Set plugin database path to: C:\ST\STM32CubeIDE_1.13.2\STM32CubeIDE\plugins\com.st.stm32cube.common.mx_6.9.2.202309101412\\db\/plugins/boardmanager/
2023-12-27 10:58:44,931 [WARN] ApiDb:259 - Overriding images path with different value:  => C:\ST\STM32CubeIDE_1.13.2\STM32CubeIDE\plugins\com.st.stm32cube.common.mx_6.9.2.202309101412\\db\/plugins/mcufinder/images/
2023-12-27 10:58:44,939 [INFO] ApiDb:250 - Set database path to: C:\Users\user\.stmcufinder\plugins\mcufinder//mcu/
2023-12-27 10:58:44,940 [INFO] DbMcusAds:125 - Set database path to: C:\Users\user\.stmcufinder\plugins\mcufinder//mcu/
2023-12-27 10:58:44,941 [INFO] CrossReferenceDbSqlite:203 - Set database path to: C:\Users\user\.stmcufinder\plugins\mcufinder//mcu/cs/
2023-12-27 10:58:45,017 [INFO] RulesReader:64 - Compatibility file has been processed (293 Rules)
2023-12-27 10:58:45,073 [INFO] DbMcusXml:78 - Set database path to: C:\ST\STM32CubeIDE_1.13.2\STM32CubeIDE\plugins\com.st.stm32cube.common.mx_6.9.2.202309101412\\db\/mcu/
2023-12-27 10:58:45,073 [INFO] ApiDb:274 - Set plugin database path to: C:\ST\STM32CubeIDE_1.13.2\STM32CubeIDE\plugins\com.st.stm32cube.common.mx_6.9.2.202309101412\\db\/plugins/boardmanager/
2023-12-27 10:58:45,073 [INFO] ApiDb:261 - Set plugin images path to: C:\ST\STM32CubeIDE_1.13.2\STM32CubeIDE\plugins\com.st.stm32cube.common.mx_6.9.2.202309101412\\db\/plugins/mcufinder/images/
2023-12-27 10:58:45,073 [WARN] DbFile:41 - Overriding database path with different value: C:\Users\user\.stmcufinder\plugins\mcufinder/ => C:\Users\user\.stmcufinder\plugins\mcufinder
2023-12-27 10:58:45,073 [INFO] ApiDb:250 - Set database path to: C:\Users\user\.stmcufinder\plugins\mcufinder//mcu/
2023-12-27 10:58:45,073 [WARN] DbFile:41 - Overriding database path with different value: C:\Users\user\.stmcufinder\plugins\mcufinder/ => C:\Users\user\.stmcufinder\plugins\mcufinder
2023-12-27 10:58:45,073 [INFO] DbMcusAds:125 - Set database path to: C:\Users\user\.stmcufinder\plugins\mcufinder//mcu/
2023-12-27 10:58:45,073 [WARN] DbFile:41 - Overriding database path with different value: C:\Users\user\.stmcufinder\plugins\mcufinder/ => C:\Users\user\.stmcufinder\plugins\mcufinder
2023-12-27 10:58:45,074 [WARN] DbFile:41 - Overriding database path with different value: C:\Users\user\.stmcufinder\plugins\mcufinder/ => C:\Users\user\.stmcufinder\plugins\mcufinder
2023-12-27 10:58:45,074 [INFO] CrossReferenceDbSqlite:203 - Set database path to: C:\Users\user\.stmcufinder\plugins\mcufinder//mcu/cs/
2023-12-27 10:58:45,131 [INFO] MainPanel:262 - HeapMemory: 268435456
2023-12-27 10:58:45,194 [INFO] DbMcusXml:78 - Set database path to: C:\ST\STM32CubeIDE_1.13.2\STM32CubeIDE\plugins\com.st.stm32cube.common.mx_6.9.2.202309101412\\db\/mcu/
2023-12-27 10:58:45,195 [INFO] ApiDb:274 - Set plugin database path to: C:\ST\STM32CubeIDE_1.13.2\STM32CubeIDE\plugins\com.st.stm32cube.common.mx_6.9.2.202309101412\\db\/plugins/boardmanager/
2023-12-27 10:58:45,195 [INFO] ApiDb:261 - Set plugin images path to: C:\ST\STM32CubeIDE_1.13.2\STM32CubeIDE\plugins\com.st.stm32cube.common.mx_6.9.2.202309101412\\db\/plugins/mcufinder/images/
2023-12-27 10:58:45,195 [WARN] DbFile:41 - Overriding database path with different value: C:\Users\user\.stmcufinder\plugins\mcufinder/ => C:\Users\user\.stmcufinder\plugins\mcufinder
2023-12-27 10:58:45,195 [INFO] ApiDb:250 - Set database path to: C:\Users\user\.stmcufinder\plugins\mcufinder//mcu/
2023-12-27 10:58:45,195 [WARN] DbFile:41 - Overriding database path with different value: C:\Users\user\.stmcufinder\plugins\mcufinder/ => C:\Users\user\.stmcufinder\plugins\mcufinder
2023-12-27 10:58:45,195 [INFO] DbMcusAds:125 - Set database path to: C:\Users\user\.stmcufinder\plugins\mcufinder//mcu/
2023-12-27 10:58:45,195 [WARN] DbFile:41 - Overriding database path with different value: C:\Users\user\.stmcufinder\plugins\mcufinder/ => C:\Users\user\.stmcufinder\plugins\mcufinder
2023-12-27 10:58:45,196 [WARN] DbFile:41 - Overriding database path with different value: C:\Users\user\.stmcufinder\plugins\mcufinder/ => C:\Users\user\.stmcufinder\plugins\mcufinder
2023-12-27 10:58:45,196 [INFO] CrossReferenceDbSqlite:203 - Set database path to: C:\Users\user\.stmcufinder\plugins\mcufinder//mcu/cs/
2023-12-27 10:58:45,209 [INFO] ApplicationProperties:184 - Using Application install path: C:\ST\STM32CubeIDE_1.13.2\STM32CubeIDE\plugins\com.st.stm32cube.common.mx_6.9.2.202309101412
2023-12-27 10:58:45,210 [INFO] PluginManage:196 - Search for loadable plugins [exclusion list=, ]
2023-12-27 10:58:45,211 [INFO] PluginManage:310 - Check plugin analytics
2023-12-27 10:58:45,315 [INFO] AnalyticsPlugin:253 - Accepted Software Licenses: 
2023-12-27 10:58:45,315 [INFO] AnalyticsPlugin:255 - Accepted CMSIS Pack Licenses: 
2023-12-27 10:58:45,316 [INFO] AnalyticsPlugin:257 - Accepted Firmware Licenses: 
2023-12-27 10:58:45,318 [INFO] PluginManage:359 - Loaded plugin analytics (category:tool,tabindex:-1)
2023-12-27 10:58:45,318 [INFO] PluginManage:310 - Check plugin cadmodel
2023-12-27 10:58:45,338 [INFO] CADModel:105 - Init CAD model plugin
2023-12-27 10:58:45,338 [INFO] PluginManage:359 - Loaded plugin cadmodel (category:power,tabindex:5)
2023-12-27 10:58:45,338 [INFO] PluginManage:310 - Check plugin clock
2023-12-27 10:58:45,351 [INFO] PluginManage:359 - Loaded plugin clock (category:base,tabindex:2)
2023-12-27 10:58:45,351 [INFO] PluginManage:310 - Check plugin ddr
2023-12-27 10:58:45,352 [INFO] PluginManage:359 - Loaded plugin ddr (category:tool,tabindex:6)
2023-12-27 10:58:45,352 [INFO] PluginManage:310 - Check plugin filemanager
2023-12-27 10:58:45,449 [INFO] PluginManage:359 - Loaded plugin filemanager (category:base,tabindex:10)
2023-12-27 10:58:45,449 [INFO] PluginManage:310 - Check plugin ipmanager
2023-12-27 10:58:45,454 [INFO] PluginManage:359 - Loaded plugin ipmanager (category:base,tabindex:5)
2023-12-27 10:58:45,454 [INFO] PluginManage:310 - Check plugin lpbam
2023-12-27 10:58:45,465 [INFO] PluginManage:359 - Loaded plugin lpbam (category:base,tabindex:0)
2023-12-27 10:58:45,465 [INFO] PluginManage:310 - Check plugin memorymap
2023-12-27 10:58:45,481 [INFO] PluginManage:359 - Loaded plugin memorymap (category:base,tabindex:4)
2023-12-27 10:58:45,481 [INFO] PluginManage:310 - Check plugin pinoutandconfiguration
2023-12-27 10:58:45,493 [INFO] PluginManage:359 - Loaded plugin pinoutandconfiguration (category:base,tabindex:1)
2023-12-27 10:58:45,493 [INFO] PluginManage:310 - Check plugin pinoutconfig
2023-12-27 10:58:45,561 [WARN] SupportedApi:132 - Cannot load RTOS API schema: s4s-elt-must-match.1: The content of 'definitions' must match (annotation?, (simpleType | complexType)?, (unique | key | keyref)*)). A problem was found starting at: attribute.
2023-12-27 10:58:45,654 [INFO] PluginManage:359 - Loaded plugin pinoutconfig (category:base,tabindex:0)
2023-12-27 10:58:45,654 [INFO] PluginManage:310 - Check plugin power
2023-12-27 10:58:45,679 [INFO] PluginManage:359 - Loaded plugin power (category:power,tabindex:4)
2023-12-27 10:58:45,679 [INFO] PluginManage:310 - Check plugin projectmanager
2023-12-27 10:58:45,689 [INFO] PluginManage:359 - Loaded plugin projectmanager (category:projectmanager,tabindex:3)
2023-12-27 10:58:45,689 [INFO] PluginManage:310 - Check plugin thirdparty
2023-12-27 10:58:45,802 [INFO] PluginManage:359 - Loaded plugin thirdparty (category:base,tabindex:-1)
2023-12-27 10:58:45,802 [WARN] IntegrityCheckThread:84 - waiting for thirdparty lock release [integrity check]
2023-12-27 10:58:45,802 [INFO] PluginManage:310 - Check plugin tools
2023-12-27 10:58:45,802 [INFO] IntegrityCheckThread:86 - entering critical section [integrity check]
2023-12-27 10:58:45,803 [INFO] ThirdPartyUpdaterWithRetryManager:70 - Updater plugin not ready yet. [1/15]
2023-12-27 10:58:45,807 [INFO] PluginManage:359 - Loaded plugin tools (category:base,tabindex:7)
2023-12-27 10:58:45,807 [INFO] PluginManage:310 - Check plugin tutovideos
2023-12-27 10:58:45,943 [INFO] PluginManage:359 - Loaded plugin tutovideos (category:base,tabindex:-1)
2023-12-27 10:58:45,943 [INFO] PluginManage:310 - Check plugin updater
2023-12-27 10:58:45,952 [INFO] PluginManage:359 - Loaded plugin updater (category:base,tabindex:12)
2023-12-27 10:58:45,952 [INFO] PluginManage:310 - Check plugin userauth
2023-12-27 10:58:45,956 [INFO] UserAuth:113 - Init User Auth plugin
2023-12-27 10:58:45,956 [INFO] PluginManage:359 - Loaded plugin userauth (category:base,tabindex:14)
2023-12-27 10:58:45,956 [INFO] PluginManage:283 - PluginManage : Loaded plugins [17]
2023-12-27 10:58:46,087 [INFO] PinOutPanel:1499 - setPackage(No Configuration,No Configuration)
2023-12-27 10:58:46,169 [INFO] CADModel:165 - CPN selected for project level
2023-12-27 10:58:46,169 [INFO] CADModel:114 - Register for checkConnection events
2023-12-27 10:58:46,187 [INFO] IPUIPlugin:80 - create IPUIPlugin
2023-12-27 10:58:46,187 [INFO] PluginManager:220 - loadIPPluginJar : add adc
2023-12-27 10:58:46,195 [INFO] IPUIPlugin:80 - create IPUIPlugin
2023-12-27 10:58:46,195 [INFO] PluginManager:220 - loadIPPluginJar : add aes
2023-12-27 10:58:46,201 [INFO] IPUIPlugin:80 - create IPUIPlugin
2023-12-27 10:58:46,201 [INFO] PluginManager:220 - loadIPPluginJar : add can
2023-12-27 10:58:46,204 [INFO] IPUIPlugin:80 - create IPUIPlugin
2023-12-27 10:58:46,205 [INFO] PluginManager:220 - loadIPPluginJar : add comp
2023-12-27 10:58:46,210 [INFO] IPUIPlugin:80 - create IPUIPlugin
2023-12-27 10:58:46,210 [INFO] PluginManager:220 - loadIPPluginJar : add cryp
2023-12-27 10:58:46,215 [INFO] IPUIPlugin:80 - create IPUIPlugin
2023-12-27 10:58:46,216 [INFO] PluginManager:220 - loadIPPluginJar : add dfsdm
2023-12-27 10:58:46,224 [INFO] IPUIPlugin:80 - create IPUIPlugin
2023-12-27 10:58:46,224 [INFO] PluginManager:220 - loadIPPluginJar : add dma
2023-12-27 10:58:46,230 [INFO] IPUIPlugin:80 - create IPUIPlugin
2023-12-27 10:58:46,230 [INFO] PluginManager:220 - loadIPPluginJar : add dma3
2023-12-27 10:58:46,233 [INFO] IPUIPlugin:80 - create IPUIPlugin
2023-12-27 10:58:46,233 [INFO] PluginManager:220 - loadIPPluginJar : add fatfs
2023-12-27 10:58:46,241 [INFO] IPUIPlugin:80 - create IPUIPlugin
2023-12-27 10:58:46,241 [INFO] PluginManager:220 - loadIPPluginJar : add fmc
2023-12-27 10:58:46,254 [INFO] IPUIPlugin:80 - create IPUIPlugin
2023-12-27 10:58:46,254 [INFO] PluginManager:220 - loadIPPluginJar : add freertos
2023-12-27 10:58:46,257 [INFO] IPUIPlugin:80 - create IPUIPlugin
2023-12-27 10:58:46,257 [INFO] PluginManager:220 - loadIPPluginJar : add genericplugin
2023-12-27 10:58:46,261 [INFO] IPUIPlugin:80 - create IPUIPlugin
2023-12-27 10:58:46,261 [INFO] PluginManager:220 - loadIPPluginJar : add gfxmmu
2023-12-27 10:58:46,268 [INFO] IPUIPlugin:80 - create IPUIPlugin
2023-12-27 10:58:46,268 [INFO] PluginManager:220 - loadIPPluginJar : add gic
2023-12-27 10:58:46,275 [INFO] IPUIPlugin:80 - create IPUIPlugin
2023-12-27 10:58:46,275 [INFO] PluginManager:220 - loadIPPluginJar : add gpio
2023-12-27 10:58:46,280 [INFO] IPUIPlugin:80 - create IPUIPlugin
2023-12-27 10:58:46,280 [INFO] PluginManager:220 - loadIPPluginJar : add gtzc
2023-12-27 10:58:46,283 [INFO] IPUIPlugin:80 - create IPUIPlugin
2023-12-27 10:58:46,284 [INFO] PluginManager:220 - loadIPPluginJar : add hash
2023-12-27 10:58:46,288 [INFO] IPUIPlugin:80 - create IPUIPlugin
2023-12-27 10:58:46,288 [INFO] PluginManager:220 - loadIPPluginJar : add i2c
2023-12-27 10:58:46,293 [INFO] IPUIPlugin:80 - create IPUIPlugin
2023-12-27 10:58:46,293 [INFO] PluginManager:220 - loadIPPluginJar : add i2s
2023-12-27 10:58:46,298 [INFO] IPUIPlugin:80 - create IPUIPlugin
2023-12-27 10:58:46,298 [INFO] PluginManager:220 - loadIPPluginJar : add i3c
2023-12-27 10:58:46,305 [INFO] IPUIPlugin:80 - create IPUIPlugin
2023-12-27 10:58:46,305 [INFO] PluginManager:220 - loadIPPluginJar : add ipddr
2023-12-27 10:58:46,313 [INFO] IPUIPlugin:80 - create IPUIPlugin
2023-12-27 10:58:46,313 [INFO] PluginManager:220 - loadIPPluginJar : add linkedlist
2023-12-27 10:58:46,316 [INFO] IPUIPlugin:80 - create IPUIPlugin
2023-12-27 10:58:46,316 [INFO] PluginManager:220 - loadIPPluginJar : add lorawan
2023-12-27 10:58:46,320 [INFO] IPUIPlugin:80 - create IPUIPlugin
2023-12-27 10:58:46,320 [INFO] PluginManager:220 - loadIPPluginJar : add ltdc
2023-12-27 10:58:46,325 [INFO] IPUIPlugin:80 - create IPUIPlugin
2023-12-27 10:58:46,325 [INFO] PluginManager:220 - loadIPPluginJar : add mdma
2023-12-27 10:58:46,329 [INFO] IPUIPlugin:80 - create IPUIPlugin
2023-12-27 10:58:46,330 [INFO] PluginManager:220 - loadIPPluginJar : add nvic
2023-12-27 10:58:46,334 [INFO] IPUIPlugin:80 - create IPUIPlugin
2023-12-27 10:58:46,334 [INFO] PluginManager:220 - loadIPPluginJar : add opamp
2023-12-27 10:58:46,339 [INFO] IPUIPlugin:80 - create IPUIPlugin
2023-12-27 10:58:46,339 [INFO] PluginManager:220 - loadIPPluginJar : add openamp
2023-12-27 10:58:46,345 [INFO] IPUIPlugin:80 - create IPUIPlugin
2023-12-27 10:58:46,345 [INFO] PluginManager:220 - loadIPPluginJar : add pdm2pcm
2023-12-27 10:58:46,352 [INFO] IPUIPlugin:80 - create IPUIPlugin
2023-12-27 10:58:46,354 [INFO] PluginManager:220 - loadIPPluginJar : add plateformsettings
2023-12-27 10:58:46,356 [INFO] IPUIPlugin:80 - create IPUIPlugin
2023-12-27 10:58:46,356 [INFO] PluginManager:220 - loadIPPluginJar : add quadspi
2023-12-27 10:58:46,366 [INFO] IPUIPlugin:80 - create IPUIPlugin
2023-12-27 10:58:46,367 [INFO] PluginManager:220 - loadIPPluginJar : add resmgrutility
2023-12-27 10:58:46,372 [INFO] IPUIPlugin:80 - create IPUIPlugin
2023-12-27 10:58:46,373 [INFO] PluginManager:220 - loadIPPluginJar : add sai
2023-12-27 10:58:46,378 [INFO] IPUIPlugin:80 - create IPUIPlugin
2023-12-27 10:58:46,378 [INFO] PluginManager:220 - loadIPPluginJar : add spi
2023-12-27 10:58:46,387 [INFO] IPUIPlugin:80 - create IPUIPlugin
2023-12-27 10:58:46,387 [INFO] PluginManager:220 - loadIPPluginJar : add stm32_wpan
2023-12-27 10:58:46,390 [INFO] IPUIPlugin:80 - create IPUIPlugin
2023-12-27 10:58:46,390 [INFO] PluginManager:220 - loadIPPluginJar : add tim
2023-12-27 10:58:46,398 [INFO] IPUIPlugin:80 - create IPUIPlugin
2023-12-27 10:58:46,398 [INFO] PluginManager:220 - loadIPPluginJar : add touchsensing
2023-12-27 10:58:46,402 [INFO] IPUIPlugin:80 - create IPUIPlugin
2023-12-27 10:58:46,403 [INFO] PluginManager:220 - loadIPPluginJar : add tracer_emb
2023-12-27 10:58:46,405 [INFO] IPUIPlugin:80 - create IPUIPlugin
2023-12-27 10:58:46,405 [INFO] PluginManager:220 - loadIPPluginJar : add ts
2023-12-27 10:58:46,408 [INFO] IPUIPlugin:80 - create IPUIPlugin
2023-12-27 10:58:46,408 [INFO] PluginManager:220 - loadIPPluginJar : add tsc
2023-12-27 10:58:46,412 [INFO] IPUIPlugin:80 - create IPUIPlugin
2023-12-27 10:58:46,412 [INFO] PluginManager:220 - loadIPPluginJar : add ucpd
2023-12-27 10:58:46,418 [INFO] IPUIPlugin:80 - create IPUIPlugin
2023-12-27 10:58:46,418 [INFO] PluginManager:220 - loadIPPluginJar : add usart
2023-12-27 10:58:46,424 [INFO] IPUIPlugin:80 - create IPUIPlugin
2023-12-27 10:58:46,424 [INFO] PluginManager:220 - loadIPPluginJar : add usbx
2023-12-27 10:58:46,527 [INFO] CADModel:165 - CPN selected for project level
2023-12-27 10:58:46,527 [INFO] CADModel:114 - Register for checkConnection events
2023-12-27 10:58:46,527 [FATAL] Updater:308 - Updater called before beeing initialized
2023-12-27 10:58:46,528 [ERROR] CADModel:125 - Updater not yet initialized, retry later 
2023-12-27 10:58:46,631 [INFO] CADModel:165 - CPN selected for project level
2023-12-27 10:58:46,631 [INFO] CADModel:114 - Register for checkConnection events
2023-12-27 10:58:46,631 [FATAL] Updater:308 - Updater called before beeing initialized
2023-12-27 10:58:46,631 [ERROR] CADModel:125 - Updater not yet initialized, retry later 
2023-12-27 10:58:46,635 [FATAL] Updater:308 - Updater called before beeing initialized
2023-12-27 10:58:46,707 [FATAL] Updater:308 - Updater called before beeing initialized
2023-12-27 10:58:46,712 [INFO] DbMcusAds:53 - JSON generation date=Tue Mar 07 17:50:55 KST 2023 (1678179055335)
2023-12-27 10:58:46,712 [FATAL] Updater:308 - Updater called before beeing initialized
2023-12-27 10:58:46,738 [WARN] DetailPanel:346 - Failed to get advertising image, set to default
2023-12-27 10:58:46,808 [FATAL] Updater:308 - Updater called before beeing initialized
2023-12-27 10:58:46,810 [FATAL] Updater:308 - Updater called before beeing initialized
2023-12-27 10:58:46,810 [FATAL] Updater:308 - Updater called before beeing initialized
2023-12-27 10:58:46,810 [WARN] DetailPanel:346 - Failed to get advertising image, set to default
2023-12-27 10:58:46,811 [FATAL] Updater:308 - Updater called before beeing initialized
2023-12-27 10:58:46,840 [ERROR] Updater:1120 - MainUpdater not yet initialized. External WinMGr cannot be set.
2023-12-27 10:58:46,843 [INFO] Updater:1056 - Updater Version found : 6.9.2
2023-12-27 10:58:46,857 [INFO] ApplicationProperties:184 - Using Application install path: C:\ST\STM32CubeIDE_1.13.2\STM32CubeIDE\plugins\com.st.stm32cube.common.mx_6.9.2.202309101412
2023-12-27 10:58:47,053 [INFO] MainUpdater:2868 - connection check result : 10
2023-12-27 10:58:47,053 [INFO] MainUpdater:3562 - Updater definition file requires update
2023-12-27 10:58:47,054 [INFO] MainUpdater:285 - Updater Check For Update Now.
2023-12-27 10:58:47,054 [INFO] MicroXplorer:498 - Change Database Version : DB.6.0.92
2023-12-27 10:58:47,059 [INFO] McuFinderGlobals:63 - Set McuFinder mode to 2 (CubeIDE integrated)
2023-12-27 10:58:47,176 [INFO] ServerAccessManage:473 - Download File updaters.zip
2023-12-27 10:58:47,457 [INFO] FileExtend:240 - Unzip File : updaters.zip
2023-12-27 10:58:47,457 [INFO] FileExtend:255 - Standard Zip Deflate
2023-12-27 10:58:47,948 [INFO] ServerAccessManage:473 - Download File PacksControlFlags.xml
2023-12-27 10:58:48,107 [INFO] ServerAccessManage:473 - Download File cubemx.pidx
2023-12-27 10:58:48,601 [INFO] ServerAccessManage:473 - Download File STMicroelectronics.FP-SNS-MOTENVWB1.pdsc
2023-12-27 10:58:48,805 [WARN] MainUpdater:1189 - Updater busy. Cannot search thirdparties
2023-12-27 10:58:48,805 [INFO] ThirdPartyUpdaterWithRetryManager:96 - Updater plugin is busy. [1/15]
2023-12-27 10:58:49,430 [INFO] ServerAccessManage:473 - Download File STMicroelectronics.X-CUBE-ISPU.pdsc
2023-12-27 10:58:50,518 [INFO] ServerAccessManage:473 - Download File STMicroelectronics.X-CUBE-TOF1.pdsc
2023-12-27 10:58:50,972 [INFO] McuFinderGlobals:63 - Set McuFinder mode to 2 (CubeIDE integrated)
2023-12-27 10:58:51,806 [WARN] MainUpdater:1189 - Updater busy. Cannot search thirdparties
2023-12-27 10:58:51,806 [INFO] ThirdPartyUpdaterWithRetryManager:96 - Updater plugin is busy. [2/15]
2023-12-27 10:58:52,697 [ERROR] ServerAccessManage:1089 - Problem, file not found on Server
2023-12-27 10:58:53,167 [INFO] ServerAccessManage:473 - Download File STMicroelectronics.X-CUBE-TOUCHGFX.pdsc
2023-12-27 10:58:54,809 [WARN] MainUpdater:1189 - Updater busy. Cannot search thirdparties
2023-12-27 10:58:54,809 [INFO] ThirdPartyUpdaterWithRetryManager:96 - Updater plugin is busy. [3/15]
2023-12-27 10:58:57,754 [INFO] ServerAccessManage:473 - Download File STMicroelectronics.X-CUBE-AZRTOS-H7.pdsc
2023-12-27 10:58:57,811 [WARN] MainUpdater:1189 - Updater busy. Cannot search thirdparties
2023-12-27 10:58:57,811 [INFO] ThirdPartyUpdaterWithRetryManager:96 - Updater plugin is busy. [4/15]
2023-12-27 10:59:00,524 [ERROR] ServerAccessManage:1096 - Problem, Http access forbiden
2023-12-27 10:59:00,525 [ERROR] ServerAccessManage:651 - Problem, Http access forbiden : RoweBots.I-CUBE-UNISONRTOS.pdsc.
2023-12-27 10:59:00,813 [WARN] MainUpdater:1189 - Updater busy. Cannot search thirdparties
2023-12-27 10:59:00,813 [INFO] ThirdPartyUpdaterWithRetryManager:96 - Updater plugin is busy. [5/15]
2023-12-27 10:59:01,601 [INFO] ServerAccessManage:473 - Download File SEGGER.I-CUBE-embOS.pdsc
2023-12-27 10:59:03,452 [WARN] PackLoader:240 - Cannot read IP mode file for STMicroelectronics.FP-SNS-MOTENVWB1.1.3.1
2023-12-27 10:59:03,459 [WARN] PackLoader:240 - Cannot read IP mode file for STMicroelectronics.X-CUBE-ISPU.2.0.0
2023-12-27 10:59:03,471 [WARN] PackLoader:240 - Cannot read IP mode file for STMicroelectronics.X-CUBE-TOF1.3.4.0
2023-12-27 10:59:03,483 [WARN] PackLoader:240 - Cannot read IP mode file for STMicroelectronics.X-CUBE-TOUCHGFX.4.23.0
2023-12-27 10:59:03,496 [WARN] PackLoader:240 - Cannot read IP mode file for STMicroelectronics.X-CUBE-AZRTOS-H7.3.2.0
2023-12-27 10:59:03,521 [WARN] PackLoader:240 - Cannot read IP mode file for SEGGER.I-CUBE-embOS.1.3.1
2023-12-27 10:59:03,544 [INFO] PopulateThirdPartyThread:66 - Ending populate Thread
2023-12-27 10:59:03,546 [INFO] ThirdParty:1030 - CMSIS Pack Vendor :SEGGER I-CUBE-embOS 1.3.1
2023-12-27 10:59:03,546 [INFO] ThirdParty:1030 - CMSIS Pack Vendor :STMicroelectronics FP-SNS-MOTENVWB1 1.3.1
2023-12-27 10:59:03,546 [INFO] ThirdParty:1030 - CMSIS Pack Vendor :STMicroelectronics X-CUBE-TOUCHGFX 4.23.0
2023-12-27 10:59:03,546 [INFO] ThirdParty:1030 - CMSIS Pack Vendor :STMicroelectronics X-CUBE-TOF1 3.4.0
2023-12-27 10:59:03,546 [INFO] ThirdParty:1030 - CMSIS Pack Vendor :STMicroelectronics X-CUBE-AZRTOS-H7 3.2.0
2023-12-27 10:59:03,546 [INFO] ThirdParty:1030 - CMSIS Pack Vendor :STMicroelectronics X-CUBE-ISPU 2.0.0
2023-12-27 10:59:03,546 [INFO] LoadServerUpdatesThread:373 - End of LoadServerUpdate Thread
2023-12-27 10:59:03,570 [INFO] CheckServerUpdateThread:120 - End of CheckServer Thread
2023-12-27 10:59:03,614 [INFO] MainUpdater:2868 - connection check result : 10
2023-12-27 10:59:03,615 [INFO] MainUpdater:2868 - connection check result : 10
2023-12-27 10:59:03,656 [INFO] MicroXplorer:468 - Change Database Path : 
2023-12-27 10:59:03,656 [INFO] MicroXplorer:498 - Change Database Version : DB.6.0.92
2023-12-27 10:59:03,661 [WARN] ThirdParty:871 - waiting for thirdparty lock release [close project]
2023-12-27 10:59:03,896 [WARN] PackLoader:240 - Cannot read IP mode file for STMicroelectronics.X-CUBE-SMBUS.2.1.0
2023-12-27 10:59:03,898 [WARN] PackLoader:240 - Cannot read IP mode file for STMicroelectronics.X-CUBE-TOUCHGFX.4.23.0
2023-12-27 10:59:03,912 [WARN] PackLoader:240 - Cannot read IP mode file for STMicroelectronics.X-CUBE-AZRTOS-F7.1.1.0
2023-12-27 10:59:03,918 [WARN] PackLoader:240 - Cannot read IP mode file for STMicroelectronics.FP-SNS-MOTENV1.4.3.2
2023-12-27 10:59:03,924 [WARN] PackLoader:240 - Cannot read IP mode file for STMicroelectronics.FP-SNS-FLIGHT1.5.0.2
2023-12-27 10:59:03,930 [WARN] PackLoader:240 - Cannot read IP mode file for STMicroelectronics.X-CUBE-DISPLAY.3.0.0
2023-12-27 10:59:03,944 [WARN] PackLoader:240 - Cannot read IP mode file for STMicroelectronics.X-CUBE-BLE1.7.0.0
2023-12-27 10:59:03,948 [WARN] PackLoader:240 - Cannot read IP mode file for emotas.I-CUBE-CANOPEN.1.3.0
2023-12-27 10:59:03,952 [WARN] PackLoader:240 - Cannot read IP mode file for STMicroelectronics.X-CUBE-TOUCHGFX.4.22.1
2023-12-27 10:59:03,956 [WARN] PackLoader:240 - Cannot read IP mode file for STMicroelectronics.FP-SNS-SMARTAG2.1.2.0
2023-12-27 10:59:03,965 [INFO] LogOutputStream:77 - [STDOUT_REDIRECT] 1 : Invalid condition id : UX_CORESTACK_Condition cause : null
2023-12-27 10:59:03,966 [INFO] LogOutputStream:77 - [STDOUT_REDIRECT] 1 : Invalid condition id : UX_CORESTACK_Condition cause : null
2023-12-27 10:59:03,966 [INFO] LogOutputStream:77 - [STDOUT_REDIRECT] 1 : Invalid condition id : UX_CORESTACK_Condition cause : null
2023-12-27 10:59:03,968 [INFO] LogOutputStream:77 - [STDOUT_REDIRECT] 1 : Invalid condition id : UX_CORESTACK_Condition cause : null
2023-12-27 10:59:03,968 [INFO] LogOutputStream:77 - [STDOUT_REDIRECT] 1 : Invalid condition id : UX_CORESTACK_Condition cause : null
2023-12-27 10:59:03,972 [WARN] PackLoader:240 - Cannot read IP mode file for STMicroelectronics.X-CUBE-AZRTOS-WL.2.0.0
2023-12-27 10:59:03,978 [WARN] PackLoader:240 - Cannot read IP mode file for WES.I-CUBE-Cesium.1.3.0
2023-12-27 10:59:03,986 [WARN] PackLoader:240 - Cannot read IP mode file for STMicroelectronics.X-CUBE-BLE2.3.3.0
2023-12-27 10:59:03,995 [WARN] PackLoader:240 - Cannot read IP mode file for STMicroelectronics.X-CUBE-ALGOBUILD.1.3.0
2023-12-27 10:59:04,005 [WARN] PackLoader:240 - Cannot read IP mode file for STMicroelectronics.X-CUBE-AZRTOS-G0.1.1.0
2023-12-27 10:59:04,013 [WARN] PackLoader:240 - Cannot read IP mode file for STMicroelectronics.X-CUBE-NFC4.3.0.0
2023-12-27 10:59:04,020 [WARN] PackLoader:240 - Cannot read IP mode file for STMicroelectronics.X-CUBE-BLEMGR.3.0.0
2023-12-27 10:59:04,026 [WARN] PackLoader:240 - Cannot read IP mode file for STMicroelectronics.FP-ATR-SIGFOX1.3.2.0
2023-12-27 10:59:04,041 [WARN] PackLoader:240 - Cannot read IP mode file for SEGGER.I-CUBE-embOS.1.3.1
2023-12-27 10:59:04,075 [WARN] PackLoader:240 - Cannot read IP mode file for STMicroelectronics.X-CUBE-GNSS1.6.0.0
2023-12-27 10:59:04,088 [WARN] PackLoader:240 - Cannot read IP mode file for STMicroelectronics.X-CUBE-AZRTOS-F4.1.1.0
2023-12-27 10:59:04,093 [WARN] PackLoader:240 - Cannot read IP mode file for wolfSSL.I-CUBE-wolfSSL.5.6.4
2023-12-27 10:59:04,105 [WARN] PackLoader:240 - Cannot read IP mode file for STMicroelectronics.X-CUBE-AZRTOS-L5.2.0.0
2023-12-27 10:59:04,113 [WARN] PackLoader:240 - Cannot read IP mode file for STMicroelectronics.X-CUBE-EEPRMA1.4.2.0
2023-12-27 10:59:04,117 [WARN] PackLoader:240 - Cannot read IP mode file for ITTIA_DB.I-CUBE-ITTIADB.8.8.0
2023-12-27 10:59:04,133 [WARN] ConditionMgr:438 - getConditionDescription Invalid condition id : UX DEVICE CLASS RTOS Condition cause : null
2023-12-27 10:59:04,133 [WARN] ConditionMgr:438 - getConditionDescription Invalid condition id : UX DEVICE CLASS RTOS Condition cause : null
2023-12-27 10:59:04,135 [WARN] PackLoader:240 - Cannot read IP mode file for STMicroelectronics.X-CUBE-AZRTOS-H7.3.1.0
2023-12-27 10:59:04,136 [WARN] ConditionMgr:1039 - genDependencies : Invalid condition id : UX DEVICE CLASS RTOS Condition cause : null
2023-12-27 10:59:04,136 [WARN] ConditionMgr:1039 - genDependencies : Invalid condition id : UX DEVICE CLASS RTOS Condition cause : null
2023-12-27 10:59:04,136 [WARN] ConditionMgr:1039 - genDependencies : Invalid condition id : UX DEVICE CLASS RTOS Condition cause : null
2023-12-27 10:59:04,136 [WARN] ConditionMgr:1039 - genDependencies : Invalid condition id : UX DEVICE CLASS RTOS Condition cause : null
2023-12-27 10:59:04,136 [WARN] ConditionMgr:1039 - genDependencies : Invalid condition id : UX DEVICE CLASS RTOS Condition cause : null
2023-12-27 10:59:04,143 [WARN] PackLoader:240 - Cannot read IP mode file for STMicroelectronics.X-CUBE-NFC7.1.0.1
2023-12-27 10:59:04,154 [WARN] PackLoader:240 - Cannot read IP mode file for STMicroelectronics.X-CUBE-NFC6.3.0.0
2023-12-27 10:59:04,160 [WARN] PackLoader:240 - Cannot read IP mode file for STMicroelectronics.X-CUBE-AI.8.1.0
2023-12-27 10:59:04,177 [WARN] ConditionMgr:438 - getConditionDescription Invalid condition id : LAN8742 Phy interface Condition cause : null
2023-12-27 10:59:04,177 [WARN] PackLoader:240 - Cannot read IP mode file for STMicroelectronics.X-CUBE-AZRTOS-L4.2.0.0
2023-12-27 10:59:04,178 [WARN] ConditionMgr:1039 - genDependencies : Invalid condition id : LAN8742 Phy interface Condition cause : null
2023-12-27 10:59:04,178 [WARN] ConditionMgr:1039 - genDependencies : Invalid condition id : LAN8742 Phy interface Condition cause : null
2023-12-27 10:59:04,179 [WARN] ConditionMgr:1039 - genDependencies : Invalid condition id : LAN8742 Phy interface Condition cause : null
2023-12-27 10:59:04,187 [WARN] PackLoader:240 - Cannot read IP mode file for STMicroelectronics.X-CUBE-SFXS2LP1.4.0.0
2023-12-27 10:59:04,193 [WARN] PackLoader:240 - Cannot read IP mode file for STMicroelectronics.X-CUBE-ISPU.1.1.0
2023-12-27 10:59:04,204 [WARN] ConditionMgr:438 - getConditionDescription Invalid condition id : UX DEVICE CLASS RTOS Condition cause : null
2023-12-27 10:59:04,204 [WARN] ConditionMgr:438 - getConditionDescription Invalid condition id : UX DEVICE CLASS RTOS Condition cause : null
2023-12-27 10:59:04,205 [WARN] PackLoader:240 - Cannot read IP mode file for STMicroelectronics.X-CUBE-AZRTOS-WB.2.0.0
2023-12-27 10:59:04,206 [WARN] ConditionMgr:1039 - genDependencies : Invalid condition id : UX DEVICE CLASS RTOS Condition cause : null
2023-12-27 10:59:04,206 [WARN] ConditionMgr:1039 - genDependencies : Invalid condition id : UX DEVICE CLASS RTOS Condition cause : null
2023-12-27 10:59:04,206 [WARN] ConditionMgr:1039 - genDependencies : Invalid condition id : UX DEVICE CLASS RTOS Condition cause : null
2023-12-27 10:59:04,206 [WARN] ConditionMgr:1039 - genDependencies : Invalid condition id : UX DEVICE CLASS RTOS Condition cause : null
2023-12-27 10:59:04,206 [WARN] ConditionMgr:1039 - genDependencies : Invalid condition id : UX DEVICE CLASS RTOS Condition cause : null
2023-12-27 10:59:04,214 [WARN] PackLoader:240 - Cannot read IP mode file for STMicroelectronics.X-CUBE-SUBG2.5.0.0
2023-12-27 10:59:04,224 [WARN] PackLoader:240 - Cannot read IP mode file for STMicroelectronics.X-CUBE-TOF1.3.3.1
2023-12-27 10:59:04,239 [WARN] PackLoader:240 - Cannot read IP mode file for STMicroelectronics.X-CUBE-AZRTOS-G4.2.0.0
2023-12-27 10:59:04,248 [WARN] PackLoader:240 - Cannot read IP mode file for Infineon.AIROC-Wi-Fi-Bluetooth-STM32.1.5.1
2023-12-27 10:59:04,254 [WARN] PackLoader:240 - Cannot read IP mode file for STMicroelectronics.FP-SNS-MOTENVWB1.1.3.0
2023-12-27 10:59:04,256 [WARN] PackLoader:240 - Cannot read IP mode file for STMicroelectronics.FP-SNS-MOTENVWB1.1.3.1
2023-12-27 10:59:04,258 [WARN] PackLoader:240 - Cannot read IP mode file for STMicroelectronics.X-CUBE-ISPU.2.0.0
2023-12-27 10:59:04,322 [WARN] PackLoader:240 - Cannot read IP mode file for STMicroelectronics.X-CUBE-MEMS1.10.0.0
2023-12-27 10:59:04,394 [WARN] PackLoader:240 - Cannot read IP mode file for STMicroelectronics.X-CUBE-FREERTOS.1.1.0
2023-12-27 10:59:04,399 [WARN] PackLoader:240 - Cannot read IP mode file for portGmbH.I-Cube-SoM-uGOAL.1.1.0
2023-12-27 10:59:04,403 [WARN] PackLoader:240 - Cannot read IP mode file for STMicroelectronics.X-CUBE-ALS.1.0.1
2023-12-27 10:59:04,406 [WARN] PackLoader:240 - Cannot read IP mode file for STMicroelectronics.FP-ATR-ASTRA1.2.0.0
2023-12-27 10:59:04,411 [WARN] PackLoader:240 - Cannot read IP mode file for STMicroelectronics.X-CUBE-TOF1.3.4.0
2023-12-27 10:59:04,426 [WARN] PackLoader:240 - Cannot read IP mode file for STMicroelectronics.X-CUBE-AZRTOS-H7.3.2.0
2023-12-27 10:59:04,427 [INFO] ThirdParty:978 - Integrity check success = true
2023-12-27 10:59:04,427 [INFO] IntegrityCheckThread:100 - exiting critical section [integrity check]
2023-12-27 10:59:04,427 [INFO] IntegrityCheckThread:103 - End integrity checks thread
2023-12-27 10:59:04,427 [INFO] ThirdParty:873 - entering critical section [close project]
2023-12-27 10:59:04,427 [INFO] ThirdParty:883 - exiting critical section [close project]
2023-12-27 10:59:04,429 [INFO] PinOutPanel:1499 - setPackage(No Configuration,No Configuration)
2023-12-27 10:59:04,434 [INFO] UtilMem:75 - Begin LoadConfig() Used Memory: 474900432 Bytes (610271232)
2023-12-27 10:59:04,435 [INFO] MicroXplorer:468 - Change Database Path : 
2023-12-27 10:59:04,435 [INFO] MicroXplorer:498 - Change Database Version : DB.6.0.92
2023-12-27 10:59:04,435 [INFO] OpenFileManager:308 - Change cursor
2023-12-27 10:59:04,455 [INFO] Mcu:1946 - Initializing MCU STM32F103C(8-B)Tx STM32F103C8Tx STM32F103C8T6
2023-12-27 10:59:04,994 [INFO] Context:659 - Trying to add GPIOservice into a context  which must be forbidden
2023-12-27 10:59:05,152 [INFO] RtosManager:555 - Registered RTOS mode: class=CMSIS, group=RTOS, mode=CMSIS_V1, owner=FREERTOS
2023-12-27 10:59:05,153 [INFO] RtosManager:555 - Registered RTOS mode: class=CMSIS, group=RTOS2, mode=CMSIS_V2, owner=FREERTOS
2023-12-27 10:59:05,153 [INFO] RtosManager:555 - Registered RTOS mode: class=RTOS, group=Core, mode=CMSIS_V1, owner=FREERTOS
2023-12-27 10:59:05,153 [INFO] RtosManager:555 - Registered RTOS mode: class=RTOS, group=Core, mode=CMSIS_V2, owner=FREERTOS
2023-12-27 10:59:05,153 [WARN] ModelIntegratedComponent:184 - Missing modes for component STMicroelectronics:FreeRTOS:0.0.1:STMicroelectronics:RTOS:FreeRTOS:Core:::10.2.0:
2023-12-27 10:59:05,166 [WARN] ModelIntegratedComponent:63 - No mode defined for component null
2023-12-27 10:59:05,166 [WARN] ModelIntegratedComponent:63 - No mode defined for component null
2023-12-27 10:59:05,166 [WARN] ModelIntegratedComponent:63 - No mode defined for component null
2023-12-27 10:59:05,166 [WARN] ModelIntegratedComponent:63 - No mode defined for component null
2023-12-27 10:59:05,166 [WARN] ModelIntegratedComponent:63 - No mode defined for component null
2023-12-27 10:59:05,166 [WARN] ModelIntegratedComponent:63 - No mode defined for component null
2023-12-27 10:59:05,166 [WARN] ModelIntegratedComponent:63 - No mode defined for component null
2023-12-27 10:59:05,166 [WARN] ModelIntegratedComponent:63 - No mode defined for component null
2023-12-27 10:59:05,166 [WARN] ModelIntegratedComponent:63 - No mode defined for component null
2023-12-27 10:59:05,166 [WARN] ModelIntegratedComponent:63 - No mode defined for component null
2023-12-27 10:59:05,166 [WARN] ModelIntegratedComponent:63 - No mode defined for component null
2023-12-27 10:59:05,166 [WARN] ModelIntegratedComponent:63 - No mode defined for component null
2023-12-27 10:59:05,166 [WARN] ModelIntegratedComponent:63 - No mode defined for component null
2023-12-27 10:59:05,166 [WARN] ModelIntegratedComponent:63 - No mode defined for component null
2023-12-27 10:59:05,166 [WARN] ModelIntegratedComponent:63 - No mode defined for component null
2023-12-27 10:59:05,166 [WARN] ModelIntegratedComponent:63 - No mode defined for component null
2023-12-27 10:59:05,166 [WARN] ModelIntegratedComponent:63 - No mode defined for component null
2023-12-27 10:59:05,166 [WARN] ModelIntegratedComponent:63 - No mode defined for component null
2023-12-27 10:59:05,166 [WARN] ModelIntegratedComponent:63 - No mode defined for component null
2023-12-27 10:59:05,166 [WARN] ModelIntegratedComponent:63 - No mode defined for component null
2023-12-27 10:59:05,166 [WARN] ModelIntegratedComponent:63 - No mode defined for component null
2023-12-27 10:59:05,166 [WARN] ModelIntegratedComponent:63 - No mode defined for component null
2023-12-27 10:59:05,166 [WARN] ModelIntegratedComponent:63 - No mode defined for component null
2023-12-27 10:59:05,166 [WARN] ModelIntegratedComponent:63 - No mode defined for component null
2023-12-27 10:59:05,166 [WARN] ModelIntegratedComponent:63 - No mode defined for component null
2023-12-27 10:59:05,166 [WARN] ModelIntegratedComponent:63 - No mode defined for component null
2023-12-27 10:59:05,166 [WARN] ModelIntegratedComponent:63 - No mode defined for component null
2023-12-27 10:59:05,166 [WARN] ModelIntegratedComponent:63 - No mode defined for component null
2023-12-27 10:59:05,166 [WARN] ModelIntegratedComponent:63 - No mode defined for component null
2023-12-27 10:59:05,166 [WARN] ModelIntegratedComponent:63 - No mode defined for component null
2023-12-27 10:59:05,166 [WARN] ModelIntegratedComponent:63 - No mode defined for component null
2023-12-27 10:59:05,166 [WARN] ModelIntegratedComponent:63 - No mode defined for component null
2023-12-27 10:59:05,166 [WARN] ModelIntegratedComponent:63 - No mode defined for component null
2023-12-27 10:59:05,245 [INFO] ThirdPartyModel:298 - Start build external matchings
2023-12-27 10:59:05,416 [INFO] ThirdPartyModel:316 - End build external matchings
2023-12-27 10:59:05,537 [INFO] UtilMem:75 - End LoadConfig() Used Memory: 142554512 Bytes (610271232)
2023-12-27 10:59:05,622 [INFO] ApiDb:581 - Connected to CubeFinder SQLite database (C:\Users\user\.stmcufinder\plugins\mcufinder\mcu\cube-finder-db.db)
2023-12-27 10:59:05,657 [INFO] ApiDb:668 - CubeFinder database Data Model version=2.1
2023-12-27 10:59:05,657 [INFO] ApiDb:669 - CubeFinder database Configuration version=3.0.37
2023-12-27 10:59:05,657 [INFO] ApiDb:670 - CubeFinder database generation date=2023-10-13 (1697197505)
2023-12-27 10:59:05,659 [INFO] ApiDb:671 - CubeFinder database FW Pack versions=[FP-ATR-ASTRA1_V2.0.0, FP-SNS-FLIGHT1_V5.0.1, FP-SNS-FLIGHT1_V5.0.2, FP-SNS-MOTENV1_V4.3.1, FP-SNS-MOTENV1_V4.3.2, FP-SNS-SMARTAG2_V1.2.0, I-CUBE-ITTIADB_V8.6.3-1, STM32Cube_FW_C0_V1.1.0, STM32Cube_FW_F4_V1.27.1, STM32Cube_FW_F7_V1.17.0, STM32Cube_FW_G0_V1.6.1, STM32Cube_FW_G4_V1.5.1, STM32Cube_FW_H5_V0.5.1, STM32Cube_FW_H5_V1.1.1, STM32Cube_FW_H7_V1.11.0, STM32Cube_FW_L0_V1.12.2, STM32Cube_FW_L5_V1.5.0, STM32Cube_FW_U5_V1.3.0, STM32Cube_FW_U5_V1.3.0RC4, STM32Cube_FW_WBA_V1.0.0RC1, STM32Cube_FW_WBA_V1.1.0RC1, STM32Cube_FW_WBA_V1.1.1, STM32Cube_FW_WB_V1.15.0RC1, STM32Cube_FW_WB_V1.16.0, STM32Cube_FW_WB_V1.16.0RC2, STM32Cube_FW_WB_V1.17.3, STM32Cube_FW_WL_V1.3.0, X-CUBE-ALGOBUILD_V1.3.0, X-CUBE-ALS_V1.0.1, X-CUBE-AZRTOS-F4_V1.1.0, X-CUBE-AZRTOS-F7_V1.1.0, X-CUBE-AZRTOS-G0_V1.1.0, X-CUBE-AZRTOS-G4_V2.0.0, X-CUBE-AZRTOS-H7_V3.1.0, X-CUBE-AZRTOS-L4_V1.0.0, X-CUBE-AZRTOS-L4_V2.0.0, X-CUBE-AZRTOS-L5_V1.1.0, X-CUBE-AZRTOS-WB_V2.0.0, X-CUBE-AZRTOS-WL_V2.0.0, X-CUBE-BLE1_V7.0.0, X-CUBE-BLE2_V3.3.0, X-CUBE-BLEMGR_V2.0.0, X-CUBE-EEPRMA1_V4.1.0, X-CUBE-FREERTOS_V1.1.0, X-CUBE-GNSS1_V6.0.0, X-CUBE-MEMS1_V10.0.0, X-CUBE-MEMS1_V9.1.0, X-CUBE-MEMS1_V9.4.0, X-CUBE-MEMS1_V9.6.0, X-CUBE-NFC4_V3.0.0, X-CUBE-NFC7_V1.0.1, X-CUBE-SFXS2LP1_V4.0.0, X-CUBE-SUBG2_V5.0.0, X-CUBE-TOF1_V3.3.1]
2023-12-27 10:59:07,143 [INFO] ApiDb:240 - Found 323 in-development CPN: [B-G473E-ZEST1S, B-WB1M-WPAN1, B-WL5M-SUBG1, NUCLEO-C031C6, NUCLEO-H503RB, NUCLEO-H563ZI, NUCLEO-U545RE-Q, NUCLEO-U5A5ZJ-Q, NUCLEO-WBA52CG, STEVAL-PROTEUS1, STEVAL-SMARTAG2, STEVAL-STWINBX1, STM320518-EVAL, STM32C0116-DK, STM32C011D6Y3TR, STM32C011D6Y6TR, STM32C011F4P3, STM32C011F4P6, STM32C011F4U3, STM32C011F4U6TR, STM32C011F6P3, STM32C011F6P6, STM32C011F6U3, STM32C011F6U6TR, STM32C011J4M3, STM32C011J4M6, STM32C011J6M3, STM32C011J6M6, STM32C0316-DK, STM32C031C4T3, STM32C031C4T6, STM32C031C4U3, STM32C031C4U6, STM32C031C6T3, STM32C031C6T6, STM32C031C6U3, STM32C031C6U6, STM32C031F4P3, STM32C031F4P6, STM32C031F6P3, STM32C031F6P6, STM32C031G4U3, STM32C031G4U6, STM32C031G6U3, STM32C031G6U6, STM32C031K4T3, STM32C031K4T6, STM32C031K4U3, STM32C031K4U6, STM32C031K6T3, STM32C031K6T6, STM32C031K6U3, STM32C031K6U6, STM32G071K8TXN, STM32G071K8UXN, STM32G081GBU6N, STM32G081KBT6N, STM32G081KBUXN, STM32G0B1CCT6N, STM32G0B1KCT6, STM32G0B1NEY6TR, STM32G0B1RCT6N, STM32G0C1CCT6, STM32G0C1CCT6N, STM32G0C1CCU6N, STM32G0C1CET6N, STM32G0C1CEU6N, STM32G0C1KCT6, STM32G0C1NEY6TR, STM32G0C1RCI6N, STM32G0C1RCT6N, STM32G0C1REI6N, STM32G0C1RET6N, STM32G0C1VCI6, STM32G0C1VEI6, STM32G471CCT6, STM32G471CCU6, STM32G471CET3, STM32G471CET6, STM32G471CEU3, STM32G471CEU6, STM32G471MCT6, STM32G471MET3, STM32G471MET6, STM32G471MEY6TR, STM32G471QCT6, STM32G471QET3, STM32G471RCT6, STM32G471RET3, STM32G471RET6, STM32G471VCH6, STM32G471VCI6, STM32G471VCT6, STM32G471VEH3, STM32G471VEH6, STM32G471VEI3, STM32G471VEI6, STM32G471VET3, STM32G471VET6, STM32G474CCT6, STM32H503CBT6, STM32H503CBU6, STM32H503EBY6TR, STM32H503KBU6, STM32H503RBT6, STM32H562AGI6, STM32H562AII6, STM32H562IGK6, STM32H562IGT6, STM32H562IIK6, STM32H562IIT6, STM32H562RGT6, STM32H562RGV6, STM32H562RIT6, STM32H562RIV6, STM32H562VGT6, STM32H562VIT6, STM32H562ZGT6, STM32H562ZIT6, STM32H563AGI6, STM32H563AII3Q, STM32H563AII6, STM32H563IGK6, STM32H563IGT6, STM32H563IIK3Q, STM32H563IIK6, STM32H563IIT3Q, STM32H563IIT6, STM32H563MIY3QTR, STM32H563RGT6, STM32H563RGV6, STM32H563RIT6, STM32H563RIV6, STM32H563VGT6, STM32H563VIT3Q, STM32H563VIT6, STM32H563ZGT6, STM32H563ZIT3Q, STM32H563ZIT6, STM32H573AII3Q, STM32H573AII6, STM32H573I-DK, STM32H573IIK3Q, STM32H573IIK6, STM32H573IIT3Q, STM32H573IIT6, STM32H573MIY3QTR, STM32H573RIT6, STM32H573RIV6, STM32H573VIT3Q, STM32H573VIT6, STM32H573ZIT3Q, STM32H573ZIT6, STM32L4R5QGI6STR, STM32MP131AAE3, STM32MP131AAF3, STM32MP131AAG3, STM32MP131CAE3, STM32MP131CAF3, STM32MP131CAG3, STM32MP131DAE7, STM32MP131DAF7, STM32MP131DAG7, STM32MP131FAE7, STM32MP131FAF7, STM32MP131FAG7, STM32MP133AAE3, STM32MP133AAF3, STM32MP133AAG3, STM32MP133CAE3, STM32MP133CAF3, STM32MP133CAG3, STM32MP133DAE7, STM32MP133DAF7, STM32MP133DAG7, STM32MP133FAE7, STM32MP133FAF7, STM32MP133FAG7, STM32MP135AAE3, STM32MP135AAF3, STM32MP135AAG3, STM32MP135CAE3, STM32MP135CAF3, STM32MP135CAG3, STM32MP135DAE7, STM32MP135DAF7, STM32MP135DAG7, STM32MP135F-DK, STM32MP135FAE7, STM32MP135FAF7, STM32MP135FAF7T, STM32MP135FAF7U, STM32MP135FAG7, STM32U535CBT6, STM32U535CBT6Q, STM32U535CBU6, STM32U535CBU6Q, STM32U535CCT6, STM32U535CCT6Q, STM32U535CCU6, STM32U535CCU6Q, STM32U535CET6, STM32U535CET6Q, STM32U535CEU6, STM32U535CEU6Q, STM32U535JEY6QTR, STM32U535NCY6QTR, STM32U535NEY6QTR, STM32U535RBI6, STM32U535RBI6Q, STM32U535RBT6, STM32U535RBT6Q, STM32U535RCI6, STM32U535RCI6Q, STM32U535RCT6, STM32U535RCT6Q, STM32U535REI6, STM32U535REI6Q, STM32U535RET6, STM32U535RET6Q, STM32U535VCI6, STM32U535VCI6Q, STM32U535VCT6, STM32U535VCT6Q, STM32U535VEI6, STM32U535VEI6Q, STM32U535VET6, STM32U535VET6Q, STM32U545CET6, STM32U545CET6Q, STM32U545CEU6, STM32U545CEU6Q, STM32U545JEY6QTR, STM32U545NEY6QTR, STM32U545REI6, STM32U545REI6Q, STM32U545RET6, STM32U545RET6Q, STM32U545VEI6, STM32U545VEI6Q, STM32U545VET6, STM32U545VET6Q, STM32U595AIH6, STM32U595AIH6Q, STM32U595AJH6, STM32U595AJH6Q, STM32U595QII6, STM32U595QII6Q, STM32U595QJI6, STM32U595QJI6Q, STM32U595RIT6, STM32U595RIT6Q, STM32U595RJT6, STM32U595RJT6Q, STM32U595VIT6, STM32U595VIT6Q, STM32U595VJT6, STM32U595VJT6Q, STM32U595ZIT6, STM32U595ZIT6Q, STM32U595ZIY6QTR, STM32U595ZJT6, STM32U595ZJT6Q, STM32U595ZJY6QTR, STM32U599BJY6QTR, STM32U599NIH6Q, STM32U599NJH6Q, STM32U599VIT6Q, STM32U599VJT6, STM32U599VJT6Q, STM32U599ZIT6Q, STM32U599ZIY6QTR, STM32U599ZJT6Q, STM32U599ZJY6QTR, STM32U5A5AJH6, STM32U5A5AJH6Q, STM32U5A5QJI6, STM32U5A5QJI6Q, STM32U5A5RJT6, STM32U5A5RJT6Q, STM32U5A5VJT6, STM32U5A5VJT6Q, STM32U5A5ZJT6, STM32U5A5ZJT6Q, STM32U5A5ZJY6QTR, STM32U5A9BJY6QTR, STM32U5A9J-DK, STM32U5A9NJH6Q, STM32U5A9VJT6Q, STM32U5A9ZJT6Q, STM32U5A9ZJY6QTR, STM32U5F7VIT6, STM32U5F7VIT6Q, STM32U5F7VJT6, STM32U5F7VJT6Q, STM32U5F9BJY6QTR, STM32U5F9NJH6Q, STM32U5F9VIT6Q, STM32U5F9VJT6Q, STM32U5F9ZIJ6QTR, STM32U5F9ZIT6Q, STM32U5F9ZJJ6QTR, STM32U5F9ZJT6Q, STM32U5G7VJT6, STM32U5G7VJT6Q, STM32U5G9BJY6QTR, STM32U5G9J-DK1, STM32U5G9J-DK2, STM32U5G9NJH6Q, STM32U5G9VJT6Q, STM32U5G9ZJJ6QTR, STM32U5G9ZJT6Q, STM32WB1MMCH6, STM32WBA52CEU6, STM32WBA52CEU6T, STM32WBA52CGU6, STM32WBA52CGU6T, STM32WBA52KEU6, STM32WBA52KEU6T, STM32WBA52KGU6, STM32WBA52KGU6T, STM32WL5MOCH6, STM32WL5MOCH6TR]
2023-12-27 10:59:07,145 [INFO] DbMcus:217 - Found 3848 MCUs, 3848 are supported
2023-12-27 10:59:07,146 [INFO] ApiDb:423 - Load user favorites file C:\Users\user/.stm32cubeide/favorites.mcus.txt: 0 item(s)
2023-12-27 10:59:07,146 [INFO] ApiDb:427 - User favorites MCUs=[]
2023-12-27 10:59:07,146 [INFO] DbMcus:223 - Set 0 / 0 favorites MCUs
2023-12-27 10:59:07,342 [WARN] ThirdParty:833 - waiting for thirdparty lock release [change project]
2023-12-27 10:59:07,342 [INFO] ThirdParty:835 - entering critical section [change project]
2023-12-27 10:59:07,342 [INFO] ThirdParty:1030 - CMSIS Pack Vendor :STMicroelectronics X-CUBE-ISPU 1.1.0
2023-12-27 10:59:07,342 [INFO] ThirdParty:1030 - CMSIS Pack Vendor :STMicroelectronics USBPD 4.1
2023-12-27 10:59:07,342 [INFO] ThirdParty:1030 - CMSIS Pack Vendor :STMicroelectronics X-CUBE-GNSS1 6.0.0
2023-12-27 10:59:07,342 [INFO] ThirdParty:1030 - CMSIS Pack Vendor :STMicroelectronics USB_HOST 2.0.0
2023-12-27 10:59:07,342 [INFO] ThirdParty:1030 - CMSIS Pack Vendor :STMicroelectronics X-CUBE-AZRTOS-F4 1.1.0
2023-12-27 10:59:07,342 [INFO] ThirdParty:1030 - CMSIS Pack Vendor :STMicroelectronics LIBJPEG 8.0.0
2023-12-27 10:59:07,342 [INFO] ThirdParty:1030 - CMSIS Pack Vendor :wolfSSL I-CUBE-wolfSSL 5.6.4
2023-12-27 10:59:07,342 [INFO] ThirdParty:1030 - CMSIS Pack Vendor :STMicroelectronics X-CUBE-SMBUS 2.1.0
2023-12-27 10:59:07,342 [INFO] ThirdParty:1030 - CMSIS Pack Vendor :STMicroelectronics USB_DEVICE 3.0.0
2023-12-27 10:59:07,342 [INFO] ThirdParty:1030 - CMSIS Pack Vendor :STMicroelectronics X-CUBE-AZRTOS-WB 2.0.0
2023-12-27 10:59:07,342 [INFO] ThirdParty:1030 - CMSIS Pack Vendor :STMicroelectronics X-CUBE-TOUCHGFX 4.23.0
2023-12-27 10:59:07,342 [INFO] ThirdParty:1030 - CMSIS Pack Vendor :STMicroelectronics X-CUBE-AZRTOS-F7 1.1.0
2023-12-27 10:59:07,342 [INFO] ThirdParty:1030 - CMSIS Pack Vendor :STMicroelectronics X-CUBE-AZRTOS-L5 2.0.0
2023-12-27 10:59:07,342 [INFO] ThirdParty:1030 - CMSIS Pack Vendor :STMicroelectronics USB_DEVICE 2.0.0
2023-12-27 10:59:07,342 [INFO] ThirdParty:1030 - CMSIS Pack Vendor :STMicroelectronics X-CUBE-EEPRMA1 4.2.0
2023-12-27 10:59:07,343 [INFO] ThirdParty:1030 - CMSIS Pack Vendor :ITTIA_DB I-CUBE-ITTIADB 8.8.0
2023-12-27 10:59:07,343 [INFO] ThirdParty:1030 - CMSIS Pack Vendor :STMicroelectronics FP-SNS-MOTENV1 4.3.2
2023-12-27 10:59:07,343 [INFO] ThirdParty:1030 - CMSIS Pack Vendor :STMicroelectronics X-CUBE-ALGOBUILD 1.3.0
2023-12-27 10:59:07,343 [INFO] ThirdParty:1030 - CMSIS Pack Vendor :STMicroelectronics FreeRTOS 0.0.1
2023-12-27 10:59:07,343 [INFO] ThirdParty:1030 - CMSIS Pack Vendor :STMicroelectronics X-CUBE-AZRTOS-G0 1.1.0
2023-12-27 10:59:07,343 [INFO] ThirdParty:1030 - CMSIS Pack Vendor :STMicroelectronics X-CUBE-NFC4 3.0.0
2023-12-27 10:59:07,343 [INFO] ThirdParty:1030 - CMSIS Pack Vendor :STMicroelectronics X-CUBE-SUBG2 5.0.0
2023-12-27 10:59:07,343 [INFO] ThirdParty:1030 - CMSIS Pack Vendor :STMicroelectronics STM32_WPAN 1.0.0
2023-12-27 10:59:07,343 [INFO] ThirdParty:1030 - CMSIS Pack Vendor :STMicroelectronics lwIP 2.0.3
2023-12-27 10:59:07,343 [INFO] ThirdParty:1030 - CMSIS Pack Vendor :STMicroelectronics FP-SNS-FLIGHT1 5.0.2
2023-12-27 10:59:07,343 [INFO] ThirdParty:1030 - CMSIS Pack Vendor :STMicroelectronics USB_HOST 1.0.0
2023-12-27 10:59:07,343 [INFO] ThirdParty:1030 - CMSIS Pack Vendor :STMicroelectronics X-CUBE-TOF1 3.3.1
2023-12-27 10:59:07,343 [INFO] ThirdParty:1030 - CMSIS Pack Vendor :STMicroelectronics X-CUBE-AZRTOS-G4 2.0.0
2023-12-27 10:59:07,343 [INFO] ThirdParty:1030 - CMSIS Pack Vendor :STMicroelectronics PDM2PCM 3.1.0
2023-12-27 10:59:07,343 [INFO] ThirdParty:1030 - CMSIS Pack Vendor :STMicroelectronics X-CUBE-AZRTOS-H7 3.1.0
2023-12-27 10:59:07,343 [INFO] ThirdParty:1030 - CMSIS Pack Vendor :Infineon AIROC-Wi-Fi-Bluetooth-STM32 1.5.1
2023-12-27 10:59:07,343 [INFO] ThirdParty:1030 - CMSIS Pack Vendor :STMicroelectronics X-CUBE-BLEMGR 3.0.0
2023-12-27 10:59:07,343 [INFO] ThirdParty:1030 - CMSIS Pack Vendor :STMicroelectronics PDM2PCM 3.3.0
2023-12-27 10:59:07,343 [INFO] ThirdParty:1030 - CMSIS Pack Vendor :STMicroelectronics X-CUBE-DISPLAY 3.0.0
2023-12-27 10:59:07,343 [INFO] ThirdParty:1030 - CMSIS Pack Vendor :STMicroelectronics FP-SNS-MOTENVWB1 1.3.0
2023-12-27 10:59:07,343 [INFO] ThirdParty:1030 - CMSIS Pack Vendor :STMicroelectronics FP-SNS-MOTENVWB1 1.3.1
2023-12-27 10:59:07,343 [INFO] ThirdParty:1030 - CMSIS Pack Vendor :STMicroelectronics X-CUBE-BLE1 7.0.0
2023-12-27 10:59:07,343 [INFO] ThirdParty:1030 - CMSIS Pack Vendor :STMicroelectronics FP-ATR-SIGFOX1 3.2.0
2023-12-27 10:59:07,343 [INFO] ThirdParty:1030 - CMSIS Pack Vendor :STMicroelectronics X-CUBE-ISPU 2.0.0
2023-12-27 10:59:07,343 [INFO] ThirdParty:1030 - CMSIS Pack Vendor :STMicroelectronics HAL Drivers 0.0.0
2023-12-27 10:59:07,343 [INFO] ThirdParty:1030 - CMSIS Pack Vendor :STMicroelectronics MBEDTLS 2.16.2
2023-12-27 10:59:07,343 [INFO] ThirdParty:1030 - CMSIS Pack Vendor :emotas I-CUBE-CANOPEN 1.3.0
2023-12-27 10:59:07,343 [INFO] ThirdParty:1030 - CMSIS Pack Vendor :STMicroelectronics X-CUBE-MEMS1 10.0.0
2023-12-27 10:59:07,343 [INFO] ThirdParty:1030 - CMSIS Pack Vendor :STMicroelectronics X-CUBE-FREERTOS 1.1.0
2023-12-27 10:59:07,343 [INFO] ThirdParty:1030 - CMSIS Pack Vendor :STMicroelectronics X-CUBE-NFC7 1.0.1
2023-12-27 10:59:07,343 [INFO] ThirdParty:1030 - CMSIS Pack Vendor :STMicroelectronics MBEDTLS 2.14.1
2023-12-27 10:59:07,343 [INFO] ThirdParty:1030 - CMSIS Pack Vendor :STMicroelectronics X-CUBE-TOUCHGFX 4.22.1
2023-12-27 10:59:07,343 [INFO] ThirdParty:1030 - CMSIS Pack Vendor :STMicroelectronics X-CUBE-NFC6 3.0.0
2023-12-27 10:59:07,343 [INFO] ThirdParty:1030 - CMSIS Pack Vendor :portGmbH I-Cube-SoM-uGOAL 1.1.0
2023-12-27 10:59:07,343 [INFO] ThirdParty:1030 - CMSIS Pack Vendor :STMicroelectronics X-CUBE-ALS 1.0.1
2023-12-27 10:59:07,343 [INFO] ThirdParty:1030 - CMSIS Pack Vendor :STMicroelectronics ThreadX 1.0.0
2023-12-27 10:59:07,343 [INFO] ThirdParty:1030 - CMSIS Pack Vendor :STMicroelectronics FP-SNS-SMARTAG2 1.2.0
2023-12-27 10:59:07,343 [INFO] ThirdParty:1030 - CMSIS Pack Vendor :STMicroelectronics X-CUBE-AZRTOS-WL 2.0.0
2023-12-27 10:59:07,343 [INFO] ThirdParty:1030 - CMSIS Pack Vendor :SEGGER I-CUBE-embOS 1.3.1
2023-12-27 10:59:07,343 [INFO] ThirdParty:1030 - CMSIS Pack Vendor :STMicroelectronics USB_DEVICE 1.0.0
2023-12-27 10:59:07,344 [INFO] ThirdParty:1030 - CMSIS Pack Vendor :STMicroelectronics X-CUBE-AI 8.1.0
2023-12-27 10:59:07,344 [INFO] ThirdParty:1030 - CMSIS Pack Vendor :STMicroelectronics X-CUBE-AZRTOS-L4 2.0.0
2023-12-27 10:59:07,344 [INFO] ThirdParty:1030 - CMSIS Pack Vendor :STMicroelectronics ThreadX 0.0.2
2023-12-27 10:59:07,344 [INFO] ThirdParty:1030 - CMSIS Pack Vendor :WES I-CUBE-Cesium 1.3.0
2023-12-27 10:59:07,344 [INFO] ThirdParty:1030 - CMSIS Pack Vendor :STMicroelectronics FP-ATR-ASTRA1 2.0.0
2023-12-27 10:59:07,344 [INFO] ThirdParty:1030 - CMSIS Pack Vendor :STMicroelectronics lwIP 2.1.2
2023-12-27 10:59:07,344 [INFO] ThirdParty:1030 - CMSIS Pack Vendor :STMicroelectronics X-CUBE-SFXS2LP1 4.0.0
2023-12-27 10:59:07,344 [INFO] ThirdParty:1030 - CMSIS Pack Vendor :STMicroelectronics X-CUBE-BLE2 3.3.0
2023-12-27 10:59:07,344 [INFO] ThirdParty:1030 - CMSIS Pack Vendor :STMicroelectronics X-CUBE-TOF1 3.4.0
2023-12-27 10:59:07,344 [INFO] ThirdParty:1030 - CMSIS Pack Vendor :STMicroelectronics X-CUBE-AZRTOS-H7 3.2.0
2023-12-27 10:59:07,344 [INFO] ThirdParty:1030 - CMSIS Pack Vendor :STMicroelectronics PDM2PCM 3.2.0
2023-12-27 10:59:07,344 [INFO] ThirdParty:841 - exiting critical section [change project]
2023-12-27 10:59:07,560 [INFO] PinOutPanel:1499 - setPackage(No Configuration,No Configuration)
2023-12-27 10:59:07,561 [INFO] PinOutPanel:1499 - setPackage(STM32F103C8Tx,LQFP48)
2023-12-27 10:59:07,751 [ERROR] LogOutputStream:75 - [STDERR_REDIRECT] SLF4J: Failed to load class "org.slf4j.impl.StaticLoggerBinder".
2023-12-27 10:59:07,752 [ERROR] LogOutputStream:75 - [STDERR_REDIRECT] SLF4J: Defaulting to no-operation (NOP) logger implementation
2023-12-27 10:59:07,753 [ERROR] LogOutputStream:75 - [STDERR_REDIRECT] SLF4J: See http://www.slf4j.org/codes.html#StaticLoggerBinder for further details.
2023-12-27 10:59:07,847 [INFO] UtilMem:75 - Before build in PCC Used Memory: 386113160 Bytes (610271232)
2023-12-27 10:59:08,348 [INFO] UtilMem:75 - After build in PCC Used Memory: 475304400 Bytes (610271232)
2023-12-27 10:59:08,366 [INFO] IPUIPlugin:80 - create IPUIPlugin
2023-12-27 10:59:08,366 [INFO] IPUIPlugin:80 - create IPUIPlugin
2023-12-27 10:59:08,366 [INFO] IPUIPlugin:80 - create IPUIPlugin
2023-12-27 10:59:08,366 [INFO] IPUIPlugin:80 - create IPUIPlugin
2023-12-27 10:59:08,366 [INFO] IPUIPlugin:80 - create IPUIPlugin
2023-12-27 10:59:08,366 [INFO] IPUIPlugin:80 - create IPUIPlugin
2023-12-27 10:59:08,366 [INFO] IPUIPlugin:80 - create IPUIPlugin
2023-12-27 10:59:08,366 [INFO] IPUIPlugin:80 - create IPUIPlugin
2023-12-27 10:59:08,366 [INFO] IPUIPlugin:80 - create IPUIPlugin
2023-12-27 10:59:08,366 [INFO] IPUIPlugin:80 - create IPUIPlugin
2023-12-27 10:59:08,366 [INFO] IPUIPlugin:80 - create IPUIPlugin
2023-12-27 10:59:08,366 [INFO] IPUIPlugin:80 - create IPUIPlugin
2023-12-27 10:59:08,366 [INFO] IPUIPlugin:80 - create IPUIPlugin
2023-12-27 10:59:08,367 [INFO] IPUIPlugin:80 - create IPUIPlugin
2023-12-27 10:59:08,367 [INFO] IPUIPlugin:80 - create IPUIPlugin
2023-12-27 10:59:08,367 [INFO] IPUIPlugin:80 - create IPUIPlugin
2023-12-27 10:59:08,367 [INFO] IPUIPlugin:80 - create IPUIPlugin
2023-12-27 10:59:08,367 [INFO] IPUIPlugin:80 - create IPUIPlugin
2023-12-27 10:59:08,367 [INFO] IPUIPlugin:80 - create IPUIPlugin
2023-12-27 10:59:08,367 [INFO] IPUIPlugin:80 - create IPUIPlugin
2023-12-27 10:59:08,367 [INFO] IPUIPlugin:80 - create IPUIPlugin
2023-12-27 10:59:08,367 [INFO] IPUIPlugin:80 - create IPUIPlugin
2023-12-27 10:59:08,367 [INFO] IPUIPlugin:80 - create IPUIPlugin
2023-12-27 10:59:08,367 [INFO] IPUIPlugin:80 - create IPUIPlugin
2023-12-27 10:59:08,367 [INFO] IPUIPlugin:80 - create IPUIPlugin
2023-12-27 10:59:08,367 [INFO] IPUIPlugin:80 - create IPUIPlugin
2023-12-27 10:59:08,381 [INFO] IPUIPlugin:80 - create IPUIPlugin
2023-12-27 10:59:08,500 [INFO] CADModel:165 - CPN selected for project levelSTM32F103C8T6
2023-12-27 10:59:08,500 [INFO] CADModel:114 - Register for checkConnection events
2023-12-27 10:59:08,542 [INFO] OpenFileManager:328 - Restore cursor
2023-12-27 11:00:51,787 [INFO] UtilMem:75 - End SaveConfig() Used Memory: 702392448 Bytes (1000341504)
2023-12-27 11:00:53,536 [INFO] UtilMem:75 - End SaveConfig() Used Memory: 571374368 Bytes (1000341504)
2023-12-27 11:00:55,388 [INFO] UtilMem:75 - End SaveConfig() Used Memory: 606584352 Bytes (1000341504)
2023-12-27 11:00:55,631 [INFO] BlockDiagram:2759 - set Specific Code input for plugin: NVIC
2023-12-27 11:00:55,631 [INFO] BlockDiagram:2759 - set Specific Code input for plugin: USART
2023-12-27 11:00:55,631 [INFO] BlockDiagram:2759 - set Specific Code input for plugin: SYS
2023-12-27 11:00:55,631 [INFO] BlockDiagram:2759 - set Specific Code input for plugin: GPIO
2023-12-27 11:00:55,631 [INFO] BlockDiagram:2759 - set Specific Code input for plugin: RCC
2023-12-27 11:00:55,639 [INFO] CodeGenerator:799 - code generatio: config db path: C:\ST\STM32CubeIDE_1.13.2\STM32CubeIDE\plugins\com.st.stm32cube.common.mx_6.9.2.202309101412\\db\
2023-12-27 11:00:55,772 [INFO] CodeEngine:255 - oldGeneratedFile, D:\embedded\first\MXTmpFiles\license.tmp_save
2023-12-27 11:00:55,991 [INFO] CodeEngine:279 - Generated code: D:\embedded\first\MXTmpFiles\license.tmp
2023-12-27 11:00:56,052 [INFO] CodeEngine:255 - oldGeneratedFile, D:\embedded\first\MXTmpFiles\gpio.tmp_save
2023-12-27 11:00:56,124 [INFO] CodeEngine:279 - Generated code: D:\embedded\first\MXTmpFiles\gpio.tmp
2023-12-27 11:00:56,162 [INFO] CodeEngine:255 - oldGeneratedFile, D:\embedded\first\Core\Src\stm32f1xx_it.c_save
2023-12-27 11:00:56,251 [INFO] CodeEngine:279 - Generated code: D:\embedded\first\Core\Src\stm32f1xx_it.c
2023-12-27 11:00:56,255 [INFO] CodeEngine:255 - oldGeneratedFile, D:\embedded\first\Core\Inc\stm32f1xx_it.h_save
2023-12-27 11:00:56,296 [INFO] CodeEngine:279 - Generated code: D:\embedded\first\Core\Inc\stm32f1xx_it.h
2023-12-27 11:00:56,304 [INFO] CodeEngine:255 - oldGeneratedFile, D:\embedded\first\Core\Src\stm32f1xx_hal_msp.c_save
2023-12-27 11:00:56,398 [INFO] CodeEngine:279 - Generated code: D:\embedded\first\Core\Src\stm32f1xx_hal_msp.c
2023-12-27 11:00:56,404 [INFO] CodeEngine:255 - oldGeneratedFile, D:\embedded\first\MXTmpFiles\system.tmp_save
2023-12-27 11:00:56,441 [INFO] CodeEngine:279 - Generated code: D:\embedded\first\MXTmpFiles\system.tmp
2023-12-27 11:00:56,447 [INFO] CodeEngine:311 - oldGeneratedFile, D:\embedded\first\Core\Inc\stm32f1xx_hal_conf.h_save
2023-12-27 11:00:56,510 [INFO] CodeEngine:335 - Generated code: D:\embedded\first\Core\Inc\stm32f1xx_hal_conf.h
2023-12-27 11:00:56,531 [INFO] CodeEngine:255 - oldGeneratedFile, D:\embedded\first\Core\Inc\main.h_save
2023-12-27 11:00:56,588 [INFO] CodeEngine:279 - Generated code: D:\embedded\first\Core\Inc\main.h
2023-12-27 11:00:56,599 [INFO] CodeEngine:255 - oldGeneratedFile, D:\embedded\first\Core\Src\main.c_save
2023-12-27 11:00:56,675 [INFO] CodeEngine:279 - Generated code: D:\embedded\first\Core\Src\main.c
2023-12-27 11:00:56,986 [INFO] ProjectBuilder:3064 - Time for Copy HAL[1] : 63mS.
2023-12-27 11:00:56,989 [INFO] ProjectBuilder:4404 - Project Generator version: 4.1.0
2023-12-27 11:00:57,169 [INFO] ConfigFileManager:1457 - The Die is : DIE410
2023-12-27 11:00:57,180 [INFO] ApiDbMcu:507 - Load IP Config File for FATFS
2023-12-27 11:00:57,185 [INFO] ApiDbMcu:507 - Load IP Config File for FREERTOS
2023-12-27 11:00:57,191 [INFO] ApiDbMcu:507 - Load IP Config File for USB_DEVICE
2023-12-27 11:00:57,702 [INFO] LogOutputStream:77 - [STDOUT_REDIRECT] 
2023-12-27 11:00:58,342 [INFO] ProjectBuilder:4626 - Time for Generating toolchain IDE Files: 1352mS.
2023-12-27 11:00:58,342 [INFO] ProjectBuilder:2935 - Time for Copy CMSIS : 0mS.
2023-12-27 11:00:58,343 [INFO] ProjectBuilder:2935 - Time for Copy CMSIS : 0mS.
2023-12-27 15:18:54,720 [INFO] MainUpdater:2868 - connection check result : 10
2023-12-27 15:18:54,721 [INFO] MainUpdater:2868 - connection check result : 10
2023-12-27 15:18:54,747 [INFO] MicroXplorer:468 - Change Database Path : 
2023-12-27 15:18:54,747 [INFO] MicroXplorer:498 - Change Database Version : DB.6.0.92
2023-12-27 15:18:54,814 [WARN] ThirdParty:871 - waiting for thirdparty lock release [close project]
2023-12-27 15:18:54,815 [INFO] ThirdParty:873 - entering critical section [close project]
2023-12-27 15:18:54,815 [INFO] ThirdParty:883 - exiting critical section [close project]
2023-12-27 15:18:54,815 [INFO] PinOutPanel:1499 - setPackage(No Configuration,No Configuration)
2023-12-27 15:18:54,821 [INFO] UtilMem:75 - Begin LoadConfig() Used Memory: 616637616 Bytes (1073741824)
2023-12-27 15:18:54,821 [INFO] MicroXplorer:468 - Change Database Path : 
2023-12-27 15:18:54,821 [INFO] MicroXplorer:498 - Change Database Version : DB.6.0.92
2023-12-27 15:18:54,822 [INFO] OpenFileManager:308 - Change cursor
2023-12-27 15:18:54,833 [INFO] RulesReader:64 - Compatibility file has been processed (293 Rules)
2023-12-27 15:18:54,838 [INFO] Mcu:1946 - Initializing MCU STM32F103C(8-B)Tx STM32F103C8Tx STM32F103C8T6
2023-12-27 15:18:55,234 [INFO] Context:659 - Trying to add GPIOservice into a context  which must be forbidden
2023-12-27 15:18:55,297 [INFO] RtosManager:555 - Registered RTOS mode: class=CMSIS, group=RTOS, mode=CMSIS_V1, owner=FREERTOS
2023-12-27 15:18:55,298 [INFO] RtosManager:555 - Registered RTOS mode: class=CMSIS, group=RTOS2, mode=CMSIS_V2, owner=FREERTOS
2023-12-27 15:18:55,298 [INFO] RtosManager:555 - Registered RTOS mode: class=RTOS, group=Core, mode=CMSIS_V1, owner=FREERTOS
2023-12-27 15:18:55,298 [INFO] RtosManager:555 - Registered RTOS mode: class=RTOS, group=Core, mode=CMSIS_V2, owner=FREERTOS
2023-12-27 15:18:55,298 [WARN] ModelIntegratedComponent:184 - Missing modes for component STMicroelectronics:FreeRTOS:0.0.1:STMicroelectronics:RTOS:FreeRTOS:Core:::10.2.0:
2023-12-27 15:18:55,303 [WARN] ModelIntegratedComponent:63 - No mode defined for component null
2023-12-27 15:18:55,303 [WARN] ModelIntegratedComponent:63 - No mode defined for component null
2023-12-27 15:18:55,303 [WARN] ModelIntegratedComponent:63 - No mode defined for component null
2023-12-27 15:18:55,304 [WARN] ModelIntegratedComponent:63 - No mode defined for component null
2023-12-27 15:18:55,304 [WARN] ModelIntegratedComponent:63 - No mode defined for component null
2023-12-27 15:18:55,304 [WARN] ModelIntegratedComponent:63 - No mode defined for component null
2023-12-27 15:18:55,304 [WARN] ModelIntegratedComponent:63 - No mode defined for component null
2023-12-27 15:18:55,304 [WARN] ModelIntegratedComponent:63 - No mode defined for component null
2023-12-27 15:18:55,304 [WARN] ModelIntegratedComponent:63 - No mode defined for component null
2023-12-27 15:18:55,304 [WARN] ModelIntegratedComponent:63 - No mode defined for component null
2023-12-27 15:18:55,304 [WARN] ModelIntegratedComponent:63 - No mode defined for component null
2023-12-27 15:18:55,304 [WARN] ModelIntegratedComponent:63 - No mode defined for component null
2023-12-27 15:18:55,304 [WARN] ModelIntegratedComponent:63 - No mode defined for component null
2023-12-27 15:18:55,304 [WARN] ModelIntegratedComponent:63 - No mode defined for component null
2023-12-27 15:18:55,304 [WARN] ModelIntegratedComponent:63 - No mode defined for component null
2023-12-27 15:18:55,304 [WARN] ModelIntegratedComponent:63 - No mode defined for component null
2023-12-27 15:18:55,304 [WARN] ModelIntegratedComponent:63 - No mode defined for component null
2023-12-27 15:18:55,304 [WARN] ModelIntegratedComponent:63 - No mode defined for component null
2023-12-27 15:18:55,304 [WARN] ModelIntegratedComponent:63 - No mode defined for component null
2023-12-27 15:18:55,304 [WARN] ModelIntegratedComponent:63 - No mode defined for component null
2023-12-27 15:18:55,304 [WARN] ModelIntegratedComponent:63 - No mode defined for component null
2023-12-27 15:18:55,304 [WARN] ModelIntegratedComponent:63 - No mode defined for component null
2023-12-27 15:18:55,304 [WARN] ModelIntegratedComponent:63 - No mode defined for component null
2023-12-27 15:18:55,304 [WARN] ModelIntegratedComponent:63 - No mode defined for component null
2023-12-27 15:18:55,304 [WARN] ModelIntegratedComponent:63 - No mode defined for component null
2023-12-27 15:18:55,304 [WARN] ModelIntegratedComponent:63 - No mode defined for component null
2023-12-27 15:18:55,304 [WARN] ModelIntegratedComponent:63 - No mode defined for component null
2023-12-27 15:18:55,304 [WARN] ModelIntegratedComponent:63 - No mode defined for component null
2023-12-27 15:18:55,304 [WARN] ModelIntegratedComponent:63 - No mode defined for component null
2023-12-27 15:18:55,304 [WARN] ModelIntegratedComponent:63 - No mode defined for component null
2023-12-27 15:18:55,304 [WARN] ModelIntegratedComponent:63 - No mode defined for component null
2023-12-27 15:18:55,304 [WARN] ModelIntegratedComponent:63 - No mode defined for component null
2023-12-27 15:18:55,304 [WARN] ModelIntegratedComponent:63 - No mode defined for component null
2023-12-27 15:18:55,359 [INFO] ThirdPartyModel:298 - Start build external matchings
2023-12-27 15:18:55,534 [INFO] ThirdPartyModel:316 - End build external matchings
2023-12-27 15:18:55,659 [INFO] UtilMem:75 - End LoadConfig() Used Memory: 750913432 Bytes (1073741824)
2023-12-27 15:18:55,679 [WARN] ThirdParty:833 - waiting for thirdparty lock release [change project]
2023-12-27 15:18:55,679 [INFO] ThirdParty:835 - entering critical section [change project]
2023-12-27 15:18:55,679 [INFO] ThirdParty:1030 - CMSIS Pack Vendor :STMicroelectronics X-CUBE-ISPU 1.1.0
2023-12-27 15:18:55,679 [INFO] ThirdParty:1030 - CMSIS Pack Vendor :STMicroelectronics USBPD 4.1
2023-12-27 15:18:55,679 [INFO] ThirdParty:1030 - CMSIS Pack Vendor :STMicroelectronics X-CUBE-GNSS1 6.0.0
2023-12-27 15:18:55,679 [INFO] ThirdParty:1030 - CMSIS Pack Vendor :STMicroelectronics USB_HOST 2.0.0
2023-12-27 15:18:55,679 [INFO] ThirdParty:1030 - CMSIS Pack Vendor :STMicroelectronics X-CUBE-AZRTOS-F4 1.1.0
2023-12-27 15:18:55,679 [INFO] ThirdParty:1030 - CMSIS Pack Vendor :STMicroelectronics LIBJPEG 8.0.0
2023-12-27 15:18:55,679 [INFO] ThirdParty:1030 - CMSIS Pack Vendor :wolfSSL I-CUBE-wolfSSL 5.6.4
2023-12-27 15:18:55,679 [INFO] ThirdParty:1030 - CMSIS Pack Vendor :STMicroelectronics X-CUBE-SMBUS 2.1.0
2023-12-27 15:18:55,679 [INFO] ThirdParty:1030 - CMSIS Pack Vendor :STMicroelectronics USB_DEVICE 3.0.0
2023-12-27 15:18:55,679 [INFO] ThirdParty:1030 - CMSIS Pack Vendor :STMicroelectronics X-CUBE-AZRTOS-WB 2.0.0
2023-12-27 15:18:55,679 [INFO] ThirdParty:1030 - CMSIS Pack Vendor :STMicroelectronics X-CUBE-TOUCHGFX 4.23.0
2023-12-27 15:18:55,679 [INFO] ThirdParty:1030 - CMSIS Pack Vendor :STMicroelectronics X-CUBE-AZRTOS-F7 1.1.0
2023-12-27 15:18:55,679 [INFO] ThirdParty:1030 - CMSIS Pack Vendor :STMicroelectronics X-CUBE-AZRTOS-L5 2.0.0
2023-12-27 15:18:55,679 [INFO] ThirdParty:1030 - CMSIS Pack Vendor :STMicroelectronics USB_DEVICE 2.0.0
2023-12-27 15:18:55,679 [INFO] ThirdParty:1030 - CMSIS Pack Vendor :STMicroelectronics X-CUBE-EEPRMA1 4.2.0
2023-12-27 15:18:55,679 [INFO] ThirdParty:1030 - CMSIS Pack Vendor :ITTIA_DB I-CUBE-ITTIADB 8.8.0
2023-12-27 15:18:55,679 [INFO] ThirdParty:1030 - CMSIS Pack Vendor :STMicroelectronics FP-SNS-MOTENV1 4.3.2
2023-12-27 15:18:55,679 [INFO] ThirdParty:1030 - CMSIS Pack Vendor :STMicroelectronics X-CUBE-ALGOBUILD 1.3.0
2023-12-27 15:18:55,679 [INFO] ThirdParty:1030 - CMSIS Pack Vendor :STMicroelectronics FreeRTOS 0.0.1
2023-12-27 15:18:55,679 [INFO] ThirdParty:1030 - CMSIS Pack Vendor :STMicroelectronics X-CUBE-AZRTOS-G0 1.1.0
2023-12-27 15:18:55,679 [INFO] ThirdParty:1030 - CMSIS Pack Vendor :STMicroelectronics X-CUBE-NFC4 3.0.0
2023-12-27 15:18:55,679 [INFO] ThirdParty:1030 - CMSIS Pack Vendor :STMicroelectronics X-CUBE-SUBG2 5.0.0
2023-12-27 15:18:55,679 [INFO] ThirdParty:1030 - CMSIS Pack Vendor :STMicroelectronics STM32_WPAN 1.0.0
2023-12-27 15:18:55,679 [INFO] ThirdParty:1030 - CMSIS Pack Vendor :STMicroelectronics lwIP 2.0.3
2023-12-27 15:18:55,679 [INFO] ThirdParty:1030 - CMSIS Pack Vendor :STMicroelectronics FP-SNS-FLIGHT1 5.0.2
2023-12-27 15:18:55,679 [INFO] ThirdParty:1030 - CMSIS Pack Vendor :STMicroelectronics USB_HOST 1.0.0
2023-12-27 15:18:55,679 [INFO] ThirdParty:1030 - CMSIS Pack Vendor :STMicroelectronics X-CUBE-TOF1 3.3.1
2023-12-27 15:18:55,679 [INFO] ThirdParty:1030 - CMSIS Pack Vendor :STMicroelectronics X-CUBE-AZRTOS-G4 2.0.0
2023-12-27 15:18:55,679 [INFO] ThirdParty:1030 - CMSIS Pack Vendor :STMicroelectronics PDM2PCM 3.1.0
2023-12-27 15:18:55,679 [INFO] ThirdParty:1030 - CMSIS Pack Vendor :STMicroelectronics X-CUBE-AZRTOS-H7 3.1.0
2023-12-27 15:18:55,679 [INFO] ThirdParty:1030 - CMSIS Pack Vendor :Infineon AIROC-Wi-Fi-Bluetooth-STM32 1.5.1
2023-12-27 15:18:55,679 [INFO] ThirdParty:1030 - CMSIS Pack Vendor :STMicroelectronics X-CUBE-BLEMGR 3.0.0
2023-12-27 15:18:55,679 [INFO] ThirdParty:1030 - CMSIS Pack Vendor :STMicroelectronics PDM2PCM 3.3.0
2023-12-27 15:18:55,679 [INFO] ThirdParty:1030 - CMSIS Pack Vendor :STMicroelectronics X-CUBE-DISPLAY 3.0.0
2023-12-27 15:18:55,679 [INFO] ThirdParty:1030 - CMSIS Pack Vendor :STMicroelectronics FP-SNS-MOTENVWB1 1.3.0
2023-12-27 15:18:55,679 [INFO] ThirdParty:1030 - CMSIS Pack Vendor :STMicroelectronics FP-SNS-MOTENVWB1 1.3.1
2023-12-27 15:18:55,679 [INFO] ThirdParty:1030 - CMSIS Pack Vendor :STMicroelectronics X-CUBE-BLE1 7.0.0
2023-12-27 15:18:55,679 [INFO] ThirdParty:1030 - CMSIS Pack Vendor :STMicroelectronics FP-ATR-SIGFOX1 3.2.0
2023-12-27 15:18:55,679 [INFO] ThirdParty:1030 - CMSIS Pack Vendor :STMicroelectronics X-CUBE-ISPU 2.0.0
2023-12-27 15:18:55,679 [INFO] ThirdParty:1030 - CMSIS Pack Vendor :STMicroelectronics HAL Drivers 0.0.0
2023-12-27 15:18:55,679 [INFO] ThirdParty:1030 - CMSIS Pack Vendor :STMicroelectronics MBEDTLS 2.16.2
2023-12-27 15:18:55,679 [INFO] ThirdParty:1030 - CMSIS Pack Vendor :emotas I-CUBE-CANOPEN 1.3.0
2023-12-27 15:18:55,679 [INFO] ThirdParty:1030 - CMSIS Pack Vendor :STMicroelectronics X-CUBE-MEMS1 10.0.0
2023-12-27 15:18:55,679 [INFO] ThirdParty:1030 - CMSIS Pack Vendor :STMicroelectronics X-CUBE-FREERTOS 1.1.0
2023-12-27 15:18:55,679 [INFO] ThirdParty:1030 - CMSIS Pack Vendor :STMicroelectronics X-CUBE-NFC7 1.0.1
2023-12-27 15:18:55,679 [INFO] ThirdParty:1030 - CMSIS Pack Vendor :STMicroelectronics MBEDTLS 2.14.1
2023-12-27 15:18:55,679 [INFO] ThirdParty:1030 - CMSIS Pack Vendor :STMicroelectronics X-CUBE-TOUCHGFX 4.22.1
2023-12-27 15:18:55,679 [INFO] ThirdParty:1030 - CMSIS Pack Vendor :STMicroelectronics X-CUBE-NFC6 3.0.0
2023-12-27 15:18:55,679 [INFO] ThirdParty:1030 - CMSIS Pack Vendor :portGmbH I-Cube-SoM-uGOAL 1.1.0
2023-12-27 15:18:55,679 [INFO] ThirdParty:1030 - CMSIS Pack Vendor :STMicroelectronics X-CUBE-ALS 1.0.1
2023-12-27 15:18:55,679 [INFO] ThirdParty:1030 - CMSIS Pack Vendor :STMicroelectronics ThreadX 1.0.0
2023-12-27 15:18:55,679 [INFO] ThirdParty:1030 - CMSIS Pack Vendor :STMicroelectronics FP-SNS-SMARTAG2 1.2.0
2023-12-27 15:18:55,679 [INFO] ThirdParty:1030 - CMSIS Pack Vendor :STMicroelectronics X-CUBE-AZRTOS-WL 2.0.0
2023-12-27 15:18:55,679 [INFO] ThirdParty:1030 - CMSIS Pack Vendor :SEGGER I-CUBE-embOS 1.3.1
2023-12-27 15:18:55,679 [INFO] ThirdParty:1030 - CMSIS Pack Vendor :STMicroelectronics USB_DEVICE 1.0.0
2023-12-27 15:18:55,679 [INFO] ThirdParty:1030 - CMSIS Pack Vendor :STMicroelectronics X-CUBE-AI 8.1.0
2023-12-27 15:18:55,679 [INFO] ThirdParty:1030 - CMSIS Pack Vendor :STMicroelectronics X-CUBE-AZRTOS-L4 2.0.0
2023-12-27 15:18:55,679 [INFO] ThirdParty:1030 - CMSIS Pack Vendor :STMicroelectronics ThreadX 0.0.2
2023-12-27 15:18:55,679 [INFO] ThirdParty:1030 - CMSIS Pack Vendor :WES I-CUBE-Cesium 1.3.0
2023-12-27 15:18:55,680 [INFO] ThirdParty:1030 - CMSIS Pack Vendor :STMicroelectronics FP-ATR-ASTRA1 2.0.0
2023-12-27 15:18:55,680 [INFO] ThirdParty:1030 - CMSIS Pack Vendor :STMicroelectronics lwIP 2.1.2
2023-12-27 15:18:55,680 [INFO] ThirdParty:1030 - CMSIS Pack Vendor :STMicroelectronics X-CUBE-SFXS2LP1 4.0.0
2023-12-27 15:18:55,680 [INFO] ThirdParty:1030 - CMSIS Pack Vendor :STMicroelectronics X-CUBE-BLE2 3.3.0
2023-12-27 15:18:55,680 [INFO] ThirdParty:1030 - CMSIS Pack Vendor :STMicroelectronics X-CUBE-TOF1 3.4.0
2023-12-27 15:18:55,680 [INFO] ThirdParty:1030 - CMSIS Pack Vendor :STMicroelectronics X-CUBE-AZRTOS-H7 3.2.0
2023-12-27 15:18:55,680 [INFO] ThirdParty:1030 - CMSIS Pack Vendor :STMicroelectronics PDM2PCM 3.2.0
2023-12-27 15:18:55,680 [INFO] ThirdParty:841 - exiting critical section [change project]
2023-12-27 15:18:55,771 [INFO] PinOutPanel:1499 - setPackage(No Configuration,No Configuration)
2023-12-27 15:18:55,771 [INFO] PinOutPanel:1499 - setPackage(STM32F103C8Tx,LQFP48)
2023-12-27 15:18:55,879 [INFO] UtilMem:75 - Before build in PCC Used Memory: 834559192 Bytes (1073741824)
2023-12-27 15:18:56,008 [INFO] UtilMem:75 - After build in PCC Used Memory: 878077144 Bytes (1073741824)
2023-12-27 15:18:56,019 [INFO] IPUIPlugin:80 - create IPUIPlugin
2023-12-27 15:18:56,019 [INFO] IPUIPlugin:80 - create IPUIPlugin
2023-12-27 15:18:56,019 [INFO] IPUIPlugin:80 - create IPUIPlugin
2023-12-27 15:18:56,019 [INFO] IPUIPlugin:80 - create IPUIPlugin
2023-12-27 15:18:56,020 [INFO] IPUIPlugin:80 - create IPUIPlugin
2023-12-27 15:18:56,020 [INFO] IPUIPlugin:80 - create IPUIPlugin
2023-12-27 15:18:56,020 [INFO] IPUIPlugin:80 - create IPUIPlugin
2023-12-27 15:18:56,020 [INFO] IPUIPlugin:80 - create IPUIPlugin
2023-12-27 15:18:56,020 [INFO] IPUIPlugin:80 - create IPUIPlugin
2023-12-27 15:18:56,020 [INFO] IPUIPlugin:80 - create IPUIPlugin
2023-12-27 15:18:56,020 [INFO] IPUIPlugin:80 - create IPUIPlugin
2023-12-27 15:18:56,020 [INFO] IPUIPlugin:80 - create IPUIPlugin
2023-12-27 15:18:56,020 [INFO] IPUIPlugin:80 - create IPUIPlugin
2023-12-27 15:18:56,020 [INFO] IPUIPlugin:80 - create IPUIPlugin
2023-12-27 15:18:56,020 [INFO] IPUIPlugin:80 - create IPUIPlugin
2023-12-27 15:18:56,020 [INFO] IPUIPlugin:80 - create IPUIPlugin
2023-12-27 15:18:56,020 [INFO] IPUIPlugin:80 - create IPUIPlugin
2023-12-27 15:18:56,020 [INFO] IPUIPlugin:80 - create IPUIPlugin
2023-12-27 15:18:56,020 [INFO] IPUIPlugin:80 - create IPUIPlugin
2023-12-27 15:18:56,020 [INFO] IPUIPlugin:80 - create IPUIPlugin
2023-12-27 15:18:56,020 [INFO] IPUIPlugin:80 - create IPUIPlugin
2023-12-27 15:18:56,021 [INFO] IPUIPlugin:80 - create IPUIPlugin
2023-12-27 15:18:56,021 [INFO] IPUIPlugin:80 - create IPUIPlugin
2023-12-27 15:18:56,021 [INFO] IPUIPlugin:80 - create IPUIPlugin
2023-12-27 15:18:56,021 [INFO] IPUIPlugin:80 - create IPUIPlugin
2023-12-27 15:18:56,021 [INFO] IPUIPlugin:80 - create IPUIPlugin
2023-12-27 15:18:56,021 [INFO] IPUIPlugin:80 - create IPUIPlugin
2023-12-27 15:18:56,043 [INFO] CADModel:165 - CPN selected for project levelSTM32F103C8T6
2023-12-27 15:18:56,044 [INFO] CADModel:114 - Register for checkConnection events
2023-12-27 15:18:56,091 [INFO] OpenFileManager:328 - Restore cursor
2023-12-27 15:19:42,393 [INFO] Gpio:273 - dependency for GPIO [SYS, USART1]
2023-12-27 15:20:15,070 [INFO] UtilMem:75 - End SaveConfig() Used Memory: 928455184 Bytes (1073741824)
2023-12-27 15:20:18,043 [INFO] UtilMem:75 - End SaveConfig() Used Memory: 948918144 Bytes (1073741824)
2023-12-27 15:20:20,026 [INFO] UtilMem:75 - End SaveConfig() Used Memory: 601955544 Bytes (1073741824)
2023-12-27 15:20:20,123 [INFO] BlockDiagram:2759 - set Specific Code input for plugin: NVIC
2023-12-27 15:20:20,123 [INFO] BlockDiagram:2759 - set Specific Code input for plugin: USART
2023-12-27 15:20:20,123 [INFO] BlockDiagram:2759 - set Specific Code input for plugin: SYS
2023-12-27 15:20:20,123 [INFO] BlockDiagram:2759 - set Specific Code input for plugin: GPIO
2023-12-27 15:20:20,123 [INFO] BlockDiagram:2759 - set Specific Code input for plugin: RCC
2023-12-27 15:20:20,123 [INFO] CodeGenerator:799 - code generatio: config db path: C:\ST\STM32CubeIDE_1.13.2\STM32CubeIDE\plugins\com.st.stm32cube.common.mx_6.9.2.202309101412\\db\
2023-12-27 15:20:20,218 [INFO] CodeEngine:255 - oldGeneratedFile, D:\embedded\first\MXTmpFiles\license.tmp_save
2023-12-27 15:20:20,290 [INFO] CodeEngine:279 - Generated code: D:\embedded\first\MXTmpFiles\license.tmp
2023-12-27 15:20:20,317 [INFO] CodeEngine:255 - oldGeneratedFile, D:\embedded\first\MXTmpFiles\gpio.tmp_save
2023-12-27 15:20:20,372 [INFO] CodeEngine:279 - Generated code: D:\embedded\first\MXTmpFiles\gpio.tmp
2023-12-27 15:20:20,406 [INFO] CodeEngine:255 - oldGeneratedFile, D:\embedded\first\Core\Src\stm32f1xx_it.c_save
2023-12-27 15:20:20,512 [INFO] CodeEngine:279 - Generated code: D:\embedded\first\Core\Src\stm32f1xx_it.c
2023-12-27 15:20:20,516 [INFO] CodeEngine:255 - oldGeneratedFile, D:\embedded\first\Core\Inc\stm32f1xx_it.h_save
2023-12-27 15:20:20,553 [INFO] CodeEngine:279 - Generated code: D:\embedded\first\Core\Inc\stm32f1xx_it.h
2023-12-27 15:20:20,560 [INFO] CodeEngine:255 - oldGeneratedFile, D:\embedded\first\Core\Src\stm32f1xx_hal_msp.c_save
2023-12-27 15:20:20,629 [INFO] CodeEngine:279 - Generated code: D:\embedded\first\Core\Src\stm32f1xx_hal_msp.c
2023-12-27 15:20:20,631 [INFO] CodeEngine:255 - oldGeneratedFile, D:\embedded\first\MXTmpFiles\system.tmp_save
2023-12-27 15:20:20,666 [INFO] CodeEngine:279 - Generated code: D:\embedded\first\MXTmpFiles\system.tmp
2023-12-27 15:20:20,672 [INFO] CodeEngine:311 - oldGeneratedFile, D:\embedded\first\Core\Inc\stm32f1xx_hal_conf.h_save
2023-12-27 15:20:20,715 [INFO] CodeEngine:335 - Generated code: D:\embedded\first\Core\Inc\stm32f1xx_hal_conf.h
2023-12-27 15:20:20,754 [INFO] CodeEngine:255 - oldGeneratedFile, D:\embedded\first\Core\Inc\main.h_save
2023-12-27 15:20:20,820 [INFO] CodeEngine:279 - Generated code: D:\embedded\first\Core\Inc\main.h
2023-12-27 15:20:20,830 [INFO] CodeEngine:255 - oldGeneratedFile, D:\embedded\first\Core\Src\main.c_save
2023-12-27 15:20:20,880 [INFO] CodeEngine:279 - Generated code: D:\embedded\first\Core\Src\main.c
2023-12-27 15:20:21,148 [INFO] ProjectBuilder:3064 - Time for Copy HAL[1] : 56mS.
2023-12-27 15:20:21,149 [INFO] ProjectBuilder:4404 - Project Generator version: 4.1.0
2023-12-27 15:20:21,259 [INFO] ConfigFileManager:1457 - The Die is : DIE410
2023-12-27 15:20:21,262 [INFO] ApiDbMcu:507 - Load IP Config File for FATFS
2023-12-27 15:20:21,264 [INFO] ApiDbMcu:507 - Load IP Config File for FREERTOS
2023-12-27 15:20:21,267 [INFO] ApiDbMcu:507 - Load IP Config File for USB_DEVICE
2023-12-27 15:20:21,990 [INFO] ProjectBuilder:4626 - Time for Generating toolchain IDE Files: 841mS.
2023-12-27 15:20:21,990 [INFO] ProjectBuilder:2935 - Time for Copy CMSIS : 0mS.
2023-12-27 15:20:21,991 [INFO] ProjectBuilder:2935 - Time for Copy CMSIS : 0mS.
2023-12-27 15:50:16,352 [INFO] Gpio:273 - dependency for GPIO [SYS, USART1]
2023-12-27 15:50:16,430 [INFO] Gpio:273 - dependency for GPIO [SYS, USART1]
2023-12-27 15:52:07,117 [INFO] UtilMem:75 - End SaveConfig() Used Memory: 834084192 Bytes (1073741824)
2023-12-27 15:52:07,144 [INFO] UtilMem:75 - End SaveConfig() Used Memory: 846191816 Bytes (1073741824)
2023-12-27 15:52:08,359 [INFO] UtilMem:75 - End SaveConfig() Used Memory: 897136808 Bytes (1073741824)
2023-12-27 15:52:08,429 [INFO] BlockDiagram:2759 - set Specific Code input for plugin: NVIC
2023-12-27 15:52:08,429 [INFO] BlockDiagram:2759 - set Specific Code input for plugin: USART
2023-12-27 15:52:08,429 [INFO] BlockDiagram:2759 - set Specific Code input for plugin: SYS
2023-12-27 15:52:08,429 [INFO] BlockDiagram:2759 - set Specific Code input for plugin: GPIO
2023-12-27 15:52:08,429 [INFO] BlockDiagram:2759 - set Specific Code input for plugin: RCC
2023-12-27 15:52:08,430 [INFO] CodeGenerator:799 - code generatio: config db path: C:\ST\STM32CubeIDE_1.13.2\STM32CubeIDE\plugins\com.st.stm32cube.common.mx_6.9.2.202309101412\\db\
2023-12-27 15:52:08,527 [INFO] CodeEngine:255 - oldGeneratedFile, D:\embedded\first\MXTmpFiles\license.tmp_save
2023-12-27 15:52:08,582 [INFO] CodeEngine:279 - Generated code: D:\embedded\first\MXTmpFiles\license.tmp
2023-12-27 15:52:08,591 [INFO] CodeEngine:255 - oldGeneratedFile, D:\embedded\first\MXTmpFiles\gpio.tmp_save
2023-12-27 15:52:08,640 [INFO] CodeEngine:279 - Generated code: D:\embedded\first\MXTmpFiles\gpio.tmp
2023-12-27 15:52:08,660 [INFO] CodeEngine:255 - oldGeneratedFile, D:\embedded\first\Core\Src\stm32f1xx_it.c_save
2023-12-27 15:52:08,759 [INFO] CodeEngine:279 - Generated code: D:\embedded\first\Core\Src\stm32f1xx_it.c
2023-12-27 15:52:08,761 [INFO] CodeEngine:255 - oldGeneratedFile, D:\embedded\first\Core\Inc\stm32f1xx_it.h_save
2023-12-27 15:52:08,793 [INFO] CodeEngine:279 - Generated code: D:\embedded\first\Core\Inc\stm32f1xx_it.h
2023-12-27 15:52:08,798 [INFO] CodeEngine:255 - oldGeneratedFile, D:\embedded\first\Core\Src\stm32f1xx_hal_msp.c_save
2023-12-27 15:52:08,855 [INFO] CodeEngine:279 - Generated code: D:\embedded\first\Core\Src\stm32f1xx_hal_msp.c
2023-12-27 15:52:08,857 [INFO] CodeEngine:255 - oldGeneratedFile, D:\embedded\first\MXTmpFiles\system.tmp_save
2023-12-27 15:52:08,890 [INFO] CodeEngine:279 - Generated code: D:\embedded\first\MXTmpFiles\system.tmp
2023-12-27 15:52:08,894 [INFO] CodeEngine:311 - oldGeneratedFile, D:\embedded\first\Core\Inc\stm32f1xx_hal_conf.h_save
2023-12-27 15:52:08,934 [INFO] CodeEngine:335 - Generated code: D:\embedded\first\Core\Inc\stm32f1xx_hal_conf.h
2023-12-27 15:52:08,944 [INFO] CodeEngine:255 - oldGeneratedFile, D:\embedded\first\Core\Inc\main.h_save
2023-12-27 15:52:08,986 [INFO] CodeEngine:279 - Generated code: D:\embedded\first\Core\Inc\main.h
2023-12-27 15:52:08,992 [INFO] CodeEngine:255 - oldGeneratedFile, D:\embedded\first\Core\Src\main.c_save
2023-12-27 15:52:09,042 [INFO] CodeEngine:279 - Generated code: D:\embedded\first\Core\Src\main.c
2023-12-27 15:52:09,296 [INFO] ProjectBuilder:3064 - Time for Copy HAL[1] : 50mS.
2023-12-27 15:52:09,298 [INFO] ProjectBuilder:4404 - Project Generator version: 4.1.0
2023-12-27 15:52:09,426 [INFO] ConfigFileManager:1457 - The Die is : DIE410
2023-12-27 15:52:10,112 [INFO] ProjectBuilder:4626 - Time for Generating toolchain IDE Files: 814mS.
2023-12-27 15:52:10,113 [INFO] ProjectBuilder:2935 - Time for Copy CMSIS : 0mS.
2023-12-27 15:52:10,113 [INFO] ProjectBuilder:2935 - Time for Copy CMSIS : 0mS.
2023-12-27 17:43:16,430 [INFO] Gpio:273 - dependency for GPIO [SYS, USART1]
2023-12-27 17:43:16,491 [INFO] Gpio:273 - dependency for GPIO [SYS, USART1]
2023-12-27 17:43:18,294 [INFO] Gpio:273 - dependency for GPIO [SYS, USART1]
2023-12-27 17:43:18,339 [INFO] Gpio:273 - dependency for GPIO [SYS, USART1]
2023-12-27 17:43:19,921 [INFO] Gpio:273 - dependency for GPIO [SYS, USART1]
2023-12-27 17:43:23,593 [INFO] Gpio:273 - dependency for GPIO [SYS, USART1]
2023-12-27 17:44:26,024 [INFO] UtilMem:75 - End SaveConfig() Used Memory: 737484328 Bytes (1073741824)
2023-12-27 17:44:26,058 [INFO] UtilMem:75 - End SaveConfig() Used Memory: 750315984 Bytes (1073741824)
2023-12-27 17:44:27,052 [INFO] UtilMem:75 - End SaveConfig() Used Memory: 808548376 Bytes (1073741824)
2023-12-27 17:44:27,123 [INFO] BlockDiagram:2759 - set Specific Code input for plugin: NVIC
2023-12-27 17:44:27,123 [INFO] BlockDiagram:2759 - set Specific Code input for plugin: USART
2023-12-27 17:44:27,123 [INFO] BlockDiagram:2759 - set Specific Code input for plugin: SYS
2023-12-27 17:44:27,123 [INFO] BlockDiagram:2759 - set Specific Code input for plugin: GPIO
2023-12-27 17:44:27,123 [INFO] BlockDiagram:2759 - set Specific Code input for plugin: RCC
2023-12-27 17:44:27,124 [INFO] CodeGenerator:799 - code generatio: config db path: C:\ST\STM32CubeIDE_1.13.2\STM32CubeIDE\plugins\com.st.stm32cube.common.mx_6.9.2.202309101412\\db\
2023-12-27 17:44:27,188 [INFO] CodeEngine:255 - oldGeneratedFile, D:\embedded\first\MXTmpFiles\license.tmp_save
2023-12-27 17:44:27,228 [INFO] CodeEngine:279 - Generated code: D:\embedded\first\MXTmpFiles\license.tmp
2023-12-27 17:44:27,237 [INFO] CodeEngine:255 - oldGeneratedFile, D:\embedded\first\MXTmpFiles\gpio.tmp_save
2023-12-27 17:44:27,317 [INFO] CodeEngine:279 - Generated code: D:\embedded\first\MXTmpFiles\gpio.tmp
2023-12-27 17:44:27,338 [INFO] CodeEngine:255 - oldGeneratedFile, D:\embedded\first\Core\Src\stm32f1xx_it.c_save
2023-12-27 17:44:27,418 [INFO] CodeEngine:279 - Generated code: D:\embedded\first\Core\Src\stm32f1xx_it.c
2023-12-27 17:44:27,421 [INFO] CodeEngine:255 - oldGeneratedFile, D:\embedded\first\Core\Inc\stm32f1xx_it.h_save
2023-12-27 17:44:27,452 [INFO] CodeEngine:279 - Generated code: D:\embedded\first\Core\Inc\stm32f1xx_it.h
2023-12-27 17:44:27,457 [INFO] CodeEngine:255 - oldGeneratedFile, D:\embedded\first\Core\Src\stm32f1xx_hal_msp.c_save
2023-12-27 17:44:27,517 [INFO] CodeEngine:279 - Generated code: D:\embedded\first\Core\Src\stm32f1xx_hal_msp.c
2023-12-27 17:44:27,518 [INFO] CodeEngine:255 - oldGeneratedFile, D:\embedded\first\MXTmpFiles\system.tmp_save
2023-12-27 17:44:27,554 [INFO] CodeEngine:279 - Generated code: D:\embedded\first\MXTmpFiles\system.tmp
2023-12-27 17:44:27,559 [INFO] CodeEngine:311 - oldGeneratedFile, D:\embedded\first\Core\Inc\stm32f1xx_hal_conf.h_save
2023-12-27 17:44:27,598 [INFO] CodeEngine:335 - Generated code: D:\embedded\first\Core\Inc\stm32f1xx_hal_conf.h
2023-12-27 17:44:27,609 [INFO] CodeEngine:255 - oldGeneratedFile, D:\embedded\first\Core\Inc\main.h_save
2023-12-27 17:44:27,651 [INFO] CodeEngine:279 - Generated code: D:\embedded\first\Core\Inc\main.h
2023-12-27 17:44:27,657 [INFO] CodeEngine:255 - oldGeneratedFile, D:\embedded\first\Core\Src\main.c_save
2023-12-27 17:44:27,704 [INFO] CodeEngine:279 - Generated code: D:\embedded\first\Core\Src\main.c
2023-12-27 17:44:27,958 [INFO] ProjectBuilder:3064 - Time for Copy HAL[1] : 44mS.
2023-12-27 17:44:27,959 [INFO] ProjectBuilder:4404 - Project Generator version: 4.1.0
2023-12-27 17:44:28,052 [INFO] ConfigFileManager:1457 - The Die is : DIE410
2023-12-27 17:44:28,772 [INFO] ProjectBuilder:4626 - Time for Generating toolchain IDE Files: 813mS.
2023-12-27 17:44:28,773 [INFO] ProjectBuilder:2935 - Time for Copy CMSIS : 0mS.
2023-12-27 17:44:28,774 [INFO] ProjectBuilder:2935 - Time for Copy CMSIS : 0mS.
