2023-12-29 10:37:25,007 [INFO] Activator:176 - 


2023-12-29 10:37:25,012 [INFO] Activator:177 - !SESSION log4j initialized
2023-12-29 10:37:29,214 [INFO] LogOutputStream:77 - [STDOUT_REDIRECT] 
2023-12-29 10:37:30,354 [INFO] ApplicationProperties:184 - Using Application install path: C:\ST\STM32CubeIDE_1.13.2\STM32CubeIDE\plugins\com.st.stm32cube.common.mx_6.9.2.202309101412
2023-12-29 10:37:30,368 [INFO] DbMcusXml:78 - Set database path to: C:\ST\STM32CubeIDE_1.13.2\STM32CubeIDE\plugins\com.st.stm32cube.common.mx_6.9.2.202309101412\\db\/mcu/
2023-12-29 10:37:30,369 [INFO] ApiDb:274 - Set plugin database path to: C:\ST\STM32CubeIDE_1.13.2\STM32CubeIDE\plugins\com.st.stm32cube.common.mx_6.9.2.202309101412\\db\/plugins/boardmanager/
2023-12-29 10:37:30,369 [WARN] ApiDb:259 - Overriding images path with different value:  => C:\ST\STM32CubeIDE_1.13.2\STM32CubeIDE\plugins\com.st.stm32cube.common.mx_6.9.2.202309101412\\db\/plugins/mcufinder/images/
2023-12-29 10:37:30,378 [INFO] ApiDb:250 - Set database path to: C:\Users\user\.stmcufinder\plugins\mcufinder//mcu/
2023-12-29 10:37:30,378 [INFO] DbMcusAds:125 - Set database path to: C:\Users\user\.stmcufinder\plugins\mcufinder//mcu/
2023-12-29 10:37:30,380 [INFO] CrossReferenceDbSqlite:203 - Set database path to: C:\Users\user\.stmcufinder\plugins\mcufinder//mcu/cs/
2023-12-29 10:37:30,452 [INFO] RulesReader:64 - Compatibility file has been processed (293 Rules)
2023-12-29 10:37:30,508 [INFO] DbMcusXml:78 - Set database path to: C:\ST\STM32CubeIDE_1.13.2\STM32CubeIDE\plugins\com.st.stm32cube.common.mx_6.9.2.202309101412\\db\/mcu/
2023-12-29 10:37:30,508 [INFO] ApiDb:274 - Set plugin database path to: C:\ST\STM32CubeIDE_1.13.2\STM32CubeIDE\plugins\com.st.stm32cube.common.mx_6.9.2.202309101412\\db\/plugins/boardmanager/
2023-12-29 10:37:30,508 [INFO] ApiDb:261 - Set plugin images path to: C:\ST\STM32CubeIDE_1.13.2\STM32CubeIDE\plugins\com.st.stm32cube.common.mx_6.9.2.202309101412\\db\/plugins/mcufinder/images/
2023-12-29 10:37:30,508 [WARN] DbFile:41 - Overriding database path with different value: C:\Users\user\.stmcufinder\plugins\mcufinder/ => C:\Users\user\.stmcufinder\plugins\mcufinder
2023-12-29 10:37:30,508 [INFO] ApiDb:250 - Set database path to: C:\Users\user\.stmcufinder\plugins\mcufinder//mcu/
2023-12-29 10:37:30,508 [WARN] DbFile:41 - Overriding database path with different value: C:\Users\user\.stmcufinder\plugins\mcufinder/ => C:\Users\user\.stmcufinder\plugins\mcufinder
2023-12-29 10:37:30,508 [INFO] DbMcusAds:125 - Set database path to: C:\Users\user\.stmcufinder\plugins\mcufinder//mcu/
2023-12-29 10:37:30,508 [WARN] DbFile:41 - Overriding database path with different value: C:\Users\user\.stmcufinder\plugins\mcufinder/ => C:\Users\user\.stmcufinder\plugins\mcufinder
2023-12-29 10:37:30,508 [WARN] DbFile:41 - Overriding database path with different value: C:\Users\user\.stmcufinder\plugins\mcufinder/ => C:\Users\user\.stmcufinder\plugins\mcufinder
2023-12-29 10:37:30,508 [INFO] CrossReferenceDbSqlite:203 - Set database path to: C:\Users\user\.stmcufinder\plugins\mcufinder//mcu/cs/
2023-12-29 10:37:30,562 [INFO] MainPanel:262 - HeapMemory: 268435456
2023-12-29 10:37:30,636 [INFO] DbMcusXml:78 - Set database path to: C:\ST\STM32CubeIDE_1.13.2\STM32CubeIDE\plugins\com.st.stm32cube.common.mx_6.9.2.202309101412\\db\/mcu/
2023-12-29 10:37:30,636 [INFO] ApiDb:274 - Set plugin database path to: C:\ST\STM32CubeIDE_1.13.2\STM32CubeIDE\plugins\com.st.stm32cube.common.mx_6.9.2.202309101412\\db\/plugins/boardmanager/
2023-12-29 10:37:30,636 [INFO] ApiDb:261 - Set plugin images path to: C:\ST\STM32CubeIDE_1.13.2\STM32CubeIDE\plugins\com.st.stm32cube.common.mx_6.9.2.202309101412\\db\/plugins/mcufinder/images/
2023-12-29 10:37:30,636 [WARN] DbFile:41 - Overriding database path with different value: C:\Users\user\.stmcufinder\plugins\mcufinder/ => C:\Users\user\.stmcufinder\plugins\mcufinder
2023-12-29 10:37:30,636 [INFO] ApiDb:250 - Set database path to: C:\Users\user\.stmcufinder\plugins\mcufinder//mcu/
2023-12-29 10:37:30,636 [WARN] DbFile:41 - Overriding database path with different value: C:\Users\user\.stmcufinder\plugins\mcufinder/ => C:\Users\user\.stmcufinder\plugins\mcufinder
2023-12-29 10:37:30,637 [INFO] DbMcusAds:125 - Set database path to: C:\Users\user\.stmcufinder\plugins\mcufinder//mcu/
2023-12-29 10:37:30,637 [WARN] DbFile:41 - Overriding database path with different value: C:\Users\user\.stmcufinder\plugins\mcufinder/ => C:\Users\user\.stmcufinder\plugins\mcufinder
2023-12-29 10:37:30,637 [WARN] DbFile:41 - Overriding database path with different value: C:\Users\user\.stmcufinder\plugins\mcufinder/ => C:\Users\user\.stmcufinder\plugins\mcufinder
2023-12-29 10:37:30,637 [INFO] CrossReferenceDbSqlite:203 - Set database path to: C:\Users\user\.stmcufinder\plugins\mcufinder//mcu/cs/
2023-12-29 10:37:30,649 [INFO] ApplicationProperties:184 - Using Application install path: C:\ST\STM32CubeIDE_1.13.2\STM32CubeIDE\plugins\com.st.stm32cube.common.mx_6.9.2.202309101412
2023-12-29 10:37:30,650 [INFO] PluginManage:196 - Search for loadable plugins [exclusion list=, ]
2023-12-29 10:37:30,651 [INFO] PluginManage:310 - Check plugin analytics
2023-12-29 10:37:30,785 [INFO] AnalyticsPlugin:253 - Accepted Software Licenses: 
2023-12-29 10:37:30,786 [INFO] AnalyticsPlugin:255 - Accepted CMSIS Pack Licenses: 
2023-12-29 10:37:30,786 [INFO] AnalyticsPlugin:257 - Accepted Firmware Licenses: 
2023-12-29 10:37:30,787 [INFO] PluginManage:359 - Loaded plugin analytics (category:tool,tabindex:-1)
2023-12-29 10:37:30,788 [INFO] PluginManage:310 - Check plugin cadmodel
2023-12-29 10:37:30,812 [INFO] CADModel:105 - Init CAD model plugin
2023-12-29 10:37:30,812 [INFO] PluginManage:359 - Loaded plugin cadmodel (category:power,tabindex:5)
2023-12-29 10:37:30,812 [INFO] PluginManage:310 - Check plugin clock
2023-12-29 10:37:30,831 [INFO] PluginManage:359 - Loaded plugin clock (category:base,tabindex:2)
2023-12-29 10:37:30,832 [INFO] PluginManage:310 - Check plugin ddr
2023-12-29 10:37:30,834 [INFO] PluginManage:359 - Loaded plugin ddr (category:tool,tabindex:6)
2023-12-29 10:37:30,834 [INFO] PluginManage:310 - Check plugin filemanager
2023-12-29 10:37:30,968 [INFO] PluginManage:359 - Loaded plugin filemanager (category:base,tabindex:10)
2023-12-29 10:37:30,968 [INFO] PluginManage:310 - Check plugin ipmanager
2023-12-29 10:37:30,973 [INFO] PluginManage:359 - Loaded plugin ipmanager (category:base,tabindex:5)
2023-12-29 10:37:30,973 [INFO] PluginManage:310 - Check plugin lpbam
2023-12-29 10:37:31,002 [INFO] PluginManage:359 - Loaded plugin lpbam (category:base,tabindex:0)
2023-12-29 10:37:31,002 [INFO] PluginManage:310 - Check plugin memorymap
2023-12-29 10:37:31,030 [INFO] PluginManage:359 - Loaded plugin memorymap (category:base,tabindex:4)
2023-12-29 10:37:31,030 [INFO] PluginManage:310 - Check plugin pinoutandconfiguration
2023-12-29 10:37:31,041 [INFO] PluginManage:359 - Loaded plugin pinoutandconfiguration (category:base,tabindex:1)
2023-12-29 10:37:31,041 [INFO] PluginManage:310 - Check plugin pinoutconfig
2023-12-29 10:37:31,135 [WARN] SupportedApi:132 - Cannot load RTOS API schema: s4s-elt-must-match.1: The content of 'definitions' must match (annotation?, (simpleType | complexType)?, (unique | key | keyref)*)). A problem was found starting at: attribute.
2023-12-29 10:37:31,255 [INFO] PluginManage:359 - Loaded plugin pinoutconfig (category:base,tabindex:0)
2023-12-29 10:37:31,255 [INFO] PluginManage:310 - Check plugin power
2023-12-29 10:37:31,278 [INFO] PluginManage:359 - Loaded plugin power (category:power,tabindex:4)
2023-12-29 10:37:31,279 [INFO] PluginManage:310 - Check plugin projectmanager
2023-12-29 10:37:31,290 [INFO] PluginManage:359 - Loaded plugin projectmanager (category:projectmanager,tabindex:3)
2023-12-29 10:37:31,291 [INFO] PluginManage:310 - Check plugin thirdparty
2023-12-29 10:37:31,422 [INFO] PluginManage:359 - Loaded plugin thirdparty (category:base,tabindex:-1)
2023-12-29 10:37:31,422 [INFO] PluginManage:310 - Check plugin tools
2023-12-29 10:37:31,422 [WARN] IntegrityCheckThread:84 - waiting for thirdparty lock release [integrity check]
2023-12-29 10:37:31,422 [INFO] IntegrityCheckThread:86 - entering critical section [integrity check]
2023-12-29 10:37:31,422 [INFO] ThirdPartyUpdaterWithRetryManager:70 - Updater plugin not ready yet. [1/15]
2023-12-29 10:37:31,428 [INFO] PluginManage:359 - Loaded plugin tools (category:base,tabindex:7)
2023-12-29 10:37:31,428 [INFO] PluginManage:310 - Check plugin tutovideos
2023-12-29 10:37:31,563 [INFO] PluginManage:359 - Loaded plugin tutovideos (category:base,tabindex:-1)
2023-12-29 10:37:31,563 [INFO] PluginManage:310 - Check plugin updater
2023-12-29 10:37:31,573 [INFO] PluginManage:359 - Loaded plugin updater (category:base,tabindex:12)
2023-12-29 10:37:31,573 [INFO] PluginManage:310 - Check plugin userauth
2023-12-29 10:37:31,577 [INFO] UserAuth:113 - Init User Auth plugin
2023-12-29 10:37:31,578 [INFO] PluginManage:359 - Loaded plugin userauth (category:base,tabindex:14)
2023-12-29 10:37:31,578 [INFO] PluginManage:283 - PluginManage : Loaded plugins [17]
2023-12-29 10:37:31,724 [INFO] PinOutPanel:1499 - setPackage(No Configuration,No Configuration)
2023-12-29 10:37:31,801 [INFO] CADModel:165 - CPN selected for project level
2023-12-29 10:37:31,802 [INFO] CADModel:114 - Register for checkConnection events
2023-12-29 10:37:31,818 [INFO] IPUIPlugin:80 - create IPUIPlugin
2023-12-29 10:37:31,818 [INFO] PluginManager:220 - loadIPPluginJar : add adc
2023-12-29 10:37:31,822 [INFO] IPUIPlugin:80 - create IPUIPlugin
2023-12-29 10:37:31,823 [INFO] PluginManager:220 - loadIPPluginJar : add aes
2023-12-29 10:37:31,828 [INFO] IPUIPlugin:80 - create IPUIPlugin
2023-12-29 10:37:31,828 [INFO] PluginManager:220 - loadIPPluginJar : add can
2023-12-29 10:37:31,831 [INFO] IPUIPlugin:80 - create IPUIPlugin
2023-12-29 10:37:31,831 [INFO] PluginManager:220 - loadIPPluginJar : add comp
2023-12-29 10:37:31,835 [INFO] IPUIPlugin:80 - create IPUIPlugin
2023-12-29 10:37:31,835 [INFO] PluginManager:220 - loadIPPluginJar : add cryp
2023-12-29 10:37:31,839 [INFO] IPUIPlugin:80 - create IPUIPlugin
2023-12-29 10:37:31,839 [INFO] PluginManager:220 - loadIPPluginJar : add dfsdm
2023-12-29 10:37:31,845 [INFO] IPUIPlugin:80 - create IPUIPlugin
2023-12-29 10:37:31,845 [INFO] PluginManager:220 - loadIPPluginJar : add dma
2023-12-29 10:37:31,849 [INFO] IPUIPlugin:80 - create IPUIPlugin
2023-12-29 10:37:31,849 [INFO] PluginManager:220 - loadIPPluginJar : add dma3
2023-12-29 10:37:31,851 [INFO] IPUIPlugin:80 - create IPUIPlugin
2023-12-29 10:37:31,851 [INFO] PluginManager:220 - loadIPPluginJar : add fatfs
2023-12-29 10:37:31,858 [INFO] IPUIPlugin:80 - create IPUIPlugin
2023-12-29 10:37:31,858 [INFO] PluginManager:220 - loadIPPluginJar : add fmc
2023-12-29 10:37:31,871 [INFO] IPUIPlugin:80 - create IPUIPlugin
2023-12-29 10:37:31,871 [INFO] PluginManager:220 - loadIPPluginJar : add freertos
2023-12-29 10:37:31,874 [INFO] IPUIPlugin:80 - create IPUIPlugin
2023-12-29 10:37:31,874 [INFO] PluginManager:220 - loadIPPluginJar : add genericplugin
2023-12-29 10:37:31,878 [INFO] IPUIPlugin:80 - create IPUIPlugin
2023-12-29 10:37:31,878 [INFO] PluginManager:220 - loadIPPluginJar : add gfxmmu
2023-12-29 10:37:31,885 [INFO] IPUIPlugin:80 - create IPUIPlugin
2023-12-29 10:37:31,885 [INFO] PluginManager:220 - loadIPPluginJar : add gic
2023-12-29 10:37:31,892 [INFO] IPUIPlugin:80 - create IPUIPlugin
2023-12-29 10:37:31,892 [INFO] PluginManager:220 - loadIPPluginJar : add gpio
2023-12-29 10:37:31,897 [INFO] IPUIPlugin:80 - create IPUIPlugin
2023-12-29 10:37:31,897 [INFO] PluginManager:220 - loadIPPluginJar : add gtzc
2023-12-29 10:37:31,901 [INFO] IPUIPlugin:80 - create IPUIPlugin
2023-12-29 10:37:31,901 [INFO] PluginManager:220 - loadIPPluginJar : add hash
2023-12-29 10:37:31,906 [INFO] IPUIPlugin:80 - create IPUIPlugin
2023-12-29 10:37:31,906 [INFO] PluginManager:220 - loadIPPluginJar : add i2c
2023-12-29 10:37:31,911 [INFO] IPUIPlugin:80 - create IPUIPlugin
2023-12-29 10:37:31,911 [INFO] PluginManager:220 - loadIPPluginJar : add i2s
2023-12-29 10:37:31,916 [INFO] IPUIPlugin:80 - create IPUIPlugin
2023-12-29 10:37:31,916 [INFO] PluginManager:220 - loadIPPluginJar : add i3c
2023-12-29 10:37:31,923 [INFO] IPUIPlugin:80 - create IPUIPlugin
2023-12-29 10:37:31,923 [INFO] PluginManager:220 - loadIPPluginJar : add ipddr
2023-12-29 10:37:31,932 [INFO] IPUIPlugin:80 - create IPUIPlugin
2023-12-29 10:37:31,932 [INFO] PluginManager:220 - loadIPPluginJar : add linkedlist
2023-12-29 10:37:31,936 [INFO] IPUIPlugin:80 - create IPUIPlugin
2023-12-29 10:37:31,937 [INFO] PluginManager:220 - loadIPPluginJar : add lorawan
2023-12-29 10:37:31,940 [INFO] IPUIPlugin:80 - create IPUIPlugin
2023-12-29 10:37:31,940 [INFO] PluginManager:220 - loadIPPluginJar : add ltdc
2023-12-29 10:37:31,947 [INFO] IPUIPlugin:80 - create IPUIPlugin
2023-12-29 10:37:31,947 [INFO] PluginManager:220 - loadIPPluginJar : add mdma
2023-12-29 10:37:31,952 [INFO] IPUIPlugin:80 - create IPUIPlugin
2023-12-29 10:37:31,953 [INFO] PluginManager:220 - loadIPPluginJar : add nvic
2023-12-29 10:37:31,960 [INFO] IPUIPlugin:80 - create IPUIPlugin
2023-12-29 10:37:31,960 [INFO] PluginManager:220 - loadIPPluginJar : add opamp
2023-12-29 10:37:31,965 [INFO] IPUIPlugin:80 - create IPUIPlugin
2023-12-29 10:37:31,965 [INFO] PluginManager:220 - loadIPPluginJar : add openamp
2023-12-29 10:37:31,972 [INFO] IPUIPlugin:80 - create IPUIPlugin
2023-12-29 10:37:31,972 [INFO] PluginManager:220 - loadIPPluginJar : add pdm2pcm
2023-12-29 10:37:31,981 [INFO] IPUIPlugin:80 - create IPUIPlugin
2023-12-29 10:37:31,983 [INFO] PluginManager:220 - loadIPPluginJar : add plateformsettings
2023-12-29 10:37:31,986 [INFO] IPUIPlugin:80 - create IPUIPlugin
2023-12-29 10:37:31,986 [INFO] PluginManager:220 - loadIPPluginJar : add quadspi
2023-12-29 10:37:31,994 [INFO] IPUIPlugin:80 - create IPUIPlugin
2023-12-29 10:37:31,994 [INFO] PluginManager:220 - loadIPPluginJar : add resmgrutility
2023-12-29 10:37:32,001 [INFO] IPUIPlugin:80 - create IPUIPlugin
2023-12-29 10:37:32,001 [INFO] PluginManager:220 - loadIPPluginJar : add sai
2023-12-29 10:37:32,006 [INFO] IPUIPlugin:80 - create IPUIPlugin
2023-12-29 10:37:32,006 [INFO] PluginManager:220 - loadIPPluginJar : add spi
2023-12-29 10:37:32,017 [INFO] IPUIPlugin:80 - create IPUIPlugin
2023-12-29 10:37:32,017 [INFO] PluginManager:220 - loadIPPluginJar : add stm32_wpan
2023-12-29 10:37:32,021 [INFO] IPUIPlugin:80 - create IPUIPlugin
2023-12-29 10:37:32,021 [INFO] PluginManager:220 - loadIPPluginJar : add tim
2023-12-29 10:37:32,028 [INFO] IPUIPlugin:80 - create IPUIPlugin
2023-12-29 10:37:32,028 [INFO] PluginManager:220 - loadIPPluginJar : add touchsensing
2023-12-29 10:37:32,032 [INFO] IPUIPlugin:80 - create IPUIPlugin
2023-12-29 10:37:32,032 [INFO] PluginManager:220 - loadIPPluginJar : add tracer_emb
2023-12-29 10:37:32,037 [INFO] IPUIPlugin:80 - create IPUIPlugin
2023-12-29 10:37:32,037 [INFO] PluginManager:220 - loadIPPluginJar : add ts
2023-12-29 10:37:32,040 [INFO] IPUIPlugin:80 - create IPUIPlugin
2023-12-29 10:37:32,040 [INFO] PluginManager:220 - loadIPPluginJar : add tsc
2023-12-29 10:37:32,043 [INFO] IPUIPlugin:80 - create IPUIPlugin
2023-12-29 10:37:32,043 [INFO] PluginManager:220 - loadIPPluginJar : add ucpd
2023-12-29 10:37:32,048 [INFO] IPUIPlugin:80 - create IPUIPlugin
2023-12-29 10:37:32,049 [INFO] PluginManager:220 - loadIPPluginJar : add usart
2023-12-29 10:37:32,056 [INFO] IPUIPlugin:80 - create IPUIPlugin
2023-12-29 10:37:32,057 [INFO] PluginManager:220 - loadIPPluginJar : add usbx
2023-12-29 10:37:32,159 [INFO] CADModel:165 - CPN selected for project level
2023-12-29 10:37:32,159 [INFO] CADModel:114 - Register for checkConnection events
2023-12-29 10:37:32,159 [FATAL] Updater:308 - Updater called before beeing initialized
2023-12-29 10:37:32,159 [ERROR] CADModel:125 - Updater not yet initialized, retry later 
2023-12-29 10:37:32,213 [INFO] McuFinderGlobals:63 - Set McuFinder mode to 2 (CubeIDE integrated)
2023-12-29 10:37:32,264 [INFO] CADModel:165 - CPN selected for project level
2023-12-29 10:37:32,264 [INFO] CADModel:114 - Register for checkConnection events
2023-12-29 10:37:32,264 [FATAL] Updater:308 - Updater called before beeing initialized
2023-12-29 10:37:32,264 [ERROR] CADModel:125 - Updater not yet initialized, retry later 
2023-12-29 10:37:32,267 [FATAL] Updater:308 - Updater called before beeing initialized
2023-12-29 10:37:32,335 [FATAL] Updater:308 - Updater called before beeing initialized
2023-12-29 10:37:32,341 [INFO] DbMcusAds:53 - JSON generation date=Tue Mar 07 17:50:55 KST 2023 (1678179055335)
2023-12-29 10:37:32,341 [FATAL] Updater:308 - Updater called before beeing initialized
2023-12-29 10:37:32,365 [WARN] DetailPanel:346 - Failed to get advertising image, set to default
2023-12-29 10:37:32,426 [FATAL] Updater:308 - Updater called before beeing initialized
2023-12-29 10:37:32,428 [FATAL] Updater:308 - Updater called before beeing initialized
2023-12-29 10:37:32,428 [FATAL] Updater:308 - Updater called before beeing initialized
2023-12-29 10:37:32,428 [WARN] DetailPanel:346 - Failed to get advertising image, set to default
2023-12-29 10:37:32,429 [FATAL] Updater:308 - Updater called before beeing initialized
2023-12-29 10:37:32,467 [ERROR] Updater:1120 - MainUpdater not yet initialized. External WinMGr cannot be set.
2023-12-29 10:37:32,470 [INFO] Updater:1056 - Updater Version found : 6.9.2
2023-12-29 10:37:32,485 [INFO] ApplicationProperties:184 - Using Application install path: C:\ST\STM32CubeIDE_1.13.2\STM32CubeIDE\plugins\com.st.stm32cube.common.mx_6.9.2.202309101412
2023-12-29 10:37:32,708 [INFO] MainUpdater:2868 - connection check result : 10
2023-12-29 10:37:32,709 [INFO] MainUpdater:285 - Updater Check For Update Now.
2023-12-29 10:37:32,709 [INFO] MicroXplorer:498 - Change Database Version : DB.6.0.92
2023-12-29 10:37:32,721 [INFO] McuFinderGlobals:63 - Set McuFinder mode to 2 (CubeIDE integrated)
2023-12-29 10:37:32,871 [INFO] CheckServerUpdateThread:120 - End of CheckServer Thread
2023-12-29 10:37:32,926 [INFO] MainUpdater:2868 - connection check result : 10
2023-12-29 10:37:32,928 [INFO] MainUpdater:2868 - connection check result : 10
2023-12-29 10:37:32,967 [INFO] MicroXplorer:468 - Change Database Path : 
2023-12-29 10:37:32,967 [INFO] MicroXplorer:498 - Change Database Version : DB.6.0.92
2023-12-29 10:37:32,970 [WARN] ThirdParty:871 - waiting for thirdparty lock release [close project]
2023-12-29 10:37:34,515 [WARN] PackLoader:240 - Cannot read IP mode file for STMicroelectronics.X-CUBE-SMBUS.2.1.0
2023-12-29 10:37:34,520 [WARN] PackLoader:240 - Cannot read IP mode file for STMicroelectronics.X-CUBE-TOUCHGFX.4.23.0
2023-12-29 10:37:34,546 [WARN] PackLoader:240 - Cannot read IP mode file for STMicroelectronics.X-CUBE-AZRTOS-F7.1.1.0
2023-12-29 10:37:34,553 [WARN] PackLoader:240 - Cannot read IP mode file for STMicroelectronics.FP-SNS-MOTENV1.4.3.2
2023-12-29 10:37:34,559 [WARN] PackLoader:240 - Cannot read IP mode file for STMicroelectronics.FP-SNS-FLIGHT1.5.0.2
2023-12-29 10:37:34,566 [WARN] PackLoader:240 - Cannot read IP mode file for STMicroelectronics.X-CUBE-DISPLAY.3.0.0
2023-12-29 10:37:34,577 [WARN] PackLoader:240 - Cannot read IP mode file for STMicroelectronics.X-CUBE-BLE1.7.0.0
2023-12-29 10:37:34,581 [WARN] PackLoader:240 - Cannot read IP mode file for emotas.I-CUBE-CANOPEN.1.3.0
2023-12-29 10:37:34,584 [WARN] PackLoader:240 - Cannot read IP mode file for STMicroelectronics.X-CUBE-TOUCHGFX.4.22.1
2023-12-29 10:37:34,588 [WARN] PackLoader:240 - Cannot read IP mode file for STMicroelectronics.FP-SNS-SMARTAG2.1.2.0
2023-12-29 10:37:34,598 [INFO] LogOutputStream:77 - [STDOUT_REDIRECT] 1 : Invalid condition id : UX_CORESTACK_Condition cause : null
2023-12-29 10:37:34,599 [INFO] LogOutputStream:77 - [STDOUT_REDIRECT] 1 : Invalid condition id : UX_CORESTACK_Condition cause : null
2023-12-29 10:37:34,600 [INFO] LogOutputStream:77 - [STDOUT_REDIRECT] 1 : Invalid condition id : UX_CORESTACK_Condition cause : null
2023-12-29 10:37:34,600 [INFO] LogOutputStream:77 - [STDOUT_REDIRECT] 1 : Invalid condition id : UX_CORESTACK_Condition cause : null
2023-12-29 10:37:34,601 [INFO] LogOutputStream:77 - [STDOUT_REDIRECT] 1 : Invalid condition id : UX_CORESTACK_Condition cause : null
2023-12-29 10:37:34,604 [WARN] PackLoader:240 - Cannot read IP mode file for STMicroelectronics.X-CUBE-AZRTOS-WL.2.0.0
2023-12-29 10:37:34,612 [WARN] PackLoader:240 - Cannot read IP mode file for WES.I-CUBE-Cesium.1.3.0
2023-12-29 10:37:34,618 [WARN] PackLoader:240 - Cannot read IP mode file for STMicroelectronics.X-CUBE-BLE2.3.3.0
2023-12-29 10:37:34,627 [WARN] PackLoader:240 - Cannot read IP mode file for STMicroelectronics.X-CUBE-ALGOBUILD.1.3.0
2023-12-29 10:37:34,641 [WARN] PackLoader:240 - Cannot read IP mode file for STMicroelectronics.X-CUBE-AZRTOS-G0.1.1.0
2023-12-29 10:37:34,651 [WARN] PackLoader:240 - Cannot read IP mode file for STMicroelectronics.X-CUBE-NFC4.3.0.0
2023-12-29 10:37:34,659 [WARN] PackLoader:240 - Cannot read IP mode file for STMicroelectronics.X-CUBE-BLEMGR.3.0.0
2023-12-29 10:37:34,664 [WARN] PackLoader:240 - Cannot read IP mode file for STMicroelectronics.FP-ATR-SIGFOX1.3.2.0
2023-12-29 10:37:34,681 [WARN] PackLoader:240 - Cannot read IP mode file for SEGGER.I-CUBE-embOS.1.3.1
2023-12-29 10:37:34,715 [WARN] PackLoader:240 - Cannot read IP mode file for STMicroelectronics.X-CUBE-GNSS1.6.0.0
2023-12-29 10:37:34,725 [WARN] PackLoader:240 - Cannot read IP mode file for STMicroelectronics.X-CUBE-AZRTOS-F4.1.1.0
2023-12-29 10:37:34,731 [WARN] PackLoader:240 - Cannot read IP mode file for wolfSSL.I-CUBE-wolfSSL.5.6.4
2023-12-29 10:37:34,741 [WARN] PackLoader:240 - Cannot read IP mode file for STMicroelectronics.X-CUBE-AZRTOS-L5.2.0.0
2023-12-29 10:37:34,752 [WARN] PackLoader:240 - Cannot read IP mode file for STMicroelectronics.X-CUBE-EEPRMA1.4.2.0
2023-12-29 10:37:34,756 [WARN] PackLoader:240 - Cannot read IP mode file for ITTIA_DB.I-CUBE-ITTIADB.8.8.0
2023-12-29 10:37:34,767 [WARN] ConditionMgr:438 - getConditionDescription Invalid condition id : UX DEVICE CLASS RTOS Condition cause : null
2023-12-29 10:37:34,767 [WARN] ConditionMgr:438 - getConditionDescription Invalid condition id : UX DEVICE CLASS RTOS Condition cause : null
2023-12-29 10:37:34,769 [WARN] PackLoader:240 - Cannot read IP mode file for STMicroelectronics.X-CUBE-AZRTOS-H7.3.1.0
2023-12-29 10:37:34,770 [WARN] ConditionMgr:1039 - genDependencies : Invalid condition id : UX DEVICE CLASS RTOS Condition cause : null
2023-12-29 10:37:34,770 [WARN] ConditionMgr:1039 - genDependencies : Invalid condition id : UX DEVICE CLASS RTOS Condition cause : null
2023-12-29 10:37:34,770 [WARN] ConditionMgr:1039 - genDependencies : Invalid condition id : UX DEVICE CLASS RTOS Condition cause : null
2023-12-29 10:37:34,771 [WARN] ConditionMgr:1039 - genDependencies : Invalid condition id : UX DEVICE CLASS RTOS Condition cause : null
2023-12-29 10:37:34,771 [WARN] ConditionMgr:1039 - genDependencies : Invalid condition id : UX DEVICE CLASS RTOS Condition cause : null
2023-12-29 10:37:34,779 [WARN] PackLoader:240 - Cannot read IP mode file for STMicroelectronics.X-CUBE-NFC7.1.0.1
2023-12-29 10:37:34,791 [WARN] PackLoader:240 - Cannot read IP mode file for STMicroelectronics.X-CUBE-NFC6.3.0.0
2023-12-29 10:37:34,799 [WARN] PackLoader:240 - Cannot read IP mode file for STMicroelectronics.X-CUBE-AI.8.1.0
2023-12-29 10:37:34,810 [WARN] ConditionMgr:438 - getConditionDescription Invalid condition id : LAN8742 Phy interface Condition cause : null
2023-12-29 10:37:34,811 [WARN] PackLoader:240 - Cannot read IP mode file for STMicroelectronics.X-CUBE-AZRTOS-L4.2.0.0
2023-12-29 10:37:34,812 [WARN] ConditionMgr:1039 - genDependencies : Invalid condition id : LAN8742 Phy interface Condition cause : null
2023-12-29 10:37:34,812 [WARN] ConditionMgr:1039 - genDependencies : Invalid condition id : LAN8742 Phy interface Condition cause : null
2023-12-29 10:37:34,812 [WARN] ConditionMgr:1039 - genDependencies : Invalid condition id : LAN8742 Phy interface Condition cause : null
2023-12-29 10:37:34,821 [WARN] PackLoader:240 - Cannot read IP mode file for STMicroelectronics.X-CUBE-SFXS2LP1.4.0.0
2023-12-29 10:37:34,829 [WARN] PackLoader:240 - Cannot read IP mode file for STMicroelectronics.X-CUBE-ISPU.1.1.0
2023-12-29 10:37:34,839 [WARN] ConditionMgr:438 - getConditionDescription Invalid condition id : UX DEVICE CLASS RTOS Condition cause : null
2023-12-29 10:37:34,840 [WARN] ConditionMgr:438 - getConditionDescription Invalid condition id : UX DEVICE CLASS RTOS Condition cause : null
2023-12-29 10:37:34,841 [WARN] PackLoader:240 - Cannot read IP mode file for STMicroelectronics.X-CUBE-AZRTOS-WB.2.0.0
2023-12-29 10:37:34,841 [WARN] ConditionMgr:1039 - genDependencies : Invalid condition id : UX DEVICE CLASS RTOS Condition cause : null
2023-12-29 10:37:34,841 [WARN] ConditionMgr:1039 - genDependencies : Invalid condition id : UX DEVICE CLASS RTOS Condition cause : null
2023-12-29 10:37:34,841 [WARN] ConditionMgr:1039 - genDependencies : Invalid condition id : UX DEVICE CLASS RTOS Condition cause : null
2023-12-29 10:37:34,841 [WARN] ConditionMgr:1039 - genDependencies : Invalid condition id : UX DEVICE CLASS RTOS Condition cause : null
2023-12-29 10:37:34,841 [WARN] ConditionMgr:1039 - genDependencies : Invalid condition id : UX DEVICE CLASS RTOS Condition cause : null
2023-12-29 10:37:34,850 [WARN] PackLoader:240 - Cannot read IP mode file for STMicroelectronics.X-CUBE-SUBG2.5.0.0
2023-12-29 10:37:34,862 [WARN] PackLoader:240 - Cannot read IP mode file for STMicroelectronics.X-CUBE-TOF1.3.3.1
2023-12-29 10:37:34,883 [WARN] PackLoader:240 - Cannot read IP mode file for STMicroelectronics.X-CUBE-AZRTOS-G4.2.0.0
2023-12-29 10:37:34,893 [WARN] PackLoader:240 - Cannot read IP mode file for Infineon.AIROC-Wi-Fi-Bluetooth-STM32.1.5.1
2023-12-29 10:37:34,899 [WARN] PackLoader:240 - Cannot read IP mode file for STMicroelectronics.FP-SNS-MOTENVWB1.1.3.0
2023-12-29 10:37:34,904 [WARN] PackLoader:240 - Cannot read IP mode file for STMicroelectronics.FP-SNS-MOTENVWB1.1.3.1
2023-12-29 10:37:34,919 [WARN] PackLoader:240 - Cannot read IP mode file for STMicroelectronics.X-CUBE-ISPU.2.0.0
2023-12-29 10:37:34,976 [WARN] PackLoader:240 - Cannot read IP mode file for STMicroelectronics.X-CUBE-MEMS1.10.0.0
2023-12-29 10:37:35,033 [WARN] PackLoader:240 - Cannot read IP mode file for STMicroelectronics.X-CUBE-FREERTOS.1.1.0
2023-12-29 10:37:35,041 [WARN] PackLoader:240 - Cannot read IP mode file for portGmbH.I-Cube-SoM-uGOAL.1.1.0
2023-12-29 10:37:35,044 [WARN] PackLoader:240 - Cannot read IP mode file for STMicroelectronics.X-CUBE-ALS.1.0.1
2023-12-29 10:37:35,048 [WARN] PackLoader:240 - Cannot read IP mode file for STMicroelectronics.FP-ATR-ASTRA1.2.0.0
2023-12-29 10:37:35,056 [WARN] PackLoader:240 - Cannot read IP mode file for STMicroelectronics.X-CUBE-TOF1.3.4.0
2023-12-29 10:37:35,071 [WARN] PackLoader:240 - Cannot read IP mode file for STMicroelectronics.X-CUBE-AZRTOS-H7.3.2.0
2023-12-29 10:37:35,072 [INFO] ThirdParty:978 - Integrity check success = true
2023-12-29 10:37:35,073 [INFO] IntegrityCheckThread:100 - exiting critical section [integrity check]
2023-12-29 10:37:35,073 [INFO] IntegrityCheckThread:103 - End integrity checks thread
2023-12-29 10:37:35,073 [INFO] ThirdParty:873 - entering critical section [close project]
2023-12-29 10:37:35,073 [INFO] ThirdParty:883 - exiting critical section [close project]
2023-12-29 10:37:35,075 [INFO] PinOutPanel:1499 - setPackage(No Configuration,No Configuration)
2023-12-29 10:37:35,081 [INFO] UtilMem:75 - Begin LoadConfig() Used Memory: 127542008 Bytes (268435456)
2023-12-29 10:37:35,082 [INFO] MicroXplorer:468 - Change Database Path : 
2023-12-29 10:37:35,082 [INFO] MicroXplorer:498 - Change Database Version : DB.6.0.92
2023-12-29 10:37:35,082 [INFO] OpenFileManager:308 - Change cursor
2023-12-29 10:37:35,097 [INFO] Mcu:1946 - Initializing MCU STM32F103C(8-B)Tx STM32F103C8Tx STM32F103C8T6
2023-12-29 10:37:35,690 [INFO] Context:659 - Trying to add GPIOservice into a context  which must be forbidden
2023-12-29 10:37:35,848 [INFO] RtosManager:555 - Registered RTOS mode: class=CMSIS, group=RTOS, mode=CMSIS_V1, owner=FREERTOS
2023-12-29 10:37:35,848 [INFO] RtosManager:555 - Registered RTOS mode: class=CMSIS, group=RTOS2, mode=CMSIS_V2, owner=FREERTOS
2023-12-29 10:37:35,858 [INFO] RtosManager:555 - Registered RTOS mode: class=RTOS, group=Core, mode=CMSIS_V1, owner=FREERTOS
2023-12-29 10:37:35,858 [INFO] RtosManager:555 - Registered RTOS mode: class=RTOS, group=Core, mode=CMSIS_V2, owner=FREERTOS
2023-12-29 10:37:35,858 [WARN] ModelIntegratedComponent:184 - Missing modes for component STMicroelectronics:FreeRTOS:0.0.1:STMicroelectronics:RTOS:FreeRTOS:Core:::10.2.0:
2023-12-29 10:37:35,872 [WARN] ModelIntegratedComponent:63 - No mode defined for component null
2023-12-29 10:37:35,872 [WARN] ModelIntegratedComponent:63 - No mode defined for component null
2023-12-29 10:37:35,872 [WARN] ModelIntegratedComponent:63 - No mode defined for component null
2023-12-29 10:37:35,872 [WARN] ModelIntegratedComponent:63 - No mode defined for component null
2023-12-29 10:37:35,872 [WARN] ModelIntegratedComponent:63 - No mode defined for component null
2023-12-29 10:37:35,872 [WARN] ModelIntegratedComponent:63 - No mode defined for component null
2023-12-29 10:37:35,873 [WARN] ModelIntegratedComponent:63 - No mode defined for component null
2023-12-29 10:37:35,873 [WARN] ModelIntegratedComponent:63 - No mode defined for component null
2023-12-29 10:37:35,873 [WARN] ModelIntegratedComponent:63 - No mode defined for component null
2023-12-29 10:37:35,873 [WARN] ModelIntegratedComponent:63 - No mode defined for component null
2023-12-29 10:37:35,873 [WARN] ModelIntegratedComponent:63 - No mode defined for component null
2023-12-29 10:37:35,873 [WARN] ModelIntegratedComponent:63 - No mode defined for component null
2023-12-29 10:37:35,873 [WARN] ModelIntegratedComponent:63 - No mode defined for component null
2023-12-29 10:37:35,873 [WARN] ModelIntegratedComponent:63 - No mode defined for component null
2023-12-29 10:37:35,873 [WARN] ModelIntegratedComponent:63 - No mode defined for component null
2023-12-29 10:37:35,873 [WARN] ModelIntegratedComponent:63 - No mode defined for component null
2023-12-29 10:37:35,873 [WARN] ModelIntegratedComponent:63 - No mode defined for component null
2023-12-29 10:37:35,873 [WARN] ModelIntegratedComponent:63 - No mode defined for component null
2023-12-29 10:37:35,873 [WARN] ModelIntegratedComponent:63 - No mode defined for component null
2023-12-29 10:37:35,873 [WARN] ModelIntegratedComponent:63 - No mode defined for component null
2023-12-29 10:37:35,873 [WARN] ModelIntegratedComponent:63 - No mode defined for component null
2023-12-29 10:37:35,873 [WARN] ModelIntegratedComponent:63 - No mode defined for component null
2023-12-29 10:37:35,873 [WARN] ModelIntegratedComponent:63 - No mode defined for component null
2023-12-29 10:37:35,873 [WARN] ModelIntegratedComponent:63 - No mode defined for component null
2023-12-29 10:37:35,873 [WARN] ModelIntegratedComponent:63 - No mode defined for component null
2023-12-29 10:37:35,873 [WARN] ModelIntegratedComponent:63 - No mode defined for component null
2023-12-29 10:37:35,873 [WARN] ModelIntegratedComponent:63 - No mode defined for component null
2023-12-29 10:37:35,873 [WARN] ModelIntegratedComponent:63 - No mode defined for component null
2023-12-29 10:37:35,873 [WARN] ModelIntegratedComponent:63 - No mode defined for component null
2023-12-29 10:37:35,873 [WARN] ModelIntegratedComponent:63 - No mode defined for component null
2023-12-29 10:37:35,873 [WARN] ModelIntegratedComponent:63 - No mode defined for component null
2023-12-29 10:37:35,873 [WARN] ModelIntegratedComponent:63 - No mode defined for component null
2023-12-29 10:37:35,873 [WARN] ModelIntegratedComponent:63 - No mode defined for component null
2023-12-29 10:37:35,939 [INFO] ThirdPartyModel:298 - Start build external matchings
2023-12-29 10:37:36,132 [INFO] ThirdPartyModel:316 - End build external matchings
2023-12-29 10:37:36,283 [INFO] UtilMem:75 - End LoadConfig() Used Memory: 191904648 Bytes (351272960)
2023-12-29 10:37:36,353 [INFO] ApiDb:581 - Connected to CubeFinder SQLite database (C:\Users\user\.stmcufinder\plugins\mcufinder\mcu\cube-finder-db.db)
2023-12-29 10:37:36,389 [INFO] ApiDb:668 - CubeFinder database Data Model version=2.1
2023-12-29 10:37:36,389 [INFO] ApiDb:669 - CubeFinder database Configuration version=3.0.37
2023-12-29 10:37:36,389 [INFO] ApiDb:670 - CubeFinder database generation date=2023-10-13 (1697197505)
2023-12-29 10:37:36,389 [INFO] ApiDb:671 - CubeFinder database FW Pack versions=[FP-ATR-ASTRA1_V2.0.0, FP-SNS-FLIGHT1_V5.0.1, FP-SNS-FLIGHT1_V5.0.2, FP-SNS-MOTENV1_V4.3.1, FP-SNS-MOTENV1_V4.3.2, FP-SNS-SMARTAG2_V1.2.0, I-CUBE-ITTIADB_V8.6.3-1, STM32Cube_FW_C0_V1.1.0, STM32Cube_FW_F4_V1.27.1, STM32Cube_FW_F7_V1.17.0, STM32Cube_FW_G0_V1.6.1, STM32Cube_FW_G4_V1.5.1, STM32Cube_FW_H5_V0.5.1, STM32Cube_FW_H5_V1.1.1, STM32Cube_FW_H7_V1.11.0, STM32Cube_FW_L0_V1.12.2, STM32Cube_FW_L5_V1.5.0, STM32Cube_FW_U5_V1.3.0, STM32Cube_FW_U5_V1.3.0RC4, STM32Cube_FW_WBA_V1.0.0RC1, STM32Cube_FW_WBA_V1.1.0RC1, STM32Cube_FW_WBA_V1.1.1, STM32Cube_FW_WB_V1.15.0RC1, STM32Cube_FW_WB_V1.16.0, STM32Cube_FW_WB_V1.16.0RC2, STM32Cube_FW_WB_V1.17.3, STM32Cube_FW_WL_V1.3.0, X-CUBE-ALGOBUILD_V1.3.0, X-CUBE-ALS_V1.0.1, X-CUBE-AZRTOS-F4_V1.1.0, X-CUBE-AZRTOS-F7_V1.1.0, X-CUBE-AZRTOS-G0_V1.1.0, X-CUBE-AZRTOS-G4_V2.0.0, X-CUBE-AZRTOS-H7_V3.1.0, X-CUBE-AZRTOS-L4_V1.0.0, X-CUBE-AZRTOS-L4_V2.0.0, X-CUBE-AZRTOS-L5_V1.1.0, X-CUBE-AZRTOS-WB_V2.0.0, X-CUBE-AZRTOS-WL_V2.0.0, X-CUBE-BLE1_V7.0.0, X-CUBE-BLE2_V3.3.0, X-CUBE-BLEMGR_V2.0.0, X-CUBE-EEPRMA1_V4.1.0, X-CUBE-FREERTOS_V1.1.0, X-CUBE-GNSS1_V6.0.0, X-CUBE-MEMS1_V10.0.0, X-CUBE-MEMS1_V9.1.0, X-CUBE-MEMS1_V9.4.0, X-CUBE-MEMS1_V9.6.0, X-CUBE-NFC4_V3.0.0, X-CUBE-NFC7_V1.0.1, X-CUBE-SFXS2LP1_V4.0.0, X-CUBE-SUBG2_V5.0.0, X-CUBE-TOF1_V3.3.1]
2023-12-29 10:37:37,790 [INFO] ApiDb:240 - Found 323 in-development CPN: [B-G473E-ZEST1S, B-WB1M-WPAN1, B-WL5M-SUBG1, NUCLEO-C031C6, NUCLEO-H503RB, NUCLEO-H563ZI, NUCLEO-U545RE-Q, NUCLEO-U5A5ZJ-Q, NUCLEO-WBA52CG, STEVAL-PROTEUS1, STEVAL-SMARTAG2, STEVAL-STWINBX1, STM320518-EVAL, STM32C0116-DK, STM32C011D6Y3TR, STM32C011D6Y6TR, STM32C011F4P3, STM32C011F4P6, STM32C011F4U3, STM32C011F4U6TR, STM32C011F6P3, STM32C011F6P6, STM32C011F6U3, STM32C011F6U6TR, STM32C011J4M3, STM32C011J4M6, STM32C011J6M3, STM32C011J6M6, STM32C0316-DK, STM32C031C4T3, STM32C031C4T6, STM32C031C4U3, STM32C031C4U6, STM32C031C6T3, STM32C031C6T6, STM32C031C6U3, STM32C031C6U6, STM32C031F4P3, STM32C031F4P6, STM32C031F6P3, STM32C031F6P6, STM32C031G4U3, STM32C031G4U6, STM32C031G6U3, STM32C031G6U6, STM32C031K4T3, STM32C031K4T6, STM32C031K4U3, STM32C031K4U6, STM32C031K6T3, STM32C031K6T6, STM32C031K6U3, STM32C031K6U6, STM32G071K8TXN, STM32G071K8UXN, STM32G081GBU6N, STM32G081KBT6N, STM32G081KBUXN, STM32G0B1CCT6N, STM32G0B1KCT6, STM32G0B1NEY6TR, STM32G0B1RCT6N, STM32G0C1CCT6, STM32G0C1CCT6N, STM32G0C1CCU6N, STM32G0C1CET6N, STM32G0C1CEU6N, STM32G0C1KCT6, STM32G0C1NEY6TR, STM32G0C1RCI6N, STM32G0C1RCT6N, STM32G0C1REI6N, STM32G0C1RET6N, STM32G0C1VCI6, STM32G0C1VEI6, STM32G471CCT6, STM32G471CCU6, STM32G471CET3, STM32G471CET6, STM32G471CEU3, STM32G471CEU6, STM32G471MCT6, STM32G471MET3, STM32G471MET6, STM32G471MEY6TR, STM32G471QCT6, STM32G471QET3, STM32G471RCT6, STM32G471RET3, STM32G471RET6, STM32G471VCH6, STM32G471VCI6, STM32G471VCT6, STM32G471VEH3, STM32G471VEH6, STM32G471VEI3, STM32G471VEI6, STM32G471VET3, STM32G471VET6, STM32G474CCT6, STM32H503CBT6, STM32H503CBU6, STM32H503EBY6TR, STM32H503KBU6, STM32H503RBT6, STM32H562AGI6, STM32H562AII6, STM32H562IGK6, STM32H562IGT6, STM32H562IIK6, STM32H562IIT6, STM32H562RGT6, STM32H562RGV6, STM32H562RIT6, STM32H562RIV6, STM32H562VGT6, STM32H562VIT6, STM32H562ZGT6, STM32H562ZIT6, STM32H563AGI6, STM32H563AII3Q, STM32H563AII6, STM32H563IGK6, STM32H563IGT6, STM32H563IIK3Q, STM32H563IIK6, STM32H563IIT3Q, STM32H563IIT6, STM32H563MIY3QTR, STM32H563RGT6, STM32H563RGV6, STM32H563RIT6, STM32H563RIV6, STM32H563VGT6, STM32H563VIT3Q, STM32H563VIT6, STM32H563ZGT6, STM32H563ZIT3Q, STM32H563ZIT6, STM32H573AII3Q, STM32H573AII6, STM32H573I-DK, STM32H573IIK3Q, STM32H573IIK6, STM32H573IIT3Q, STM32H573IIT6, STM32H573MIY3QTR, STM32H573RIT6, STM32H573RIV6, STM32H573VIT3Q, STM32H573VIT6, STM32H573ZIT3Q, STM32H573ZIT6, STM32L4R5QGI6STR, STM32MP131AAE3, STM32MP131AAF3, STM32MP131AAG3, STM32MP131CAE3, STM32MP131CAF3, STM32MP131CAG3, STM32MP131DAE7, STM32MP131DAF7, STM32MP131DAG7, STM32MP131FAE7, STM32MP131FAF7, STM32MP131FAG7, STM32MP133AAE3, STM32MP133AAF3, STM32MP133AAG3, STM32MP133CAE3, STM32MP133CAF3, STM32MP133CAG3, STM32MP133DAE7, STM32MP133DAF7, STM32MP133DAG7, STM32MP133FAE7, STM32MP133FAF7, STM32MP133FAG7, STM32MP135AAE3, STM32MP135AAF3, STM32MP135AAG3, STM32MP135CAE3, STM32MP135CAF3, STM32MP135CAG3, STM32MP135DAE7, STM32MP135DAF7, STM32MP135DAG7, STM32MP135F-DK, STM32MP135FAE7, STM32MP135FAF7, STM32MP135FAF7T, STM32MP135FAF7U, STM32MP135FAG7, STM32U535CBT6, STM32U535CBT6Q, STM32U535CBU6, STM32U535CBU6Q, STM32U535CCT6, STM32U535CCT6Q, STM32U535CCU6, STM32U535CCU6Q, STM32U535CET6, STM32U535CET6Q, STM32U535CEU6, STM32U535CEU6Q, STM32U535JEY6QTR, STM32U535NCY6QTR, STM32U535NEY6QTR, STM32U535RBI6, STM32U535RBI6Q, STM32U535RBT6, STM32U535RBT6Q, STM32U535RCI6, STM32U535RCI6Q, STM32U535RCT6, STM32U535RCT6Q, STM32U535REI6, STM32U535REI6Q, STM32U535RET6, STM32U535RET6Q, STM32U535VCI6, STM32U535VCI6Q, STM32U535VCT6, STM32U535VCT6Q, STM32U535VEI6, STM32U535VEI6Q, STM32U535VET6, STM32U535VET6Q, STM32U545CET6, STM32U545CET6Q, STM32U545CEU6, STM32U545CEU6Q, STM32U545JEY6QTR, STM32U545NEY6QTR, STM32U545REI6, STM32U545REI6Q, STM32U545RET6, STM32U545RET6Q, STM32U545VEI6, STM32U545VEI6Q, STM32U545VET6, STM32U545VET6Q, STM32U595AIH6, STM32U595AIH6Q, STM32U595AJH6, STM32U595AJH6Q, STM32U595QII6, STM32U595QII6Q, STM32U595QJI6, STM32U595QJI6Q, STM32U595RIT6, STM32U595RIT6Q, STM32U595RJT6, STM32U595RJT6Q, STM32U595VIT6, STM32U595VIT6Q, STM32U595VJT6, STM32U595VJT6Q, STM32U595ZIT6, STM32U595ZIT6Q, STM32U595ZIY6QTR, STM32U595ZJT6, STM32U595ZJT6Q, STM32U595ZJY6QTR, STM32U599BJY6QTR, STM32U599NIH6Q, STM32U599NJH6Q, STM32U599VIT6Q, STM32U599VJT6, STM32U599VJT6Q, STM32U599ZIT6Q, STM32U599ZIY6QTR, STM32U599ZJT6Q, STM32U599ZJY6QTR, STM32U5A5AJH6, STM32U5A5AJH6Q, STM32U5A5QJI6, STM32U5A5QJI6Q, STM32U5A5RJT6, STM32U5A5RJT6Q, STM32U5A5VJT6, STM32U5A5VJT6Q, STM32U5A5ZJT6, STM32U5A5ZJT6Q, STM32U5A5ZJY6QTR, STM32U5A9BJY6QTR, STM32U5A9J-DK, STM32U5A9NJH6Q, STM32U5A9VJT6Q, STM32U5A9ZJT6Q, STM32U5A9ZJY6QTR, STM32U5F7VIT6, STM32U5F7VIT6Q, STM32U5F7VJT6, STM32U5F7VJT6Q, STM32U5F9BJY6QTR, STM32U5F9NJH6Q, STM32U5F9VIT6Q, STM32U5F9VJT6Q, STM32U5F9ZIJ6QTR, STM32U5F9ZIT6Q, STM32U5F9ZJJ6QTR, STM32U5F9ZJT6Q, STM32U5G7VJT6, STM32U5G7VJT6Q, STM32U5G9BJY6QTR, STM32U5G9J-DK1, STM32U5G9J-DK2, STM32U5G9NJH6Q, STM32U5G9VJT6Q, STM32U5G9ZJJ6QTR, STM32U5G9ZJT6Q, STM32WB1MMCH6, STM32WBA52CEU6, STM32WBA52CEU6T, STM32WBA52CGU6, STM32WBA52CGU6T, STM32WBA52KEU6, STM32WBA52KEU6T, STM32WBA52KGU6, STM32WBA52KGU6T, STM32WL5MOCH6, STM32WL5MOCH6TR]
2023-12-29 10:37:37,794 [INFO] DbMcus:217 - Found 3848 MCUs, 3848 are supported
2023-12-29 10:37:37,794 [INFO] ApiDb:423 - Load user favorites file C:\Users\user/.stm32cubeide/favorites.mcus.txt: 0 item(s)
2023-12-29 10:37:37,795 [INFO] ApiDb:427 - User favorites MCUs=[]
2023-12-29 10:37:37,795 [INFO] DbMcus:223 - Set 0 / 0 favorites MCUs
2023-12-29 10:37:37,988 [WARN] ThirdParty:833 - waiting for thirdparty lock release [change project]
2023-12-29 10:37:37,988 [INFO] ThirdParty:835 - entering critical section [change project]
2023-12-29 10:37:37,989 [INFO] ThirdParty:1030 - CMSIS Pack Vendor :STMicroelectronics X-CUBE-ISPU 1.1.0
2023-12-29 10:37:37,989 [INFO] ThirdParty:1030 - CMSIS Pack Vendor :STMicroelectronics USBPD 4.1
2023-12-29 10:37:37,989 [INFO] ThirdParty:1030 - CMSIS Pack Vendor :STMicroelectronics X-CUBE-GNSS1 6.0.0
2023-12-29 10:37:37,989 [INFO] ThirdParty:1030 - CMSIS Pack Vendor :STMicroelectronics USB_HOST 2.0.0
2023-12-29 10:37:37,989 [INFO] ThirdParty:1030 - CMSIS Pack Vendor :STMicroelectronics X-CUBE-AZRTOS-F4 1.1.0
2023-12-29 10:37:37,989 [INFO] ThirdParty:1030 - CMSIS Pack Vendor :STMicroelectronics LIBJPEG 8.0.0
2023-12-29 10:37:37,989 [INFO] ThirdParty:1030 - CMSIS Pack Vendor :wolfSSL I-CUBE-wolfSSL 5.6.4
2023-12-29 10:37:37,989 [INFO] ThirdParty:1030 - CMSIS Pack Vendor :STMicroelectronics X-CUBE-SMBUS 2.1.0
2023-12-29 10:37:37,989 [INFO] ThirdParty:1030 - CMSIS Pack Vendor :STMicroelectronics USB_DEVICE 3.0.0
2023-12-29 10:37:37,989 [INFO] ThirdParty:1030 - CMSIS Pack Vendor :STMicroelectronics X-CUBE-AZRTOS-WB 2.0.0
2023-12-29 10:37:37,989 [INFO] ThirdParty:1030 - CMSIS Pack Vendor :STMicroelectronics X-CUBE-TOUCHGFX 4.23.0
2023-12-29 10:37:37,989 [INFO] ThirdParty:1030 - CMSIS Pack Vendor :STMicroelectronics X-CUBE-AZRTOS-F7 1.1.0
2023-12-29 10:37:37,989 [INFO] ThirdParty:1030 - CMSIS Pack Vendor :STMicroelectronics X-CUBE-AZRTOS-L5 2.0.0
2023-12-29 10:37:37,989 [INFO] ThirdParty:1030 - CMSIS Pack Vendor :STMicroelectronics USB_DEVICE 2.0.0
2023-12-29 10:37:37,989 [INFO] ThirdParty:1030 - CMSIS Pack Vendor :STMicroelectronics X-CUBE-EEPRMA1 4.2.0
2023-12-29 10:37:37,989 [INFO] ThirdParty:1030 - CMSIS Pack Vendor :ITTIA_DB I-CUBE-ITTIADB 8.8.0
2023-12-29 10:37:37,989 [INFO] ThirdParty:1030 - CMSIS Pack Vendor :STMicroelectronics FP-SNS-MOTENV1 4.3.2
2023-12-29 10:37:37,989 [INFO] ThirdParty:1030 - CMSIS Pack Vendor :STMicroelectronics X-CUBE-ALGOBUILD 1.3.0
2023-12-29 10:37:37,989 [INFO] ThirdParty:1030 - CMSIS Pack Vendor :STMicroelectronics FreeRTOS 0.0.1
2023-12-29 10:37:37,989 [INFO] ThirdParty:1030 - CMSIS Pack Vendor :STMicroelectronics X-CUBE-AZRTOS-G0 1.1.0
2023-12-29 10:37:37,989 [INFO] ThirdParty:1030 - CMSIS Pack Vendor :STMicroelectronics X-CUBE-NFC4 3.0.0
2023-12-29 10:37:37,989 [INFO] ThirdParty:1030 - CMSIS Pack Vendor :STMicroelectronics X-CUBE-SUBG2 5.0.0
2023-12-29 10:37:37,989 [INFO] ThirdParty:1030 - CMSIS Pack Vendor :STMicroelectronics STM32_WPAN 1.0.0
2023-12-29 10:37:37,989 [INFO] ThirdParty:1030 - CMSIS Pack Vendor :STMicroelectronics lwIP 2.0.3
2023-12-29 10:37:37,990 [INFO] ThirdParty:1030 - CMSIS Pack Vendor :STMicroelectronics FP-SNS-FLIGHT1 5.0.2
2023-12-29 10:37:37,990 [INFO] ThirdParty:1030 - CMSIS Pack Vendor :STMicroelectronics USB_HOST 1.0.0
2023-12-29 10:37:37,990 [INFO] ThirdParty:1030 - CMSIS Pack Vendor :STMicroelectronics X-CUBE-TOF1 3.3.1
2023-12-29 10:37:37,990 [INFO] ThirdParty:1030 - CMSIS Pack Vendor :STMicroelectronics X-CUBE-AZRTOS-G4 2.0.0
2023-12-29 10:37:37,990 [INFO] ThirdParty:1030 - CMSIS Pack Vendor :STMicroelectronics PDM2PCM 3.1.0
2023-12-29 10:37:37,990 [INFO] ThirdParty:1030 - CMSIS Pack Vendor :STMicroelectronics X-CUBE-AZRTOS-H7 3.1.0
2023-12-29 10:37:37,990 [INFO] ThirdParty:1030 - CMSIS Pack Vendor :Infineon AIROC-Wi-Fi-Bluetooth-STM32 1.5.1
2023-12-29 10:37:37,990 [INFO] ThirdParty:1030 - CMSIS Pack Vendor :STMicroelectronics X-CUBE-BLEMGR 3.0.0
2023-12-29 10:37:37,990 [INFO] ThirdParty:1030 - CMSIS Pack Vendor :STMicroelectronics PDM2PCM 3.3.0
2023-12-29 10:37:37,990 [INFO] ThirdParty:1030 - CMSIS Pack Vendor :STMicroelectronics X-CUBE-DISPLAY 3.0.0
2023-12-29 10:37:37,990 [INFO] ThirdParty:1030 - CMSIS Pack Vendor :STMicroelectronics FP-SNS-MOTENVWB1 1.3.0
2023-12-29 10:37:37,990 [INFO] ThirdParty:1030 - CMSIS Pack Vendor :STMicroelectronics FP-SNS-MOTENVWB1 1.3.1
2023-12-29 10:37:37,990 [INFO] ThirdParty:1030 - CMSIS Pack Vendor :STMicroelectronics X-CUBE-BLE1 7.0.0
2023-12-29 10:37:37,990 [INFO] ThirdParty:1030 - CMSIS Pack Vendor :STMicroelectronics FP-ATR-SIGFOX1 3.2.0
2023-12-29 10:37:37,990 [INFO] ThirdParty:1030 - CMSIS Pack Vendor :STMicroelectronics X-CUBE-ISPU 2.0.0
2023-12-29 10:37:37,990 [INFO] ThirdParty:1030 - CMSIS Pack Vendor :STMicroelectronics HAL Drivers 0.0.0
2023-12-29 10:37:37,990 [INFO] ThirdParty:1030 - CMSIS Pack Vendor :STMicroelectronics MBEDTLS 2.16.2
2023-12-29 10:37:37,990 [INFO] ThirdParty:1030 - CMSIS Pack Vendor :emotas I-CUBE-CANOPEN 1.3.0
2023-12-29 10:37:37,990 [INFO] ThirdParty:1030 - CMSIS Pack Vendor :STMicroelectronics X-CUBE-MEMS1 10.0.0
2023-12-29 10:37:37,990 [INFO] ThirdParty:1030 - CMSIS Pack Vendor :STMicroelectronics X-CUBE-FREERTOS 1.1.0
2023-12-29 10:37:37,990 [INFO] ThirdParty:1030 - CMSIS Pack Vendor :STMicroelectronics X-CUBE-NFC7 1.0.1
2023-12-29 10:37:37,990 [INFO] ThirdParty:1030 - CMSIS Pack Vendor :STMicroelectronics MBEDTLS 2.14.1
2023-12-29 10:37:37,990 [INFO] ThirdParty:1030 - CMSIS Pack Vendor :STMicroelectronics X-CUBE-TOUCHGFX 4.22.1
2023-12-29 10:37:37,990 [INFO] ThirdParty:1030 - CMSIS Pack Vendor :STMicroelectronics X-CUBE-NFC6 3.0.0
2023-12-29 10:37:37,990 [INFO] ThirdParty:1030 - CMSIS Pack Vendor :portGmbH I-Cube-SoM-uGOAL 1.1.0
2023-12-29 10:37:37,990 [INFO] ThirdParty:1030 - CMSIS Pack Vendor :STMicroelectronics X-CUBE-ALS 1.0.1
2023-12-29 10:37:37,990 [INFO] ThirdParty:1030 - CMSIS Pack Vendor :STMicroelectronics ThreadX 1.0.0
2023-12-29 10:37:37,990 [INFO] ThirdParty:1030 - CMSIS Pack Vendor :STMicroelectronics FP-SNS-SMARTAG2 1.2.0
2023-12-29 10:37:37,990 [INFO] ThirdParty:1030 - CMSIS Pack Vendor :STMicroelectronics X-CUBE-AZRTOS-WL 2.0.0
2023-12-29 10:37:37,990 [INFO] ThirdParty:1030 - CMSIS Pack Vendor :SEGGER I-CUBE-embOS 1.3.1
2023-12-29 10:37:37,990 [INFO] ThirdParty:1030 - CMSIS Pack Vendor :STMicroelectronics USB_DEVICE 1.0.0
2023-12-29 10:37:37,990 [INFO] ThirdParty:1030 - CMSIS Pack Vendor :STMicroelectronics X-CUBE-AI 8.1.0
2023-12-29 10:37:37,990 [INFO] ThirdParty:1030 - CMSIS Pack Vendor :STMicroelectronics X-CUBE-AZRTOS-L4 2.0.0
2023-12-29 10:37:37,990 [INFO] ThirdParty:1030 - CMSIS Pack Vendor :STMicroelectronics ThreadX 0.0.2
2023-12-29 10:37:37,990 [INFO] ThirdParty:1030 - CMSIS Pack Vendor :WES I-CUBE-Cesium 1.3.0
2023-12-29 10:37:37,990 [INFO] ThirdParty:1030 - CMSIS Pack Vendor :STMicroelectronics FP-ATR-ASTRA1 2.0.0
2023-12-29 10:37:37,991 [INFO] ThirdParty:1030 - CMSIS Pack Vendor :STMicroelectronics lwIP 2.1.2
2023-12-29 10:37:37,991 [INFO] ThirdParty:1030 - CMSIS Pack Vendor :STMicroelectronics X-CUBE-SFXS2LP1 4.0.0
2023-12-29 10:37:37,991 [INFO] ThirdParty:1030 - CMSIS Pack Vendor :STMicroelectronics X-CUBE-BLE2 3.3.0
2023-12-29 10:37:37,991 [INFO] ThirdParty:1030 - CMSIS Pack Vendor :STMicroelectronics X-CUBE-TOF1 3.4.0
2023-12-29 10:37:37,991 [INFO] ThirdParty:1030 - CMSIS Pack Vendor :STMicroelectronics X-CUBE-AZRTOS-H7 3.2.0
2023-12-29 10:37:37,991 [INFO] ThirdParty:1030 - CMSIS Pack Vendor :STMicroelectronics PDM2PCM 3.2.0
2023-12-29 10:37:37,991 [INFO] ThirdParty:841 - exiting critical section [change project]
2023-12-29 10:37:38,196 [INFO] PinOutPanel:1499 - setPackage(No Configuration,No Configuration)
2023-12-29 10:37:38,198 [INFO] PinOutPanel:1499 - setPackage(STM32F103C8Tx,LQFP48)
2023-12-29 10:37:38,501 [INFO] UtilMem:75 - Before build in PCC Used Memory: 226997016 Bytes (351272960)
2023-12-29 10:37:39,151 [INFO] UtilMem:75 - After build in PCC Used Memory: 159877208 Bytes (351272960)
2023-12-29 10:37:39,165 [INFO] IPUIPlugin:80 - create IPUIPlugin
2023-12-29 10:37:39,165 [INFO] IPUIPlugin:80 - create IPUIPlugin
2023-12-29 10:37:39,165 [INFO] IPUIPlugin:80 - create IPUIPlugin
2023-12-29 10:37:39,165 [INFO] IPUIPlugin:80 - create IPUIPlugin
2023-12-29 10:37:39,165 [INFO] IPUIPlugin:80 - create IPUIPlugin
2023-12-29 10:37:39,165 [INFO] IPUIPlugin:80 - create IPUIPlugin
2023-12-29 10:37:39,165 [INFO] IPUIPlugin:80 - create IPUIPlugin
2023-12-29 10:37:39,165 [INFO] IPUIPlugin:80 - create IPUIPlugin
2023-12-29 10:37:39,166 [INFO] IPUIPlugin:80 - create IPUIPlugin
2023-12-29 10:37:39,166 [INFO] IPUIPlugin:80 - create IPUIPlugin
2023-12-29 10:37:39,166 [INFO] IPUIPlugin:80 - create IPUIPlugin
2023-12-29 10:37:39,166 [INFO] IPUIPlugin:80 - create IPUIPlugin
2023-12-29 10:37:39,166 [INFO] IPUIPlugin:80 - create IPUIPlugin
2023-12-29 10:37:39,166 [INFO] IPUIPlugin:80 - create IPUIPlugin
2023-12-29 10:37:39,166 [INFO] IPUIPlugin:80 - create IPUIPlugin
2023-12-29 10:37:39,166 [INFO] IPUIPlugin:80 - create IPUIPlugin
2023-12-29 10:37:39,166 [INFO] IPUIPlugin:80 - create IPUIPlugin
2023-12-29 10:37:39,166 [INFO] IPUIPlugin:80 - create IPUIPlugin
2023-12-29 10:37:39,166 [INFO] IPUIPlugin:80 - create IPUIPlugin
2023-12-29 10:37:39,166 [INFO] IPUIPlugin:80 - create IPUIPlugin
2023-12-29 10:37:39,166 [INFO] IPUIPlugin:80 - create IPUIPlugin
2023-12-29 10:37:39,166 [INFO] IPUIPlugin:80 - create IPUIPlugin
2023-12-29 10:37:39,167 [INFO] IPUIPlugin:80 - create IPUIPlugin
2023-12-29 10:37:39,167 [INFO] IPUIPlugin:80 - create IPUIPlugin
2023-12-29 10:37:39,167 [INFO] IPUIPlugin:80 - create IPUIPlugin
2023-12-29 10:37:39,167 [INFO] IPUIPlugin:80 - create IPUIPlugin
2023-12-29 10:37:39,167 [INFO] IPUIPlugin:80 - create IPUIPlugin
2023-12-29 10:37:39,326 [INFO] CADModel:165 - CPN selected for project levelSTM32F103C8T6
2023-12-29 10:37:39,326 [INFO] CADModel:114 - Register for checkConnection events
2023-12-29 10:37:39,376 [INFO] OpenFileManager:328 - Restore cursor
2023-12-29 10:37:53,467 [ERROR] LogOutputStream:75 - [STDERR_REDIRECT] SLF4J: Failed to load class "org.slf4j.impl.StaticLoggerBinder".
2023-12-29 10:37:53,468 [ERROR] LogOutputStream:75 - [STDERR_REDIRECT] SLF4J: Defaulting to no-operation (NOP) logger implementation
2023-12-29 10:37:53,469 [ERROR] LogOutputStream:75 - [STDERR_REDIRECT] SLF4J: See http://www.slf4j.org/codes.html#StaticLoggerBinder for further details.
2023-12-29 11:12:25,704 [INFO] Gpio:273 - dependency for GPIO [SYS, USART1]
2023-12-29 11:46:40,331 [INFO] Activator:176 - 


2023-12-29 11:46:40,333 [INFO] Activator:177 - !SESSION log4j initialized
2023-12-29 11:46:43,888 [INFO] LogOutputStream:77 - [STDOUT_REDIRECT] 
2023-12-29 11:46:44,531 [INFO] ApplicationProperties:184 - Using Application install path: C:\ST\STM32CubeIDE_1.13.2\STM32CubeIDE\plugins\com.st.stm32cube.common.mx_6.9.2.202309101412
2023-12-29 11:46:44,545 [INFO] DbMcusXml:78 - Set database path to: C:\ST\STM32CubeIDE_1.13.2\STM32CubeIDE\plugins\com.st.stm32cube.common.mx_6.9.2.202309101412\\db\/mcu/
2023-12-29 11:46:44,545 [INFO] ApiDb:274 - Set plugin database path to: C:\ST\STM32CubeIDE_1.13.2\STM32CubeIDE\plugins\com.st.stm32cube.common.mx_6.9.2.202309101412\\db\/plugins/boardmanager/
2023-12-29 11:46:44,546 [WARN] ApiDb:259 - Overriding images path with different value:  => C:\ST\STM32CubeIDE_1.13.2\STM32CubeIDE\plugins\com.st.stm32cube.common.mx_6.9.2.202309101412\\db\/plugins/mcufinder/images/
2023-12-29 11:46:44,554 [INFO] ApiDb:250 - Set database path to: C:\Users\user\.stmcufinder\plugins\mcufinder//mcu/
2023-12-29 11:46:44,555 [INFO] DbMcusAds:125 - Set database path to: C:\Users\user\.stmcufinder\plugins\mcufinder//mcu/
2023-12-29 11:46:44,557 [INFO] CrossReferenceDbSqlite:203 - Set database path to: C:\Users\user\.stmcufinder\plugins\mcufinder//mcu/cs/
2023-12-29 11:46:44,662 [INFO] RulesReader:64 - Compatibility file has been processed (293 Rules)
2023-12-29 11:46:44,723 [INFO] DbMcusXml:78 - Set database path to: C:\ST\STM32CubeIDE_1.13.2\STM32CubeIDE\plugins\com.st.stm32cube.common.mx_6.9.2.202309101412\\db\/mcu/
2023-12-29 11:46:44,724 [INFO] ApiDb:274 - Set plugin database path to: C:\ST\STM32CubeIDE_1.13.2\STM32CubeIDE\plugins\com.st.stm32cube.common.mx_6.9.2.202309101412\\db\/plugins/boardmanager/
2023-12-29 11:46:44,724 [INFO] ApiDb:261 - Set plugin images path to: C:\ST\STM32CubeIDE_1.13.2\STM32CubeIDE\plugins\com.st.stm32cube.common.mx_6.9.2.202309101412\\db\/plugins/mcufinder/images/
2023-12-29 11:46:44,724 [WARN] DbFile:41 - Overriding database path with different value: C:\Users\user\.stmcufinder\plugins\mcufinder/ => C:\Users\user\.stmcufinder\plugins\mcufinder
2023-12-29 11:46:44,724 [INFO] ApiDb:250 - Set database path to: C:\Users\user\.stmcufinder\plugins\mcufinder//mcu/
2023-12-29 11:46:44,724 [WARN] DbFile:41 - Overriding database path with different value: C:\Users\user\.stmcufinder\plugins\mcufinder/ => C:\Users\user\.stmcufinder\plugins\mcufinder
2023-12-29 11:46:44,724 [INFO] DbMcusAds:125 - Set database path to: C:\Users\user\.stmcufinder\plugins\mcufinder//mcu/
2023-12-29 11:46:44,724 [WARN] DbFile:41 - Overriding database path with different value: C:\Users\user\.stmcufinder\plugins\mcufinder/ => C:\Users\user\.stmcufinder\plugins\mcufinder
2023-12-29 11:46:44,724 [WARN] DbFile:41 - Overriding database path with different value: C:\Users\user\.stmcufinder\plugins\mcufinder/ => C:\Users\user\.stmcufinder\plugins\mcufinder
2023-12-29 11:46:44,725 [INFO] CrossReferenceDbSqlite:203 - Set database path to: C:\Users\user\.stmcufinder\plugins\mcufinder//mcu/cs/
2023-12-29 11:46:44,773 [INFO] MainPanel:262 - HeapMemory: 268435456
2023-12-29 11:46:44,821 [INFO] DbMcusXml:78 - Set database path to: C:\ST\STM32CubeIDE_1.13.2\STM32CubeIDE\plugins\com.st.stm32cube.common.mx_6.9.2.202309101412\\db\/mcu/
2023-12-29 11:46:44,822 [INFO] ApiDb:274 - Set plugin database path to: C:\ST\STM32CubeIDE_1.13.2\STM32CubeIDE\plugins\com.st.stm32cube.common.mx_6.9.2.202309101412\\db\/plugins/boardmanager/
2023-12-29 11:46:44,822 [INFO] ApiDb:261 - Set plugin images path to: C:\ST\STM32CubeIDE_1.13.2\STM32CubeIDE\plugins\com.st.stm32cube.common.mx_6.9.2.202309101412\\db\/plugins/mcufinder/images/
2023-12-29 11:46:44,822 [WARN] DbFile:41 - Overriding database path with different value: C:\Users\user\.stmcufinder\plugins\mcufinder/ => C:\Users\user\.stmcufinder\plugins\mcufinder
2023-12-29 11:46:44,822 [INFO] ApiDb:250 - Set database path to: C:\Users\user\.stmcufinder\plugins\mcufinder//mcu/
2023-12-29 11:46:44,822 [WARN] DbFile:41 - Overriding database path with different value: C:\Users\user\.stmcufinder\plugins\mcufinder/ => C:\Users\user\.stmcufinder\plugins\mcufinder
2023-12-29 11:46:44,822 [INFO] DbMcusAds:125 - Set database path to: C:\Users\user\.stmcufinder\plugins\mcufinder//mcu/
2023-12-29 11:46:44,822 [WARN] DbFile:41 - Overriding database path with different value: C:\Users\user\.stmcufinder\plugins\mcufinder/ => C:\Users\user\.stmcufinder\plugins\mcufinder
2023-12-29 11:46:44,822 [WARN] DbFile:41 - Overriding database path with different value: C:\Users\user\.stmcufinder\plugins\mcufinder/ => C:\Users\user\.stmcufinder\plugins\mcufinder
2023-12-29 11:46:44,822 [INFO] CrossReferenceDbSqlite:203 - Set database path to: C:\Users\user\.stmcufinder\plugins\mcufinder//mcu/cs/
2023-12-29 11:46:44,835 [INFO] ApplicationProperties:184 - Using Application install path: C:\ST\STM32CubeIDE_1.13.2\STM32CubeIDE\plugins\com.st.stm32cube.common.mx_6.9.2.202309101412
2023-12-29 11:46:44,837 [INFO] PluginManage:196 - Search for loadable plugins [exclusion list=, ]
2023-12-29 11:46:44,838 [INFO] PluginManage:310 - Check plugin analytics
2023-12-29 11:46:44,944 [INFO] AnalyticsPlugin:253 - Accepted Software Licenses: 
2023-12-29 11:46:44,944 [INFO] AnalyticsPlugin:255 - Accepted CMSIS Pack Licenses: 
2023-12-29 11:46:44,945 [INFO] AnalyticsPlugin:257 - Accepted Firmware Licenses: 
2023-12-29 11:46:44,947 [INFO] PluginManage:359 - Loaded plugin analytics (category:tool,tabindex:-1)
2023-12-29 11:46:44,947 [INFO] PluginManage:310 - Check plugin cadmodel
2023-12-29 11:46:44,950 [INFO] CADModel:105 - Init CAD model plugin
2023-12-29 11:46:44,950 [INFO] PluginManage:359 - Loaded plugin cadmodel (category:power,tabindex:5)
2023-12-29 11:46:44,950 [INFO] PluginManage:310 - Check plugin clock
2023-12-29 11:46:44,957 [INFO] PluginManage:359 - Loaded plugin clock (category:base,tabindex:2)
2023-12-29 11:46:44,957 [INFO] PluginManage:310 - Check plugin ddr
2023-12-29 11:46:44,958 [INFO] PluginManage:359 - Loaded plugin ddr (category:tool,tabindex:6)
2023-12-29 11:46:44,958 [INFO] PluginManage:310 - Check plugin filemanager
2023-12-29 11:46:45,060 [INFO] PluginManage:359 - Loaded plugin filemanager (category:base,tabindex:10)
2023-12-29 11:46:45,061 [INFO] PluginManage:310 - Check plugin ipmanager
2023-12-29 11:46:45,066 [INFO] PluginManage:359 - Loaded plugin ipmanager (category:base,tabindex:5)
2023-12-29 11:46:45,066 [INFO] PluginManage:310 - Check plugin lpbam
2023-12-29 11:46:45,073 [INFO] PluginManage:359 - Loaded plugin lpbam (category:base,tabindex:0)
2023-12-29 11:46:45,073 [INFO] PluginManage:310 - Check plugin memorymap
2023-12-29 11:46:45,085 [INFO] PluginManage:359 - Loaded plugin memorymap (category:base,tabindex:4)
2023-12-29 11:46:45,085 [INFO] PluginManage:310 - Check plugin pinoutandconfiguration
2023-12-29 11:46:45,092 [INFO] PluginManage:359 - Loaded plugin pinoutandconfiguration (category:base,tabindex:1)
2023-12-29 11:46:45,092 [INFO] PluginManage:310 - Check plugin pinoutconfig
2023-12-29 11:46:45,165 [WARN] SupportedApi:132 - Cannot load RTOS API schema: s4s-elt-must-match.1: The content of 'definitions' must match (annotation?, (simpleType | complexType)?, (unique | key | keyref)*)). A problem was found starting at: attribute.
2023-12-29 11:46:45,269 [INFO] PluginManage:359 - Loaded plugin pinoutconfig (category:base,tabindex:0)
2023-12-29 11:46:45,269 [INFO] PluginManage:310 - Check plugin power
2023-12-29 11:46:45,276 [INFO] PluginManage:359 - Loaded plugin power (category:power,tabindex:4)
2023-12-29 11:46:45,276 [INFO] PluginManage:310 - Check plugin projectmanager
2023-12-29 11:46:45,286 [INFO] PluginManage:359 - Loaded plugin projectmanager (category:projectmanager,tabindex:3)
2023-12-29 11:46:45,286 [INFO] PluginManage:310 - Check plugin thirdparty
2023-12-29 11:46:45,372 [INFO] PluginManage:359 - Loaded plugin thirdparty (category:base,tabindex:-1)
2023-12-29 11:46:45,372 [WARN] IntegrityCheckThread:84 - waiting for thirdparty lock release [integrity check]
2023-12-29 11:46:45,372 [INFO] PluginManage:310 - Check plugin tools
2023-12-29 11:46:45,372 [INFO] IntegrityCheckThread:86 - entering critical section [integrity check]
2023-12-29 11:46:45,373 [INFO] ThirdPartyUpdaterWithRetryManager:70 - Updater plugin not ready yet. [1/15]
2023-12-29 11:46:45,374 [INFO] PluginManage:359 - Loaded plugin tools (category:base,tabindex:7)
2023-12-29 11:46:45,374 [INFO] PluginManage:310 - Check plugin tutovideos
2023-12-29 11:46:45,487 [INFO] PluginManage:359 - Loaded plugin tutovideos (category:base,tabindex:-1)
2023-12-29 11:46:45,487 [INFO] PluginManage:310 - Check plugin updater
2023-12-29 11:46:45,496 [INFO] PluginManage:359 - Loaded plugin updater (category:base,tabindex:12)
2023-12-29 11:46:45,496 [INFO] PluginManage:310 - Check plugin userauth
2023-12-29 11:46:45,499 [INFO] UserAuth:113 - Init User Auth plugin
2023-12-29 11:46:45,500 [INFO] PluginManage:359 - Loaded plugin userauth (category:base,tabindex:14)
2023-12-29 11:46:45,500 [INFO] PluginManage:283 - PluginManage : Loaded plugins [17]
2023-12-29 11:46:45,633 [INFO] PinOutPanel:1499 - setPackage(No Configuration,No Configuration)
2023-12-29 11:46:45,703 [INFO] CADModel:165 - CPN selected for project level
2023-12-29 11:46:45,703 [INFO] CADModel:114 - Register for checkConnection events
2023-12-29 11:46:45,713 [INFO] IPUIPlugin:80 - create IPUIPlugin
2023-12-29 11:46:45,714 [INFO] PluginManager:220 - loadIPPluginJar : add adc
2023-12-29 11:46:45,715 [INFO] IPUIPlugin:80 - create IPUIPlugin
2023-12-29 11:46:45,715 [INFO] PluginManager:220 - loadIPPluginJar : add aes
2023-12-29 11:46:45,716 [INFO] IPUIPlugin:80 - create IPUIPlugin
2023-12-29 11:46:45,716 [INFO] PluginManager:220 - loadIPPluginJar : add can
2023-12-29 11:46:45,717 [INFO] IPUIPlugin:80 - create IPUIPlugin
2023-12-29 11:46:45,717 [INFO] PluginManager:220 - loadIPPluginJar : add comp
2023-12-29 11:46:45,718 [INFO] IPUIPlugin:80 - create IPUIPlugin
2023-12-29 11:46:45,719 [INFO] PluginManager:220 - loadIPPluginJar : add cryp
2023-12-29 11:46:45,720 [INFO] IPUIPlugin:80 - create IPUIPlugin
2023-12-29 11:46:45,720 [INFO] PluginManager:220 - loadIPPluginJar : add dfsdm
2023-12-29 11:46:45,723 [INFO] IPUIPlugin:80 - create IPUIPlugin
2023-12-29 11:46:45,724 [INFO] PluginManager:220 - loadIPPluginJar : add dma
2023-12-29 11:46:45,725 [INFO] IPUIPlugin:80 - create IPUIPlugin
2023-12-29 11:46:45,725 [INFO] PluginManager:220 - loadIPPluginJar : add dma3
2023-12-29 11:46:45,726 [INFO] IPUIPlugin:80 - create IPUIPlugin
2023-12-29 11:46:45,726 [INFO] PluginManager:220 - loadIPPluginJar : add fatfs
2023-12-29 11:46:45,728 [INFO] IPUIPlugin:80 - create IPUIPlugin
2023-12-29 11:46:45,728 [INFO] PluginManager:220 - loadIPPluginJar : add fmc
2023-12-29 11:46:45,731 [INFO] IPUIPlugin:80 - create IPUIPlugin
2023-12-29 11:46:45,731 [INFO] PluginManager:220 - loadIPPluginJar : add freertos
2023-12-29 11:46:45,733 [INFO] IPUIPlugin:80 - create IPUIPlugin
2023-12-29 11:46:45,733 [INFO] PluginManager:220 - loadIPPluginJar : add genericplugin
2023-12-29 11:46:45,734 [INFO] IPUIPlugin:80 - create IPUIPlugin
2023-12-29 11:46:45,734 [INFO] PluginManager:220 - loadIPPluginJar : add gfxmmu
2023-12-29 11:46:45,737 [INFO] IPUIPlugin:80 - create IPUIPlugin
2023-12-29 11:46:45,737 [INFO] PluginManager:220 - loadIPPluginJar : add gic
2023-12-29 11:46:45,739 [INFO] IPUIPlugin:80 - create IPUIPlugin
2023-12-29 11:46:45,739 [INFO] PluginManager:220 - loadIPPluginJar : add gpio
2023-12-29 11:46:45,741 [INFO] IPUIPlugin:80 - create IPUIPlugin
2023-12-29 11:46:45,741 [INFO] PluginManager:220 - loadIPPluginJar : add gtzc
2023-12-29 11:46:45,742 [INFO] IPUIPlugin:80 - create IPUIPlugin
2023-12-29 11:46:45,742 [INFO] PluginManager:220 - loadIPPluginJar : add hash
2023-12-29 11:46:45,743 [INFO] IPUIPlugin:80 - create IPUIPlugin
2023-12-29 11:46:45,743 [INFO] PluginManager:220 - loadIPPluginJar : add i2c
2023-12-29 11:46:45,745 [INFO] IPUIPlugin:80 - create IPUIPlugin
2023-12-29 11:46:45,745 [INFO] PluginManager:220 - loadIPPluginJar : add i2s
2023-12-29 11:46:45,746 [INFO] IPUIPlugin:80 - create IPUIPlugin
2023-12-29 11:46:45,746 [INFO] PluginManager:220 - loadIPPluginJar : add i3c
2023-12-29 11:46:45,748 [INFO] IPUIPlugin:80 - create IPUIPlugin
2023-12-29 11:46:45,748 [INFO] PluginManager:220 - loadIPPluginJar : add ipddr
2023-12-29 11:46:45,752 [INFO] IPUIPlugin:80 - create IPUIPlugin
2023-12-29 11:46:45,752 [INFO] PluginManager:220 - loadIPPluginJar : add linkedlist
2023-12-29 11:46:45,753 [INFO] IPUIPlugin:80 - create IPUIPlugin
2023-12-29 11:46:45,754 [INFO] PluginManager:220 - loadIPPluginJar : add lorawan
2023-12-29 11:46:45,754 [INFO] IPUIPlugin:80 - create IPUIPlugin
2023-12-29 11:46:45,755 [INFO] PluginManager:220 - loadIPPluginJar : add ltdc
2023-12-29 11:46:45,758 [INFO] IPUIPlugin:80 - create IPUIPlugin
2023-12-29 11:46:45,759 [INFO] PluginManager:220 - loadIPPluginJar : add mdma
2023-12-29 11:46:45,761 [INFO] IPUIPlugin:80 - create IPUIPlugin
2023-12-29 11:46:45,761 [INFO] PluginManager:220 - loadIPPluginJar : add nvic
2023-12-29 11:46:45,762 [INFO] IPUIPlugin:80 - create IPUIPlugin
2023-12-29 11:46:45,762 [INFO] PluginManager:220 - loadIPPluginJar : add opamp
2023-12-29 11:46:45,764 [INFO] IPUIPlugin:80 - create IPUIPlugin
2023-12-29 11:46:45,764 [INFO] PluginManager:220 - loadIPPluginJar : add openamp
2023-12-29 11:46:45,766 [INFO] IPUIPlugin:80 - create IPUIPlugin
2023-12-29 11:46:45,766 [INFO] PluginManager:220 - loadIPPluginJar : add pdm2pcm
2023-12-29 11:46:45,770 [INFO] IPUIPlugin:80 - create IPUIPlugin
2023-12-29 11:46:45,771 [INFO] PluginManager:220 - loadIPPluginJar : add plateformsettings
2023-12-29 11:46:45,772 [INFO] IPUIPlugin:80 - create IPUIPlugin
2023-12-29 11:46:45,772 [INFO] PluginManager:220 - loadIPPluginJar : add quadspi
2023-12-29 11:46:45,774 [INFO] IPUIPlugin:80 - create IPUIPlugin
2023-12-29 11:46:45,774 [INFO] PluginManager:220 - loadIPPluginJar : add resmgrutility
2023-12-29 11:46:45,776 [INFO] IPUIPlugin:80 - create IPUIPlugin
2023-12-29 11:46:45,777 [INFO] PluginManager:220 - loadIPPluginJar : add sai
2023-12-29 11:46:45,778 [INFO] IPUIPlugin:80 - create IPUIPlugin
2023-12-29 11:46:45,778 [INFO] PluginManager:220 - loadIPPluginJar : add spi
2023-12-29 11:46:45,781 [INFO] IPUIPlugin:80 - create IPUIPlugin
2023-12-29 11:46:45,781 [INFO] PluginManager:220 - loadIPPluginJar : add stm32_wpan
2023-12-29 11:46:45,783 [INFO] IPUIPlugin:80 - create IPUIPlugin
2023-12-29 11:46:45,783 [INFO] PluginManager:220 - loadIPPluginJar : add tim
2023-12-29 11:46:45,784 [INFO] IPUIPlugin:80 - create IPUIPlugin
2023-12-29 11:46:45,785 [INFO] PluginManager:220 - loadIPPluginJar : add touchsensing
2023-12-29 11:46:45,786 [INFO] IPUIPlugin:80 - create IPUIPlugin
2023-12-29 11:46:45,786 [INFO] PluginManager:220 - loadIPPluginJar : add tracer_emb
2023-12-29 11:46:45,787 [INFO] IPUIPlugin:80 - create IPUIPlugin
2023-12-29 11:46:45,787 [INFO] PluginManager:220 - loadIPPluginJar : add ts
2023-12-29 11:46:45,788 [INFO] IPUIPlugin:80 - create IPUIPlugin
2023-12-29 11:46:45,788 [INFO] PluginManager:220 - loadIPPluginJar : add tsc
2023-12-29 11:46:45,789 [INFO] IPUIPlugin:80 - create IPUIPlugin
2023-12-29 11:46:45,789 [INFO] PluginManager:220 - loadIPPluginJar : add ucpd
2023-12-29 11:46:45,791 [INFO] IPUIPlugin:80 - create IPUIPlugin
2023-12-29 11:46:45,791 [INFO] PluginManager:220 - loadIPPluginJar : add usart
2023-12-29 11:46:45,792 [INFO] IPUIPlugin:80 - create IPUIPlugin
2023-12-29 11:46:45,792 [INFO] PluginManager:220 - loadIPPluginJar : add usbx
2023-12-29 11:46:45,900 [INFO] CADModel:165 - CPN selected for project level
2023-12-29 11:46:45,900 [INFO] CADModel:114 - Register for checkConnection events
2023-12-29 11:46:45,901 [FATAL] Updater:308 - Updater called before beeing initialized
2023-12-29 11:46:45,901 [ERROR] CADModel:125 - Updater not yet initialized, retry later 
2023-12-29 11:46:45,976 [INFO] CADModel:165 - CPN selected for project level
2023-12-29 11:46:45,976 [INFO] CADModel:114 - Register for checkConnection events
2023-12-29 11:46:45,976 [FATAL] Updater:308 - Updater called before beeing initialized
2023-12-29 11:46:45,976 [ERROR] CADModel:125 - Updater not yet initialized, retry later 
2023-12-29 11:46:45,979 [FATAL] Updater:308 - Updater called before beeing initialized
2023-12-29 11:46:46,050 [FATAL] Updater:308 - Updater called before beeing initialized
2023-12-29 11:46:46,053 [INFO] DbMcusAds:53 - JSON generation date=Tue Mar 07 17:50:55 KST 2023 (1678179055335)
2023-12-29 11:46:46,053 [FATAL] Updater:308 - Updater called before beeing initialized
2023-12-29 11:46:46,073 [WARN] DetailPanel:346 - Failed to get advertising image, set to default
2023-12-29 11:46:46,132 [FATAL] Updater:308 - Updater called before beeing initialized
2023-12-29 11:46:46,133 [FATAL] Updater:308 - Updater called before beeing initialized
2023-12-29 11:46:46,133 [FATAL] Updater:308 - Updater called before beeing initialized
2023-12-29 11:46:46,133 [WARN] DetailPanel:346 - Failed to get advertising image, set to default
2023-12-29 11:46:46,134 [FATAL] Updater:308 - Updater called before beeing initialized
2023-12-29 11:46:46,162 [ERROR] Updater:1120 - MainUpdater not yet initialized. External WinMGr cannot be set.
2023-12-29 11:46:46,163 [INFO] Updater:1056 - Updater Version found : 6.9.2
2023-12-29 11:46:46,176 [INFO] ApplicationProperties:184 - Using Application install path: C:\ST\STM32CubeIDE_1.13.2\STM32CubeIDE\plugins\com.st.stm32cube.common.mx_6.9.2.202309101412
2023-12-29 11:46:46,355 [INFO] MainUpdater:2868 - connection check result : 10
2023-12-29 11:46:46,357 [INFO] MainUpdater:285 - Updater Check For Update Now.
2023-12-29 11:46:46,357 [INFO] MicroXplorer:498 - Change Database Version : DB.6.0.92
2023-12-29 11:46:46,371 [INFO] McuFinderGlobals:63 - Set McuFinder mode to 2 (CubeIDE integrated)
2023-12-29 11:46:46,508 [INFO] CheckServerUpdateThread:120 - End of CheckServer Thread
2023-12-29 11:46:48,473 [WARN] PackLoader:240 - Cannot read IP mode file for STMicroelectronics.X-CUBE-SMBUS.2.1.0
2023-12-29 11:46:48,478 [WARN] PackLoader:240 - Cannot read IP mode file for STMicroelectronics.X-CUBE-TOUCHGFX.4.23.0
2023-12-29 11:46:48,500 [WARN] PackLoader:240 - Cannot read IP mode file for STMicroelectronics.X-CUBE-AZRTOS-F7.1.1.0
2023-12-29 11:46:48,505 [WARN] PackLoader:240 - Cannot read IP mode file for STMicroelectronics.FP-SNS-MOTENV1.4.3.2
2023-12-29 11:46:48,509 [WARN] PackLoader:240 - Cannot read IP mode file for STMicroelectronics.FP-SNS-FLIGHT1.5.0.2
2023-12-29 11:46:48,515 [WARN] PackLoader:240 - Cannot read IP mode file for STMicroelectronics.X-CUBE-DISPLAY.3.0.0
2023-12-29 11:46:48,526 [WARN] PackLoader:240 - Cannot read IP mode file for STMicroelectronics.X-CUBE-BLE1.7.0.0
2023-12-29 11:46:48,531 [WARN] PackLoader:240 - Cannot read IP mode file for emotas.I-CUBE-CANOPEN.1.3.0
2023-12-29 11:46:48,533 [WARN] PackLoader:240 - Cannot read IP mode file for STMicroelectronics.X-CUBE-TOUCHGFX.4.22.1
2023-12-29 11:46:48,536 [WARN] PackLoader:240 - Cannot read IP mode file for STMicroelectronics.FP-SNS-SMARTAG2.1.2.0
2023-12-29 11:46:48,544 [INFO] LogOutputStream:77 - [STDOUT_REDIRECT] 1 : Invalid condition id : UX_CORESTACK_Condition cause : null
2023-12-29 11:46:48,544 [INFO] LogOutputStream:77 - [STDOUT_REDIRECT] 1 : Invalid condition id : UX_CORESTACK_Condition cause : null
2023-12-29 11:46:48,545 [INFO] LogOutputStream:77 - [STDOUT_REDIRECT] 1 : Invalid condition id : UX_CORESTACK_Condition cause : null
2023-12-29 11:46:48,546 [INFO] LogOutputStream:77 - [STDOUT_REDIRECT] 1 : Invalid condition id : UX_CORESTACK_Condition cause : null
2023-12-29 11:46:48,547 [INFO] LogOutputStream:77 - [STDOUT_REDIRECT] 1 : Invalid condition id : UX_CORESTACK_Condition cause : null
2023-12-29 11:46:48,549 [WARN] PackLoader:240 - Cannot read IP mode file for STMicroelectronics.X-CUBE-AZRTOS-WL.2.0.0
2023-12-29 11:46:48,556 [WARN] PackLoader:240 - Cannot read IP mode file for WES.I-CUBE-Cesium.1.3.0
2023-12-29 11:46:48,559 [WARN] PackLoader:240 - Cannot read IP mode file for STMicroelectronics.X-CUBE-BLE2.3.3.0
2023-12-29 11:46:48,563 [WARN] PackLoader:240 - Cannot read IP mode file for STMicroelectronics.X-CUBE-ALGOBUILD.1.3.0
2023-12-29 11:46:48,573 [WARN] PackLoader:240 - Cannot read IP mode file for STMicroelectronics.X-CUBE-AZRTOS-G0.1.1.0
2023-12-29 11:46:48,578 [WARN] PackLoader:240 - Cannot read IP mode file for STMicroelectronics.X-CUBE-NFC4.3.0.0
2023-12-29 11:46:48,584 [WARN] PackLoader:240 - Cannot read IP mode file for STMicroelectronics.X-CUBE-BLEMGR.3.0.0
2023-12-29 11:46:48,588 [WARN] PackLoader:240 - Cannot read IP mode file for STMicroelectronics.FP-ATR-SIGFOX1.3.2.0
2023-12-29 11:46:48,607 [WARN] PackLoader:240 - Cannot read IP mode file for SEGGER.I-CUBE-embOS.1.3.1
2023-12-29 11:46:48,635 [WARN] PackLoader:240 - Cannot read IP mode file for STMicroelectronics.X-CUBE-GNSS1.6.0.0
2023-12-29 11:46:48,645 [WARN] PackLoader:240 - Cannot read IP mode file for STMicroelectronics.X-CUBE-AZRTOS-F4.1.1.0
2023-12-29 11:46:48,650 [WARN] PackLoader:240 - Cannot read IP mode file for wolfSSL.I-CUBE-wolfSSL.5.6.4
2023-12-29 11:46:48,658 [WARN] PackLoader:240 - Cannot read IP mode file for STMicroelectronics.X-CUBE-AZRTOS-L5.2.0.0
2023-12-29 11:46:48,663 [WARN] PackLoader:240 - Cannot read IP mode file for STMicroelectronics.X-CUBE-EEPRMA1.4.2.0
2023-12-29 11:46:48,666 [WARN] PackLoader:240 - Cannot read IP mode file for ITTIA_DB.I-CUBE-ITTIADB.8.8.0
2023-12-29 11:46:48,674 [WARN] ConditionMgr:438 - getConditionDescription Invalid condition id : UX DEVICE CLASS RTOS Condition cause : null
2023-12-29 11:46:48,674 [WARN] ConditionMgr:438 - getConditionDescription Invalid condition id : UX DEVICE CLASS RTOS Condition cause : null
2023-12-29 11:46:48,676 [WARN] PackLoader:240 - Cannot read IP mode file for STMicroelectronics.X-CUBE-AZRTOS-H7.3.1.0
2023-12-29 11:46:48,676 [WARN] ConditionMgr:1039 - genDependencies : Invalid condition id : UX DEVICE CLASS RTOS Condition cause : null
2023-12-29 11:46:48,676 [WARN] ConditionMgr:1039 - genDependencies : Invalid condition id : UX DEVICE CLASS RTOS Condition cause : null
2023-12-29 11:46:48,677 [WARN] ConditionMgr:1039 - genDependencies : Invalid condition id : UX DEVICE CLASS RTOS Condition cause : null
2023-12-29 11:46:48,677 [WARN] ConditionMgr:1039 - genDependencies : Invalid condition id : UX DEVICE CLASS RTOS Condition cause : null
2023-12-29 11:46:48,677 [WARN] ConditionMgr:1039 - genDependencies : Invalid condition id : UX DEVICE CLASS RTOS Condition cause : null
2023-12-29 11:46:48,680 [WARN] PackLoader:240 - Cannot read IP mode file for STMicroelectronics.X-CUBE-NFC7.1.0.1
2023-12-29 11:46:48,684 [WARN] PackLoader:240 - Cannot read IP mode file for STMicroelectronics.X-CUBE-NFC6.3.0.0
2023-12-29 11:46:48,687 [WARN] PackLoader:240 - Cannot read IP mode file for STMicroelectronics.X-CUBE-AI.8.1.0
2023-12-29 11:46:48,695 [WARN] ConditionMgr:438 - getConditionDescription Invalid condition id : LAN8742 Phy interface Condition cause : null
2023-12-29 11:46:48,695 [WARN] PackLoader:240 - Cannot read IP mode file for STMicroelectronics.X-CUBE-AZRTOS-L4.2.0.0
2023-12-29 11:46:48,696 [WARN] ConditionMgr:1039 - genDependencies : Invalid condition id : LAN8742 Phy interface Condition cause : null
2023-12-29 11:46:48,696 [WARN] ConditionMgr:1039 - genDependencies : Invalid condition id : LAN8742 Phy interface Condition cause : null
2023-12-29 11:46:48,696 [WARN] ConditionMgr:1039 - genDependencies : Invalid condition id : LAN8742 Phy interface Condition cause : null
2023-12-29 11:46:48,700 [WARN] PackLoader:240 - Cannot read IP mode file for STMicroelectronics.X-CUBE-SFXS2LP1.4.0.0
2023-12-29 11:46:48,703 [WARN] PackLoader:240 - Cannot read IP mode file for STMicroelectronics.X-CUBE-ISPU.1.1.0
2023-12-29 11:46:48,709 [WARN] ConditionMgr:438 - getConditionDescription Invalid condition id : UX DEVICE CLASS RTOS Condition cause : null
2023-12-29 11:46:48,709 [WARN] ConditionMgr:438 - getConditionDescription Invalid condition id : UX DEVICE CLASS RTOS Condition cause : null
2023-12-29 11:46:48,710 [WARN] PackLoader:240 - Cannot read IP mode file for STMicroelectronics.X-CUBE-AZRTOS-WB.2.0.0
2023-12-29 11:46:48,710 [WARN] ConditionMgr:1039 - genDependencies : Invalid condition id : UX DEVICE CLASS RTOS Condition cause : null
2023-12-29 11:46:48,710 [WARN] ConditionMgr:1039 - genDependencies : Invalid condition id : UX DEVICE CLASS RTOS Condition cause : null
2023-12-29 11:46:48,711 [WARN] ConditionMgr:1039 - genDependencies : Invalid condition id : UX DEVICE CLASS RTOS Condition cause : null
2023-12-29 11:46:48,711 [WARN] ConditionMgr:1039 - genDependencies : Invalid condition id : UX DEVICE CLASS RTOS Condition cause : null
2023-12-29 11:46:48,711 [WARN] ConditionMgr:1039 - genDependencies : Invalid condition id : UX DEVICE CLASS RTOS Condition cause : null
2023-12-29 11:46:48,715 [WARN] PackLoader:240 - Cannot read IP mode file for STMicroelectronics.X-CUBE-SUBG2.5.0.0
2023-12-29 11:46:48,722 [WARN] PackLoader:240 - Cannot read IP mode file for STMicroelectronics.X-CUBE-TOF1.3.3.1
2023-12-29 11:46:48,732 [WARN] PackLoader:240 - Cannot read IP mode file for STMicroelectronics.X-CUBE-AZRTOS-G4.2.0.0
2023-12-29 11:46:48,738 [WARN] PackLoader:240 - Cannot read IP mode file for Infineon.AIROC-Wi-Fi-Bluetooth-STM32.1.5.1
2023-12-29 11:46:48,742 [WARN] PackLoader:240 - Cannot read IP mode file for STMicroelectronics.FP-SNS-MOTENVWB1.1.3.0
2023-12-29 11:46:48,744 [WARN] PackLoader:240 - Cannot read IP mode file for STMicroelectronics.FP-SNS-MOTENVWB1.1.3.1
2023-12-29 11:46:48,747 [WARN] PackLoader:240 - Cannot read IP mode file for STMicroelectronics.X-CUBE-ISPU.2.0.0
2023-12-29 11:46:48,772 [WARN] PackLoader:240 - Cannot read IP mode file for STMicroelectronics.X-CUBE-MEMS1.10.0.0
2023-12-29 11:46:48,831 [WARN] PackLoader:240 - Cannot read IP mode file for STMicroelectronics.X-CUBE-FREERTOS.1.1.0
2023-12-29 11:46:48,834 [WARN] PackLoader:240 - Cannot read IP mode file for portGmbH.I-Cube-SoM-uGOAL.1.1.0
2023-12-29 11:46:48,836 [WARN] PackLoader:240 - Cannot read IP mode file for STMicroelectronics.X-CUBE-ALS.1.0.1
2023-12-29 11:46:48,838 [WARN] PackLoader:240 - Cannot read IP mode file for STMicroelectronics.FP-ATR-ASTRA1.2.0.0
2023-12-29 11:46:48,842 [WARN] PackLoader:240 - Cannot read IP mode file for STMicroelectronics.X-CUBE-TOF1.3.4.0
2023-12-29 11:46:48,855 [WARN] PackLoader:240 - Cannot read IP mode file for STMicroelectronics.X-CUBE-AZRTOS-H7.3.2.0
2023-12-29 11:46:48,856 [INFO] ThirdParty:978 - Integrity check success = true
2023-12-29 11:46:48,857 [INFO] IntegrityCheckThread:100 - exiting critical section [integrity check]
2023-12-29 11:46:48,857 [INFO] IntegrityCheckThread:103 - End integrity checks thread
2023-12-29 11:47:07,076 [ERROR] LogOutputStream:75 - [STDERR_REDIRECT] SLF4J: Failed to load class "org.slf4j.impl.StaticLoggerBinder".
2023-12-29 11:47:07,076 [ERROR] LogOutputStream:75 - [STDERR_REDIRECT] SLF4J: Defaulting to no-operation (NOP) logger implementation
2023-12-29 11:47:07,077 [ERROR] LogOutputStream:75 - [STDERR_REDIRECT] SLF4J: See http://www.slf4j.org/codes.html#StaticLoggerBinder for further details.
